<?xml version="1.0" encoding="UTF-8"?>
<!-- Generated by org.testng.reporters.JUnitXMLReporter -->
<testsuite ignored="1" hostname="DESKTOP-AH0EAR4" failures="0" tests="2005" name="Erudex Login API  Tests" time="72.681" errors="0" timestamp="2023-07-04T23:42:13 EDT">
  <testcase classname="com.erudex.test.login.LoginTestRA" name="testNavToLoginPage" time="2.761"/>
  <testcase classname="com.erudex.test.login.LoginTestRA" name="testLogin" time="1.528"/>
  <testcase classname="com.erudex.test.login.LoginTestRA" name="testLogin" time="1.522"/>
  <testcase classname="com.erudex.test.login.LoginTestRA" name="testLogin" time="1.511"/>
  <testcase classname="com.erudex.test.login.LoginTestRA" name="testLogin" time="1.51"/>
  <testcase classname="com.erudex.test.login.LoginTestRA" name="testLogin" time="1.528"/>
  <testcase classname="com.erudex.test.login.LoginTestRA" name="testLogin" time="1.531"/>
  <testcase classname="com.erudex.test.login.LoginTestRA" name="testLogin" time="1.51"/>
  <testcase classname="com.erudex.test.login.LoginTestRA" name="testLogin" time="1.521"/>
  <testcase classname="com.erudex.test.login.LoginTestRA" name="testLogin" time="1.519"/>
  <testcase classname="com.erudex.test.login.LoginTestRA" name="testLogin" time="1.521"/>
  <testcase classname="com.erudex.test.login.LoginTestRA" name="testLogin" time="0.349"/>
  <testcase classname="com.erudex.test.login.LoginTestRA" name="testLogin" time="0.354"/>
  <testcase classname="com.erudex.test.login.LoginTestRA" name="testLogin" time="0.343"/>
  <testcase classname="com.erudex.test.login.LoginTestRA" name="testLogin" time="0.368"/>
  <testcase classname="com.erudex.test.login.LoginTestRA" name="testLogin" time="0.376"/>
  <testcase classname="com.erudex.test.login.LoginTestRA" name="testLogin" time="0.364"/>
  <testcase classname="com.erudex.test.login.LoginTestRA" name="testLogin" time="0.37"/>
  <testcase classname="com.erudex.test.login.LoginTestRA" name="testLogin" time="0.38"/>
  <testcase classname="com.erudex.test.login.LoginTestRA" name="testLogin" time="0.333"/>
  <testcase classname="com.erudex.test.login.LoginTestRA" name="testLogin" time="0.335"/>
  <testcase classname="com.erudex.test.login.LoginTestRA" name="testLogin" time="0.353"/>
  <testcase classname="com.erudex.test.login.LoginTestRA" name="testLogin" time="0.343"/>
  <testcase classname="com.erudex.test.login.LoginTestRA" name="testLogin" time="0.745"/>
  <testcase classname="com.erudex.test.login.LoginTestRA" name="testLogin" time="0.355"/>
  <testcase classname="com.erudex.test.login.LoginTestRA" name="testLogin" time="0.368"/>
  <testcase classname="com.erudex.test.login.LoginTestRA" name="testLogin" time="0.733"/>
  <testcase classname="com.erudex.test.login.LoginTestRA" name="testLogin" time="0.341"/>
  <testcase classname="com.erudex.test.login.LoginTestRA" name="testLogin" time="0.349"/>
  <testcase classname="com.erudex.test.login.LoginTestRA" name="testLogin" time="0.332"/>
  <testcase classname="com.erudex.test.login.LoginTestRA" name="testLogin" time="0.327"/>
  <testcase classname="com.erudex.test.login.LoginTestRA" name="testLogin" time="0.339"/>
  <testcase classname="com.erudex.test.login.LoginTestRA" name="testLogin" time="0.337"/>
  <testcase classname="com.erudex.test.login.LoginTestRA" name="testLogin" time="0.739"/>
  <testcase classname="com.erudex.test.login.LoginTestRA" name="testLogin" time="0.73"/>
  <testcase classname="com.erudex.test.login.LoginTestRA" name="testLogin" time="0.333"/>
  <testcase classname="com.erudex.test.login.LoginTestRA" name="testLogin" time="0.345"/>
  <testcase classname="com.erudex.test.login.LoginTestRA" name="testLogin" time="0.335"/>
  <testcase classname="com.erudex.test.login.LoginTestRA" name="testLogin" time="0.328"/>
  <testcase classname="com.erudex.test.login.LoginTestRA" name="testLogin" time="0.717"/>
  <testcase classname="com.erudex.test.login.LoginTestRA" name="testLogin" time="0.748"/>
  <testcase classname="com.erudex.test.login.LoginTestRA" name="testLogin" time="0.361"/>
  <testcase classname="com.erudex.test.login.LoginTestRA" name="testLogin" time="0.357"/>
  <testcase classname="com.erudex.test.login.LoginTestRA" name="testLogin" time="0.358"/>
  <testcase classname="com.erudex.test.login.LoginTestRA" name="testLogin" time="0.369"/>
  <testcase classname="com.erudex.test.login.LoginTestRA" name="testLogin" time="0.33"/>
  <testcase classname="com.erudex.test.login.LoginTestRA" name="testLogin" time="0.334"/>
  <testcase classname="com.erudex.test.login.LoginTestRA" name="testLogin" time="0.354"/>
  <testcase classname="com.erudex.test.login.LoginTestRA" name="testLogin" time="0.336"/>
  <testcase classname="com.erudex.test.login.LoginTestRA" name="testLogin" time="0.344"/>
  <testcase classname="com.erudex.test.login.LoginTestRA" name="testLogin" time="0.359"/>
  <testcase classname="com.erudex.test.login.LoginTestRA" name="testLogin" time="0.36"/>
  <testcase classname="com.erudex.test.login.LoginTestRA" name="testLogin" time="0.376"/>
  <testcase classname="com.erudex.test.login.LoginTestRA" name="testLogin" time="0.318"/>
  <testcase classname="com.erudex.test.login.LoginTestRA" name="testLogin" time="0.35"/>
  <testcase classname="com.erudex.test.login.LoginTestRA" name="testLogin" time="0.344"/>
  <testcase classname="com.erudex.test.login.LoginTestRA" name="testLogin" time="0.729"/>
  <testcase classname="com.erudex.test.login.LoginTestRA" name="testLogin" time="0.733"/>
  <testcase classname="com.erudex.test.login.LoginTestRA" name="testLogin" time="0.325"/>
  <testcase classname="com.erudex.test.login.LoginTestRA" name="testLogin" time="0.319"/>
  <testcase classname="com.erudex.test.login.LoginTestRA" name="testLogin" time="0.351"/>
  <testcase classname="com.erudex.test.login.LoginTestRA" name="testLogin" time="0.338"/>
  <testcase classname="com.erudex.test.login.LoginTestRA" name="testLogin" time="0.321"/>
  <testcase classname="com.erudex.test.login.LoginTestRA" name="testLogin" time="0.329"/>
  <testcase classname="com.erudex.test.login.LoginTestRA" name="testLogin" time="0.741"/>
  <testcase classname="com.erudex.test.login.LoginTestRA" name="testLogin" time="0.732"/>
  <testcase classname="com.erudex.test.login.LoginTestRA" name="testLogin" time="0.329"/>
  <testcase classname="com.erudex.test.login.LoginTestRA" name="testLogin" time="0.318"/>
  <testcase classname="com.erudex.test.login.LoginTestRA" name="testLogin" time="0.319"/>
  <testcase classname="com.erudex.test.login.LoginTestRA" name="testLogin" time="0.333"/>
  <testcase classname="com.erudex.test.login.LoginTestRA" name="testLogin" time="0.343"/>
  <testcase classname="com.erudex.test.login.LoginTestRA" name="testLogin" time="0.332"/>
  <testcase classname="com.erudex.test.login.LoginTestRA" name="testLogin" time="0.333"/>
  <testcase classname="com.erudex.test.login.LoginTestRA" name="testLogin" time="0.324"/>
  <testcase classname="com.erudex.test.login.LoginTestRA" name="testLogin" time="0.716"/>
  <testcase classname="com.erudex.test.login.LoginTestRA" name="testLogin" time="0.326"/>
  <testcase classname="com.erudex.test.login.LoginTestRA" name="testLogin" time="0.333"/>
  <testcase classname="com.erudex.test.login.LoginTestRA" name="testLogin" time="0.317"/>
  <testcase classname="com.erudex.test.login.LoginTestRA" name="testLogin" time="0.325"/>
  <testcase classname="com.erudex.test.login.LoginTestRA" name="testLogin" time="0.328"/>
  <testcase classname="com.erudex.test.login.LoginTestRA" name="testLogin" time="0.325"/>
  <testcase classname="com.erudex.test.login.LoginTestRA" name="testLogin" time="0.324"/>
  <testcase classname="com.erudex.test.login.LoginTestRA" name="testLogin" time="0.72"/>
  <testcase classname="com.erudex.test.login.LoginTestRA" name="testLogin" time="0.321"/>
  <testcase classname="com.erudex.test.login.LoginTestRA" name="testLogin" time="0.319"/>
  <testcase classname="com.erudex.test.login.LoginTestRA" name="testLogin" time="0.325"/>
  <testcase classname="com.erudex.test.login.LoginTestRA" name="testLogin" time="0.328"/>
  <testcase classname="com.erudex.test.login.LoginTestRA" name="testLogin" time="0.317"/>
  <testcase classname="com.erudex.test.login.LoginTestRA" name="testLogin" time="0.336"/>
  <testcase classname="com.erudex.test.login.LoginTestRA" name="testLogin" time="0.326"/>
  <testcase classname="com.erudex.test.login.LoginTestRA" name="testLogin" time="0.345"/>
  <testcase classname="com.erudex.test.login.LoginTestRA" name="testLogin" time="0.318"/>
  <testcase classname="com.erudex.test.login.LoginTestRA" name="testLogin" time="0.332"/>
  <testcase classname="com.erudex.test.login.LoginTestRA" name="testLogin" time="0.323"/>
  <testcase classname="com.erudex.test.login.LoginTestRA" name="testLogin" time="0.323"/>
  <testcase classname="com.erudex.test.login.LoginTestRA" name="testLogin" time="0.32"/>
  <testcase classname="com.erudex.test.login.LoginTestRA" name="testLogin" time="0.333"/>
  <testcase classname="com.erudex.test.login.LoginTestRA" name="testLogin" time="0.333"/>
  <testcase classname="com.erudex.test.login.LoginTestRA" name="testLogin" time="0.323"/>
  <testcase classname="com.erudex.test.login.LoginTestRA" name="testLogin" time="0.361"/>
  <testcase classname="com.erudex.test.login.LoginTestRA" name="testLogin" time="0.338"/>
  <testcase classname="com.erudex.test.login.LoginTestRA" name="testLogin" time="0.327"/>
  <testcase classname="com.erudex.test.login.LoginTestRA" name="testLogin" time="0.366"/>
  <testcase classname="com.erudex.test.login.LoginTestRA" name="testLogin" time="0.335"/>
  <testcase classname="com.erudex.test.login.LoginTestRA" name="testLogin" time="0.328"/>
  <testcase classname="com.erudex.test.login.LoginTestRA" name="testLogin" time="0.334"/>
  <testcase classname="com.erudex.test.login.LoginTestRA" name="testLogin" time="0.339"/>
  <testcase classname="com.erudex.test.login.LoginTestRA" name="testLogin" time="0.329"/>
  <testcase classname="com.erudex.test.login.LoginTestRA" name="testLogin" time="0.329"/>
  <testcase classname="com.erudex.test.login.LoginTestRA" name="testLogin" time="0.334"/>
  <testcase classname="com.erudex.test.login.LoginTestRA" name="testLogin" time="0.715"/>
  <testcase classname="com.erudex.test.login.LoginTestRA" name="testLogin" time="0.329"/>
  <testcase classname="com.erudex.test.login.LoginTestRA" name="testLogin" time="0.318"/>
  <testcase classname="com.erudex.test.login.LoginTestRA" name="testLogin" time="0.341"/>
  <testcase classname="com.erudex.test.login.LoginTestRA" name="testLogin" time="0.322"/>
  <testcase classname="com.erudex.test.login.LoginTestRA" name="testLogin" time="0.33"/>
  <testcase classname="com.erudex.test.login.LoginTestRA" name="testLogin" time="0.319"/>
  <testcase classname="com.erudex.test.login.LoginTestRA" name="testLogin" time="0.324"/>
  <testcase classname="com.erudex.test.login.LoginTestRA" name="testLogin" time="0.332"/>
  <testcase classname="com.erudex.test.login.LoginTestRA" name="testLogin" time="0.321"/>
  <testcase classname="com.erudex.test.login.LoginTestRA" name="testLogin" time="0.328"/>
  <testcase classname="com.erudex.test.login.LoginTestRA" name="testLogin" time="0.317"/>
  <testcase classname="com.erudex.test.login.LoginTestRA" name="testLogin" time="0.317"/>
  <testcase classname="com.erudex.test.login.LoginTestRA" name="testLogin" time="0.323"/>
  <testcase classname="com.erudex.test.login.LoginTestRA" name="testLogin" time="0.317"/>
  <testcase classname="com.erudex.test.login.LoginTestRA" name="testLogin" time="0.694"/>
  <testcase classname="com.erudex.test.login.LoginTestRA" name="testLogin" time="0.32"/>
  <testcase classname="com.erudex.test.login.LoginTestRA" name="testLogin" time="0.327"/>
  <testcase classname="com.erudex.test.login.LoginTestRA" name="testLogin" time="0.333"/>
  <testcase classname="com.erudex.test.login.LoginTestRA" name="testLogin" time="0.319"/>
  <testcase classname="com.erudex.test.login.LoginTestRA" name="testLogin" time="0.325"/>
  <testcase classname="com.erudex.test.login.LoginTestRA" name="testLogin" time="0.327"/>
  <testcase classname="com.erudex.test.login.LoginTestRA" name="testLogin" time="0.328"/>
  <testcase classname="com.erudex.test.login.LoginTestRA" name="testLogin" time="0.332"/>
  <testcase classname="com.erudex.test.login.LoginTestRA" name="testLogin" time="0.326"/>
  <testcase classname="com.erudex.test.login.LoginTestRA" name="testLogin" time="0.35"/>
  <testcase classname="com.erudex.test.login.LoginTestRA" name="testLogin" time="0.345"/>
  <testcase classname="com.erudex.test.login.LoginTestRA" name="testLogin" time="0.339"/>
  <testcase classname="com.erudex.test.login.LoginTestRA" name="testLogin" time="0.328"/>
  <testcase classname="com.erudex.test.login.LoginTestRA" name="testLogin" time="0.346"/>
  <testcase classname="com.erudex.test.login.LoginTestRA" name="testLogin" time="0.32"/>
  <testcase classname="com.erudex.test.login.LoginTestRA" name="testLogin" time="0.322"/>
  <testcase classname="com.erudex.test.login.LoginTestRA" name="testLogin" time="0.327"/>
  <testcase classname="com.erudex.test.login.LoginTestRA" name="testLogin" time="0.318"/>
  <testcase classname="com.erudex.test.login.LoginTestRA" name="testLogin" time="0.319"/>
  <testcase classname="com.erudex.test.login.LoginTestRA" name="testLogin" time="0.319"/>
  <testcase classname="com.erudex.test.login.LoginTestRA" name="testLogin" time="0.32"/>
  <testcase classname="com.erudex.test.login.LoginTestRA" name="testLogin" time="0.314"/>
  <testcase classname="com.erudex.test.login.LoginTestRA" name="testLogin" time="0.331"/>
  <testcase classname="com.erudex.test.login.LoginTestRA" name="testLogin" time="0.319"/>
  <testcase classname="com.erudex.test.login.LoginTestRA" name="testLogin" time="0.327"/>
  <testcase classname="com.erudex.test.login.LoginTestRA" name="testLogin" time="0.318"/>
  <testcase classname="com.erudex.test.login.LoginTestRA" name="testLogin" time="0.324"/>
  <testcase classname="com.erudex.test.login.LoginTestRA" name="testLogin" time="0.319"/>
  <testcase classname="com.erudex.test.login.LoginTestRA" name="testLogin" time="0.316"/>
  <testcase classname="com.erudex.test.login.LoginTestRA" name="testLogin" time="0.322"/>
  <testcase classname="com.erudex.test.login.LoginTestRA" name="testLogin" time="0.316"/>
  <testcase classname="com.erudex.test.login.LoginTestRA" name="testLogin" time="0.341"/>
  <testcase classname="com.erudex.test.login.LoginTestRA" name="testLogin" time="0.326"/>
  <testcase classname="com.erudex.test.login.LoginTestRA" name="testLogin" time="0.317"/>
  <testcase classname="com.erudex.test.login.LoginTestRA" name="testLogin" time="0.324"/>
  <testcase classname="com.erudex.test.login.LoginTestRA" name="testLogin" time="0.321"/>
  <testcase classname="com.erudex.test.login.LoginTestRA" name="testLogin" time="0.311"/>
  <testcase classname="com.erudex.test.login.LoginTestRA" name="testLogin" time="0.324"/>
  <testcase classname="com.erudex.test.login.LoginTestRA" name="testLogin" time="0.32"/>
  <testcase classname="com.erudex.test.login.LoginTestRA" name="testLogin" time="0.327"/>
  <testcase classname="com.erudex.test.login.LoginTestRA" name="testLogin" time="0.319"/>
  <testcase classname="com.erudex.test.login.LoginTestRA" name="testLogin" time="0.32"/>
  <testcase classname="com.erudex.test.login.LoginTestRA" name="testLogin" time="0.329"/>
  <testcase classname="com.erudex.test.login.LoginTestRA" name="testLogin" time="0.336"/>
  <testcase classname="com.erudex.test.login.LoginTestRA" name="testLogin" time="0.324"/>
  <testcase classname="com.erudex.test.login.LoginTestRA" name="testLogin" time="0.342"/>
  <testcase classname="com.erudex.test.login.LoginTestRA" name="testLogin" time="0.331"/>
  <testcase classname="com.erudex.test.login.LoginTestRA" name="testLogin" time="0.318"/>
  <testcase classname="com.erudex.test.login.LoginTestRA" name="testLogin" time="0.33"/>
  <testcase classname="com.erudex.test.login.LoginTestRA" name="testLogin" time="0.312"/>
  <testcase classname="com.erudex.test.login.LoginTestRA" name="testLogin" time="0.311"/>
  <testcase classname="com.erudex.test.login.LoginTestRA" name="testLogin" time="0.715"/>
  <testcase classname="com.erudex.test.login.LoginTestRA" name="testLogin" time="0.716"/>
  <testcase classname="com.erudex.test.login.LoginTestRA" name="testLogin" time="0.327"/>
  <testcase classname="com.erudex.test.login.LoginTestRA" name="testLogin" time="0.32"/>
  <testcase classname="com.erudex.test.login.LoginTestRA" name="testLogin" time="0.317"/>
  <testcase classname="com.erudex.test.login.LoginTestRA" name="testLogin" time="0.318"/>
  <testcase classname="com.erudex.test.login.LoginTestRA" name="testLogin" time="0.324"/>
  <testcase classname="com.erudex.test.login.LoginTestRA" name="testLogin" time="0.331"/>
  <testcase classname="com.erudex.test.login.LoginTestRA" name="testLogin" time="0.319"/>
  <testcase classname="com.erudex.test.login.LoginTestRA" name="testLogin" time="0.313"/>
  <testcase classname="com.erudex.test.login.LoginTestRA" name="testLogin" time="0.323"/>
  <testcase classname="com.erudex.test.login.LoginTestRA" name="testLogin" time="0.702"/>
  <testcase classname="com.erudex.test.login.LoginTestRA" name="testLogin" time="0.708"/>
  <testcase classname="com.erudex.test.login.LoginTestRA" name="testLogin" time="0.697"/>
  <testcase classname="com.erudex.test.login.LoginTestRA" name="testLogin" time="0.313"/>
  <testcase classname="com.erudex.test.login.LoginTestRA" name="testLogin" time="0.34"/>
  <testcase classname="com.erudex.test.login.LoginTestRA" name="testLogin" time="0.325"/>
  <testcase classname="com.erudex.test.login.LoginTestRA" name="testLogin" time="0.353"/>
  <testcase classname="com.erudex.test.login.LoginTestRA" name="testLogin" time="0.348"/>
  <testcase classname="com.erudex.test.login.LoginTestRA" name="testLogin" time="0.725"/>
  <testcase classname="com.erudex.test.login.LoginTestRA" name="testLogin" time="0.329"/>
  <testcase classname="com.erudex.test.login.LoginTestRA" name="testLogin" time="0.321"/>
  <testcase classname="com.erudex.test.login.LoginTestRA" name="testLogin" time="0.318"/>
  <testcase classname="com.erudex.test.login.LoginTestRA" name="testLogin" time="0.328"/>
  <testcase classname="com.erudex.test.login.LoginTestRA" name="testLogin" time="0.376"/>
  <testcase classname="com.erudex.test.login.LoginTestRA" name="testLogin" time="0.37"/>
  <testcase classname="com.erudex.test.login.LoginTestRA" name="testLogin" time="0.394"/>
  <testcase classname="com.erudex.test.login.LoginTestRA" name="testLogin" time="0.345"/>
  <testcase classname="com.erudex.test.login.LoginTestRA" name="testLogin" time="0.359"/>
  <testcase classname="com.erudex.test.login.LoginTestRA" name="testLogin" time="0.317"/>
  <testcase classname="com.erudex.test.login.LoginTestRA" name="testLogin" time="0.743"/>
  <testcase classname="com.erudex.test.login.LoginTestRA" name="testLogin" time="0.312"/>
  <testcase classname="com.erudex.test.login.LoginTestRA" name="testLogin" time="0.324"/>
  <testcase classname="com.erudex.test.login.LoginTestRA" name="testLogin" time="0.315"/>
  <testcase classname="com.erudex.test.login.LoginTestRA" name="testLogin" time="0.321"/>
  <testcase classname="com.erudex.test.login.LoginTestRA" name="testLogin" time="0.343"/>
  <testcase classname="com.erudex.test.login.LoginTestRA" name="testLogin" time="0.318"/>
  <testcase classname="com.erudex.test.login.LoginTestRA" name="testLogin" time="0.317"/>
  <testcase classname="com.erudex.test.login.LoginTestRA" name="testLogin" time="0.331"/>
  <testcase classname="com.erudex.test.login.LoginTestRA" name="testLogin" time="0.33"/>
  <testcase classname="com.erudex.test.login.LoginTestRA" name="testLogin" time="0.318"/>
  <testcase classname="com.erudex.test.login.LoginTestRA" name="testLogin" time="0.322"/>
  <testcase classname="com.erudex.test.login.LoginTestRA" name="testLogin" time="0.319"/>
  <testcase classname="com.erudex.test.login.LoginTestRA" name="testLogin" time="0.319"/>
  <testcase classname="com.erudex.test.login.LoginTestRA" name="testLogin" time="0.313"/>
  <testcase classname="com.erudex.test.login.LoginTestRA" name="testLogin" time="0.337"/>
  <testcase classname="com.erudex.test.login.LoginTestRA" name="testLogin" time="0.314"/>
  <testcase classname="com.erudex.test.login.LoginTestRA" name="testLogin" time="0.326"/>
  <testcase classname="com.erudex.test.login.LoginTestRA" name="testLogin" time="0.723"/>
  <testcase classname="com.erudex.test.login.LoginTestRA" name="testLogin" time="0.329"/>
  <testcase classname="com.erudex.test.login.LoginTestRA" name="testLogin" time="0.324"/>
  <testcase classname="com.erudex.test.login.LoginTestRA" name="testLogin" time="0.332"/>
  <testcase classname="com.erudex.test.login.LoginTestRA" name="testLogin" time="0.317"/>
  <testcase classname="com.erudex.test.login.LoginTestRA" name="testLogin" time="0.329"/>
  <testcase classname="com.erudex.test.login.LoginTestRA" name="testLogin" time="0.323"/>
  <testcase classname="com.erudex.test.login.LoginTestRA" name="testLogin" time="0.323"/>
  <testcase classname="com.erudex.test.login.LoginTestRA" name="testLogin" time="0.311"/>
  <testcase classname="com.erudex.test.login.LoginTestRA" name="testLogin" time="0.324"/>
  <testcase classname="com.erudex.test.login.LoginTestRA" name="testLogin" time="0.314"/>
  <testcase classname="com.erudex.test.login.LoginTestRA" name="testLogin" time="0.32"/>
  <testcase classname="com.erudex.test.login.LoginTestRA" name="testLogin" time="0.312"/>
  <testcase classname="com.erudex.test.login.LoginTestRA" name="testLogin" time="0.324"/>
  <testcase classname="com.erudex.test.login.LoginTestRA" name="testLogin" time="0.331"/>
  <testcase classname="com.erudex.test.login.LoginTestRA" name="testLogin" time="0.312"/>
  <testcase classname="com.erudex.test.login.LoginTestRA" name="testLogin" time="0.311"/>
  <testcase classname="com.erudex.test.login.LoginTestRA" name="testLogin" time="0.318"/>
  <testcase classname="com.erudex.test.login.LoginTestRA" name="testLogin" time="0.307"/>
  <testcase classname="com.erudex.test.login.LoginTestRA" name="testLogin" time="0.314"/>
  <testcase classname="com.erudex.test.login.LoginTestRA" name="testLogin" time="0.315"/>
  <testcase classname="com.erudex.test.login.LoginTestRA" name="testLogin" time="0.308"/>
  <testcase classname="com.erudex.test.login.LoginTestRA" name="testLogin" time="0.312"/>
  <testcase classname="com.erudex.test.login.LoginTestRA" name="testLogin" time="0.314"/>
  <testcase classname="com.erudex.test.login.LoginTestRA" name="testLogin" time="0.311"/>
  <testcase classname="com.erudex.test.login.LoginTestRA" name="testLogin" time="0.318"/>
  <testcase classname="com.erudex.test.login.LoginTestRA" name="testLogin" time="0.31"/>
  <testcase classname="com.erudex.test.login.LoginTestRA" name="testLogin" time="0.309"/>
  <testcase classname="com.erudex.test.login.LoginTestRA" name="testLogin" time="0.311"/>
  <testcase classname="com.erudex.test.login.LoginTestRA" name="testLogin" time="0.319"/>
  <testcase classname="com.erudex.test.login.LoginTestRA" name="testLogin" time="0.717"/>
  <testcase classname="com.erudex.test.login.LoginTestRA" name="testLogin" time="0.317"/>
  <testcase classname="com.erudex.test.login.LoginTestRA" name="testLogin" time="0.32"/>
  <testcase classname="com.erudex.test.login.LoginTestRA" name="testLogin" time="0.308"/>
  <testcase classname="com.erudex.test.login.LoginTestRA" name="testLogin" time="0.329"/>
  <testcase classname="com.erudex.test.login.LoginTestRA" name="testLogin" time="0.316"/>
  <testcase classname="com.erudex.test.login.LoginTestRA" name="testLogin" time="0.326"/>
  <testcase classname="com.erudex.test.login.LoginTestRA" name="testLogin" time="0.322"/>
  <testcase classname="com.erudex.test.login.LoginTestRA" name="testLogin" time="0.32"/>
  <testcase classname="com.erudex.test.login.LoginTestRA" name="testLogin" time="0.32"/>
  <testcase classname="com.erudex.test.login.LoginTestRA" name="testLogin" time="0.33"/>
  <testcase classname="com.erudex.test.login.LoginTestRA" name="testLogin" time="0.319"/>
  <testcase classname="com.erudex.test.login.LoginTestRA" name="testLogin" time="0.319"/>
  <testcase classname="com.erudex.test.login.LoginTestRA" name="testLogin" time="0.312"/>
  <testcase classname="com.erudex.test.login.LoginTestRA" name="testLogin" time="0.314"/>
  <testcase classname="com.erudex.test.login.LoginTestRA" name="testLogin" time="0.319"/>
  <testcase classname="com.erudex.test.login.LoginTestRA" name="testLogin" time="0.322"/>
  <testcase classname="com.erudex.test.login.LoginTestRA" name="testLogin" time="0.324"/>
  <testcase classname="com.erudex.test.login.LoginTestRA" name="testLogin" time="0.307"/>
  <testcase classname="com.erudex.test.login.LoginTestRA" name="testLogin" time="0.346"/>
  <testcase classname="com.erudex.test.login.LoginTestRA" name="testLogin" time="0.321"/>
  <testcase classname="com.erudex.test.login.LoginTestRA" name="testLogin" time="0.319"/>
  <testcase classname="com.erudex.test.login.LoginTestRA" name="testLogin" time="0.307"/>
  <testcase classname="com.erudex.test.login.LoginTestRA" name="testLogin" time="0.328"/>
  <testcase classname="com.erudex.test.login.LoginTestRA" name="testLogin" time="0.307"/>
  <testcase classname="com.erudex.test.login.LoginTestRA" name="testLogin" time="0.322"/>
  <testcase classname="com.erudex.test.login.LoginTestRA" name="testLogin" time="0.317"/>
  <testcase classname="com.erudex.test.login.LoginTestRA" name="testLogin" time="0.315"/>
  <testcase classname="com.erudex.test.login.LoginTestRA" name="testLogin" time="0.322"/>
  <testcase classname="com.erudex.test.login.LoginTestRA" name="testLogin" time="0.317"/>
  <testcase classname="com.erudex.test.login.LoginTestRA" name="testLogin" time="0.321"/>
  <testcase classname="com.erudex.test.login.LoginTestRA" name="testLogin" time="0.305"/>
  <testcase classname="com.erudex.test.login.LoginTestRA" name="testLogin" time="0.326"/>
  <testcase classname="com.erudex.test.login.LoginTestRA" name="testLogin" time="0.316"/>
  <testcase classname="com.erudex.test.login.LoginTestRA" name="testLogin" time="0.309"/>
  <testcase classname="com.erudex.test.login.LoginTestRA" name="testLogin" time="0.315"/>
  <testcase classname="com.erudex.test.login.LoginTestRA" name="testLogin" time="0.303"/>
  <testcase classname="com.erudex.test.login.LoginTestRA" name="testLogin" time="0.321"/>
  <testcase classname="com.erudex.test.login.LoginTestRA" name="testLogin" time="0.318"/>
  <testcase classname="com.erudex.test.login.LoginTestRA" name="testLogin" time="0.309"/>
  <testcase classname="com.erudex.test.login.LoginTestRA" name="testLogin" time="0.305"/>
  <testcase classname="com.erudex.test.login.LoginTestRA" name="testLogin" time="0.318"/>
  <testcase classname="com.erudex.test.login.LoginTestRA" name="testLogin" time="0.319"/>
  <testcase classname="com.erudex.test.login.LoginTestRA" name="testLogin" time="0.317"/>
  <testcase classname="com.erudex.test.login.LoginTestRA" name="testLogin" time="0.321"/>
  <testcase classname="com.erudex.test.login.LoginTestRA" name="testLogin" time="0.312"/>
  <testcase classname="com.erudex.test.login.LoginTestRA" name="testLogin" time="0.319"/>
  <testcase classname="com.erudex.test.login.LoginTestRA" name="testLogin" time="0.32"/>
  <testcase classname="com.erudex.test.login.LoginTestRA" name="testLogin" time="0.321"/>
  <testcase classname="com.erudex.test.login.LoginTestRA" name="testLogin" time="0.314"/>
  <testcase classname="com.erudex.test.login.LoginTestRA" name="testLogin" time="0.314"/>
  <testcase classname="com.erudex.test.login.LoginTestRA" name="testLogin" time="0.316"/>
  <testcase classname="com.erudex.test.login.LoginTestRA" name="testLogin" time="0.708"/>
  <testcase classname="com.erudex.test.login.LoginTestRA" name="testLogin" time="0.318"/>
  <testcase classname="com.erudex.test.login.LoginTestRA" name="testLogin" time="0.312"/>
  <testcase classname="com.erudex.test.login.LoginTestRA" name="testLogin" time="0.307"/>
  <testcase classname="com.erudex.test.login.LoginTestRA" name="testLogin" time="0.312"/>
  <testcase classname="com.erudex.test.login.LoginTestRA" name="testLogin" time="0.307"/>
  <testcase classname="com.erudex.test.login.LoginTestRA" name="testLogin" time="0.317"/>
  <testcase classname="com.erudex.test.login.LoginTestRA" name="testLogin" time="0.315"/>
  <testcase classname="com.erudex.test.login.LoginTestRA" name="testLogin" time="0.311"/>
  <testcase classname="com.erudex.test.login.LoginTestRA" name="testLogin" time="0.318"/>
  <testcase classname="com.erudex.test.login.LoginTestRA" name="testLogin" time="0.311"/>
  <testcase classname="com.erudex.test.login.LoginTestRA" name="testLogin" time="0.313"/>
  <testcase classname="com.erudex.test.login.LoginTestRA" name="testLogin" time="0.307"/>
  <testcase classname="com.erudex.test.login.LoginTestRA" name="testLogin" time="0.319"/>
  <testcase classname="com.erudex.test.login.LoginTestRA" name="testLogin" time="0.309"/>
  <testcase classname="com.erudex.test.login.LoginTestRA" name="testLogin" time="0.316"/>
  <testcase classname="com.erudex.test.login.LoginTestRA" name="testLogin" time="0.308"/>
  <testcase classname="com.erudex.test.login.LoginTestRA" name="testLogin" time="0.311"/>
  <testcase classname="com.erudex.test.login.LoginTestRA" name="testLogin" time="0.313"/>
  <testcase classname="com.erudex.test.login.LoginTestRA" name="testLogin" time="0.309"/>
  <testcase classname="com.erudex.test.login.LoginTestRA" name="testLogin" time="0.327"/>
  <testcase classname="com.erudex.test.login.LoginTestRA" name="testLogin" time="0.705"/>
  <testcase classname="com.erudex.test.login.LoginTestRA" name="testLogin" time="0.332"/>
  <testcase classname="com.erudex.test.login.LoginTestRA" name="testLogin" time="0.309"/>
  <testcase classname="com.erudex.test.login.LoginTestRA" name="testLogin" time="0.32"/>
  <testcase classname="com.erudex.test.login.LoginTestRA" name="testLogin" time="0.317"/>
  <testcase classname="com.erudex.test.login.LoginTestRA" name="testLogin" time="0.704"/>
  <testcase classname="com.erudex.test.login.LoginTestRA" name="testLogin" time="0.317"/>
  <testcase classname="com.erudex.test.login.LoginTestRA" name="testLogin" time="0.308"/>
  <testcase classname="com.erudex.test.login.LoginTestRA" name="testLogin" time="0.317"/>
  <testcase classname="com.erudex.test.login.LoginTestRA" name="testLogin" time="0.319"/>
  <testcase classname="com.erudex.test.login.LoginTestRA" name="testLogin" time="0.318"/>
  <testcase classname="com.erudex.test.login.LoginTestRA" name="testLogin" time="0.325"/>
  <testcase classname="com.erudex.test.login.LoginTestRA" name="testLogin" time="0.309"/>
  <testcase classname="com.erudex.test.login.LoginTestRA" name="testLogin" time="0.317"/>
  <testcase classname="com.erudex.test.login.LoginTestRA" name="testLogin" time="0.314"/>
  <testcase classname="com.erudex.test.login.LoginTestRA" name="testLogin" time="0.317"/>
  <testcase classname="com.erudex.test.login.LoginTestRA" name="testLogin" time="0.314"/>
  <testcase classname="com.erudex.test.login.LoginTestRA" name="testLogin" time="0.322"/>
  <testcase classname="com.erudex.test.login.LoginTestRA" name="testLogin" time="0.306"/>
  <testcase classname="com.erudex.test.login.LoginTestRA" name="testLogin" time="0.316"/>
  <testcase classname="com.erudex.test.login.LoginTestRA" name="testLogin" time="0.712"/>
  <testcase classname="com.erudex.test.login.LoginTestRA" name="testLogin" time="0.312"/>
  <testcase classname="com.erudex.test.login.LoginTestRA" name="testLogin" time="0.307"/>
  <testcase classname="com.erudex.test.login.LoginTestRA" name="testLogin" time="0.311"/>
  <testcase classname="com.erudex.test.login.LoginTestRA" name="testLogin" time="0.317"/>
  <testcase classname="com.erudex.test.login.LoginTestRA" name="testLogin" time="0.32"/>
  <testcase classname="com.erudex.test.login.LoginTestRA" name="testLogin" time="0.31"/>
  <testcase classname="com.erudex.test.login.LoginTestRA" name="testLogin" time="0.309"/>
  <testcase classname="com.erudex.test.login.LoginTestRA" name="testLogin" time="0.319"/>
  <testcase classname="com.erudex.test.login.LoginTestRA" name="testLogin" time="0.318"/>
  <testcase classname="com.erudex.test.login.LoginTestRA" name="testLogin" time="0.327"/>
  <testcase classname="com.erudex.test.login.LoginTestRA" name="testLogin" time="0.323"/>
  <testcase classname="com.erudex.test.login.LoginTestRA" name="testLogin" time="0.315"/>
  <testcase classname="com.erudex.test.login.LoginTestRA" name="testLogin" time="0.313"/>
  <testcase classname="com.erudex.test.login.LoginTestRA" name="testLogin" time="0.311"/>
  <testcase classname="com.erudex.test.login.LoginTestRA" name="testLogin" time="0.32"/>
  <testcase classname="com.erudex.test.login.LoginTestRA" name="testLogin" time="0.313"/>
  <testcase classname="com.erudex.test.login.LoginTestRA" name="testLogin" time="0.314"/>
  <testcase classname="com.erudex.test.login.LoginTestRA" name="testLogin" time="0.317"/>
  <testcase classname="com.erudex.test.login.LoginTestRA" name="testLogin" time="0.32"/>
  <testcase classname="com.erudex.test.login.LoginTestRA" name="testLogin" time="0.329"/>
  <testcase classname="com.erudex.test.login.LoginTestRA" name="testLogin" time="0.325"/>
  <testcase classname="com.erudex.test.login.LoginTestRA" name="testLogin" time="0.318"/>
  <testcase classname="com.erudex.test.login.LoginTestRA" name="testLogin" time="0.321"/>
  <testcase classname="com.erudex.test.login.LoginTestRA" name="testLogin" time="0.315"/>
  <testcase classname="com.erudex.test.login.LoginTestRA" name="testLogin" time="0.323"/>
  <testcase classname="com.erudex.test.login.LoginTestRA" name="testLogin" time="0.317"/>
  <testcase classname="com.erudex.test.login.LoginTestRA" name="testLogin" time="0.324"/>
  <testcase classname="com.erudex.test.login.LoginTestRA" name="testLogin" time="0.318"/>
  <testcase classname="com.erudex.test.login.LoginTestRA" name="testLogin" time="0.32"/>
  <testcase classname="com.erudex.test.login.LoginTestRA" name="testLogin" time="0.318"/>
  <testcase classname="com.erudex.test.login.LoginTestRA" name="testLogin" time="0.307"/>
  <testcase classname="com.erudex.test.login.LoginTestRA" name="testLogin" time="0.327"/>
  <testcase classname="com.erudex.test.login.LoginTestRA" name="testLogin" time="0.313"/>
  <testcase classname="com.erudex.test.login.LoginTestRA" name="testLogin" time="0.312"/>
  <testcase classname="com.erudex.test.login.LoginTestRA" name="testLogin" time="0.304"/>
  <testcase classname="com.erudex.test.login.LoginTestRA" name="testLogin" time="0.31"/>
  <testcase classname="com.erudex.test.login.LoginTestRA" name="testLogin" time="0.312"/>
  <testcase classname="com.erudex.test.login.LoginTestRA" name="testLogin" time="0.35"/>
  <testcase classname="com.erudex.test.login.LoginTestRA" name="testLogin" time="0.315"/>
  <testcase classname="com.erudex.test.login.LoginTestRA" name="testLogin" time="0.315"/>
  <testcase classname="com.erudex.test.login.LoginTestRA" name="testLogin" time="0.31"/>
  <testcase classname="com.erudex.test.login.LoginTestRA" name="testLogin" time="0.321"/>
  <testcase classname="com.erudex.test.login.LoginTestRA" name="testLogin" time="0.322"/>
  <testcase classname="com.erudex.test.login.LoginTestRA" name="testLogin" time="0.319"/>
  <testcase classname="com.erudex.test.login.LoginTestRA" name="testLogin" time="0.702"/>
  <testcase classname="com.erudex.test.login.LoginTestRA" name="testLogin" time="0.31"/>
  <testcase classname="com.erudex.test.login.LoginTestRA" name="testLogin" time="0.326"/>
  <testcase classname="com.erudex.test.login.LoginTestRA" name="testLogin" time="0.356"/>
  <testcase classname="com.erudex.test.login.LoginTestRA" name="testLogin" time="0.313"/>
  <testcase classname="com.erudex.test.login.LoginTestRA" name="testLogin" time="0.34"/>
  <testcase classname="com.erudex.test.login.LoginTestRA" name="testLogin" time="0.329"/>
  <testcase classname="com.erudex.test.login.LoginTestRA" name="testLogin" time="0.32"/>
  <testcase classname="com.erudex.test.login.LoginTestRA" name="testLogin" time="0.312"/>
  <testcase classname="com.erudex.test.login.LoginTestRA" name="testLogin" time="0.313"/>
  <testcase classname="com.erudex.test.login.LoginTestRA" name="testLogin" time="0.333"/>
  <testcase classname="com.erudex.test.login.LoginTestRA" name="testLogin" time="0.313"/>
  <testcase classname="com.erudex.test.login.LoginTestRA" name="testLogin" time="0.305"/>
  <testcase classname="com.erudex.test.login.LoginTestRA" name="testLogin" time="0.319"/>
  <testcase classname="com.erudex.test.login.LoginTestRA" name="testLogin" time="0.323"/>
  <testcase classname="com.erudex.test.login.LoginTestRA" name="testLogin" time="0.309"/>
  <testcase classname="com.erudex.test.login.LoginTestRA" name="testLogin" time="0.311"/>
  <testcase classname="com.erudex.test.login.LoginTestRA" name="testLogin" time="0.311"/>
  <testcase classname="com.erudex.test.login.LoginTestRA" name="testLogin" time="0.333"/>
  <testcase classname="com.erudex.test.login.LoginTestRA" name="testLogin" time="0.308"/>
  <testcase classname="com.erudex.test.login.LoginTestRA" name="testLogin" time="0.307"/>
  <testcase classname="com.erudex.test.login.LoginTestRA" name="testLogin" time="0.315"/>
  <testcase classname="com.erudex.test.login.LoginTestRA" name="testLogin" time="0.316"/>
  <testcase classname="com.erudex.test.login.LoginTestRA" name="testLogin" time="0.31"/>
  <testcase classname="com.erudex.test.login.LoginTestRA" name="testLogin" time="0.322"/>
  <testcase classname="com.erudex.test.login.LoginTestRA" name="testLogin" time="0.317"/>
  <testcase classname="com.erudex.test.login.LoginTestRA" name="testLogin" time="0.307"/>
  <testcase classname="com.erudex.test.login.LoginTestRA" name="testLogin" time="0.322"/>
  <testcase classname="com.erudex.test.login.LoginTestRA" name="testLogin" time="0.324"/>
  <testcase classname="com.erudex.test.login.LoginTestRA" name="testLogin" time="0.32"/>
  <testcase classname="com.erudex.test.login.LoginTestRA" name="testLogin" time="0.31"/>
  <testcase classname="com.erudex.test.login.LoginTestRA" name="testLogin" time="0.303"/>
  <testcase classname="com.erudex.test.login.LoginTestRA" name="testLogin" time="0.317"/>
  <testcase classname="com.erudex.test.login.LoginTestRA" name="testLogin" time="0.315"/>
  <testcase classname="com.erudex.test.login.LoginTestRA" name="testLogin" time="0.329"/>
  <testcase classname="com.erudex.test.login.LoginTestRA" name="testLogin" time="0.318"/>
  <testcase classname="com.erudex.test.login.LoginTestRA" name="testLogin" time="0.321"/>
  <testcase classname="com.erudex.test.login.LoginTestRA" name="testLogin" time="0.329"/>
  <testcase classname="com.erudex.test.login.LoginTestRA" name="testLogin" time="0.317"/>
  <testcase classname="com.erudex.test.login.LoginTestRA" name="testLogin" time="0.318"/>
  <testcase classname="com.erudex.test.login.LoginTestRA" name="testLogin" time="0.31"/>
  <testcase classname="com.erudex.test.login.LoginTestRA" name="testLogin" time="0.314"/>
  <testcase classname="com.erudex.test.login.LoginTestRA" name="testLogin" time="0.31"/>
  <testcase classname="com.erudex.test.login.LoginTestRA" name="testLogin" time="0.32"/>
  <testcase classname="com.erudex.test.login.LoginTestRA" name="testLogin" time="0.326"/>
  <testcase classname="com.erudex.test.login.LoginTestRA" name="testLogin" time="0.308"/>
  <testcase classname="com.erudex.test.login.LoginTestRA" name="testLogin" time="0.326"/>
  <testcase classname="com.erudex.test.login.LoginTestRA" name="testLogin" time="0.315"/>
  <testcase classname="com.erudex.test.login.LoginTestRA" name="testLogin" time="0.319"/>
  <testcase classname="com.erudex.test.login.LoginTestRA" name="testLogin" time="0.321"/>
  <testcase classname="com.erudex.test.login.LoginTestRA" name="testLogin" time="0.307"/>
  <testcase classname="com.erudex.test.login.LoginTestRA" name="testLogin" time="0.327"/>
  <testcase classname="com.erudex.test.login.LoginTestRA" name="testLogin" time="0.311"/>
  <testcase classname="com.erudex.test.login.LoginTestRA" name="testLogin" time="0.325"/>
  <testcase classname="com.erudex.test.login.LoginTestRA" name="testLogin" time="0.34"/>
  <testcase classname="com.erudex.test.login.LoginTestRA" name="testLogin" time="0.326"/>
  <testcase classname="com.erudex.test.login.LoginTestRA" name="testLogin" time="0.318"/>
  <testcase classname="com.erudex.test.login.LoginTestRA" name="testLogin" time="0.309"/>
  <testcase classname="com.erudex.test.login.LoginTestRA" name="testLogin" time="0.714"/>
  <testcase classname="com.erudex.test.login.LoginTestRA" name="testLogin" time="0.313"/>
  <testcase classname="com.erudex.test.login.LoginTestRA" name="testLogin" time="0.316"/>
  <testcase classname="com.erudex.test.login.LoginTestRA" name="testLogin" time="0.337"/>
  <testcase classname="com.erudex.test.login.LoginTestRA" name="testLogin" time="0.318"/>
  <testcase classname="com.erudex.test.login.LoginTestRA" name="testLogin" time="0.315"/>
  <testcase classname="com.erudex.test.login.LoginTestRA" name="testLogin" time="0.329"/>
  <testcase classname="com.erudex.test.login.LoginTestRA" name="testLogin" time="0.328"/>
  <testcase classname="com.erudex.test.login.LoginTestRA" name="testLogin" time="0.335"/>
  <testcase classname="com.erudex.test.login.LoginTestRA" name="testLogin" time="0.32"/>
  <testcase classname="com.erudex.test.login.LoginTestRA" name="testLogin" time="0.314"/>
  <testcase classname="com.erudex.test.login.LoginTestRA" name="testLogin" time="0.328"/>
  <testcase classname="com.erudex.test.login.LoginTestRA" name="testLogin" time="0.325"/>
  <testcase classname="com.erudex.test.login.LoginTestRA" name="testLogin" time="0.306"/>
  <testcase classname="com.erudex.test.login.LoginTestRA" name="testLogin" time="0.321"/>
  <testcase classname="com.erudex.test.login.LoginTestRA" name="testLogin" time="0.33"/>
  <testcase classname="com.erudex.test.login.LoginTestRA" name="testLogin" time="0.313"/>
  <testcase classname="com.erudex.test.login.LoginTestRA" name="testLogin" time="0.333"/>
  <testcase classname="com.erudex.test.login.LoginTestRA" name="testLogin" time="0.322"/>
  <testcase classname="com.erudex.test.login.LoginTestRA" name="testLogin" time="0.324"/>
  <testcase classname="com.erudex.test.login.LoginTestRA" name="testLogin" time="0.328"/>
  <testcase classname="com.erudex.test.login.LoginTestRA" name="testLogin" time="0.319"/>
  <testcase classname="com.erudex.test.login.LoginTestRA" name="testLogin" time="0.315"/>
  <testcase classname="com.erudex.test.login.LoginTestRA" name="testLogin" time="0.309"/>
  <testcase classname="com.erudex.test.login.LoginTestRA" name="testLogin" time="0.31"/>
  <testcase classname="com.erudex.test.login.LoginTestRA" name="testLogin" time="0.316"/>
  <testcase classname="com.erudex.test.login.LoginTestRA" name="testLogin" time="0.33"/>
  <testcase classname="com.erudex.test.login.LoginTestRA" name="testLogin" time="0.309"/>
  <testcase classname="com.erudex.test.login.LoginTestRA" name="testLogin" time="0.32"/>
  <testcase classname="com.erudex.test.login.LoginTestRA" name="testLogin" time="0.318"/>
  <testcase classname="com.erudex.test.login.LoginTestRA" name="testLogin" time="0.312"/>
  <testcase classname="com.erudex.test.login.LoginTestRA" name="testLogin" time="0.307"/>
  <testcase classname="com.erudex.test.login.LoginTestRA" name="testLogin" time="0.308"/>
  <testcase classname="com.erudex.test.login.LoginTestRA" name="testLogin" time="0.312"/>
  <testcase classname="com.erudex.test.login.LoginTestRA" name="testLogin" time="0.31"/>
  <testcase classname="com.erudex.test.login.LoginTestRA" name="testLogin" time="0.321"/>
  <testcase classname="com.erudex.test.login.LoginTestRA" name="testLogin" time="0.305"/>
  <testcase classname="com.erudex.test.login.LoginTestRA" name="testLogin" time="0.299"/>
  <testcase classname="com.erudex.test.login.LoginTestRA" name="testLogin" time="0.709"/>
  <testcase classname="com.erudex.test.login.LoginTestRA" name="testLogin" time="0.306"/>
  <testcase classname="com.erudex.test.login.LoginTestRA" name="testLogin" time="0.695"/>
  <testcase classname="com.erudex.test.login.LoginTestRA" name="testLogin" time="0.311"/>
  <testcase classname="com.erudex.test.login.LoginTestRA" name="testLogin" time="0.299"/>
  <testcase classname="com.erudex.test.login.LoginTestRA" name="testLogin" time="0.317"/>
  <testcase classname="com.erudex.test.login.LoginTestRA" name="testLogin" time="0.313"/>
  <testcase classname="com.erudex.test.login.LoginTestRA" name="testLogin" time="0.31"/>
  <testcase classname="com.erudex.test.login.LoginTestRA" name="testLogin" time="0.315"/>
  <testcase classname="com.erudex.test.login.LoginTestRA" name="testLogin" time="0.306"/>
  <testcase classname="com.erudex.test.login.LoginTestRA" name="testLogin" time="0.315"/>
  <testcase classname="com.erudex.test.login.LoginTestRA" name="testLogin" time="0.319"/>
  <testcase classname="com.erudex.test.login.LoginTestRA" name="testLogin" time="0.316"/>
  <testcase classname="com.erudex.test.login.LoginTestRA" name="testLogin" time="0.303"/>
  <testcase classname="com.erudex.test.login.LoginTestRA" name="testLogin" time="0.318"/>
  <testcase classname="com.erudex.test.login.LoginTestRA" name="testLogin" time="0.307"/>
  <testcase classname="com.erudex.test.login.LoginTestRA" name="testLogin" time="0.319"/>
  <testcase classname="com.erudex.test.login.LoginTestRA" name="testLogin" time="0.323"/>
  <testcase classname="com.erudex.test.login.LoginTestRA" name="testLogin" time="0.324"/>
  <testcase classname="com.erudex.test.login.LoginTestRA" name="testLogin" time="0.316"/>
  <testcase classname="com.erudex.test.login.LoginTestRA" name="testLogin" time="0.313"/>
  <testcase classname="com.erudex.test.login.LoginTestRA" name="testLogin" time="0.319"/>
  <testcase classname="com.erudex.test.login.LoginTestRA" name="testLogin" time="0.33"/>
  <testcase classname="com.erudex.test.login.LoginTestRA" name="testLogin" time="0.321"/>
  <testcase classname="com.erudex.test.login.LoginTestRA" name="testLogin" time="0.307"/>
  <testcase classname="com.erudex.test.login.LoginTestRA" name="testLogin" time="0.315"/>
  <testcase classname="com.erudex.test.login.LoginTestRA" name="testLogin" time="0.313"/>
  <testcase classname="com.erudex.test.login.LoginTestRA" name="testLogin" time="0.32"/>
  <testcase classname="com.erudex.test.login.LoginTestRA" name="testLogin" time="0.326"/>
  <testcase classname="com.erudex.test.login.LoginTestRA" name="testLogin" time="0.314"/>
  <testcase classname="com.erudex.test.login.LoginTestRA" name="testLogin" time="0.317"/>
  <testcase classname="com.erudex.test.login.LoginTestRA" name="testLogin" time="0.316"/>
  <testcase classname="com.erudex.test.login.LoginTestRA" name="testLogin" time="0.317"/>
  <testcase classname="com.erudex.test.login.LoginTestRA" name="testLogin" time="0.358"/>
  <testcase classname="com.erudex.test.login.LoginTestRA" name="testLogin" time="0.306"/>
  <testcase classname="com.erudex.test.login.LoginTestRA" name="testLogin" time="0.311"/>
  <testcase classname="com.erudex.test.login.LoginTestRA" name="testLogin" time="0.315"/>
  <testcase classname="com.erudex.test.login.LoginTestRA" name="testLogin" time="0.321"/>
  <testcase classname="com.erudex.test.login.LoginTestRA" name="testLogin" time="0.363"/>
  <testcase classname="com.erudex.test.login.LoginTestRA" name="testLogin" time="0.327"/>
  <testcase classname="com.erudex.test.login.LoginTestRA" name="testLogin" time="0.315"/>
  <testcase classname="com.erudex.test.login.LoginTestRA" name="testLogin" time="0.308"/>
  <testcase classname="com.erudex.test.login.LoginTestRA" name="testLogin" time="0.321"/>
  <testcase classname="com.erudex.test.login.LoginTestRA" name="testLogin" time="0.702"/>
  <testcase classname="com.erudex.test.login.LoginTestRA" name="testLogin" time="0.304"/>
  <testcase classname="com.erudex.test.login.LoginTestRA" name="testLogin" time="0.314"/>
  <testcase classname="com.erudex.test.login.LoginTestRA" name="testLogin" time="0.306"/>
  <testcase classname="com.erudex.test.login.LoginTestRA" name="testLogin" time="0.31"/>
  <testcase classname="com.erudex.test.login.LoginTestRA" name="testLogin" time="0.31"/>
  <testcase classname="com.erudex.test.login.LoginTestRA" name="testLogin" time="0.303"/>
  <testcase classname="com.erudex.test.login.LoginTestRA" name="testLogin" time="0.313"/>
  <testcase classname="com.erudex.test.login.LoginTestRA" name="testLogin" time="0.318"/>
  <testcase classname="com.erudex.test.login.LoginTestRA" name="testLogin" time="0.302"/>
  <testcase classname="com.erudex.test.login.LoginTestRA" name="testLogin" time="0.313"/>
  <testcase classname="com.erudex.test.login.LoginTestRA" name="testLogin" time="0.314"/>
  <testcase classname="com.erudex.test.login.LoginTestRA" name="testLogin" time="0.303"/>
  <testcase classname="com.erudex.test.login.LoginTestRA" name="testLogin" time="0.317"/>
  <testcase classname="com.erudex.test.login.LoginTestRA" name="testLogin" time="0.317"/>
  <testcase classname="com.erudex.test.login.LoginTestRA" name="testLogin" time="0.306"/>
  <testcase classname="com.erudex.test.login.LoginTestRA" name="testLogin" time="0.315"/>
  <testcase classname="com.erudex.test.login.LoginTestRA" name="testLogin" time="0.316"/>
  <testcase classname="com.erudex.test.login.LoginTestRA" name="testLogin" time="0.312"/>
  <testcase classname="com.erudex.test.login.LoginTestRA" name="testLogin" time="0.321"/>
  <testcase classname="com.erudex.test.login.LoginTestRA" name="testLogin" time="0.308"/>
  <testcase classname="com.erudex.test.login.LoginTestRA" name="testLogin" time="0.329"/>
  <testcase classname="com.erudex.test.login.LoginTestRA" name="testLogin" time="0.316"/>
  <testcase classname="com.erudex.test.login.LoginTestRA" name="testLogin" time="0.312"/>
  <testcase classname="com.erudex.test.login.LoginTestRA" name="testLogin" time="0.315"/>
  <testcase classname="com.erudex.test.login.LoginTestRA" name="testLogin" time="0.312"/>
  <testcase classname="com.erudex.test.login.LoginTestRA" name="testLogin" time="0.318"/>
  <testcase classname="com.erudex.test.login.LoginTestRA" name="testLogin" time="0.309"/>
  <testcase classname="com.erudex.test.login.LoginTestRA" name="testLogin" time="0.315"/>
  <testcase classname="com.erudex.test.login.LoginTestRA" name="testLogin" time="0.312"/>
  <testcase classname="com.erudex.test.login.LoginTestRA" name="testLogin" time="0.304"/>
  <testcase classname="com.erudex.test.login.LoginTestRA" name="testLogin" time="0.312"/>
  <testcase classname="com.erudex.test.login.LoginTestRA" name="testLogin" time="0.32"/>
  <testcase classname="com.erudex.test.login.LoginTestRA" name="testLogin" time="0.307"/>
  <testcase classname="com.erudex.test.login.LoginTestRA" name="testLogin" time="0.316"/>
  <testcase classname="com.erudex.test.login.LoginTestRA" name="testLogin" time="0.328"/>
  <testcase classname="com.erudex.test.login.LoginTestRA" name="testLogin" time="0.321"/>
  <testcase classname="com.erudex.test.login.LoginTestRA" name="testLogin" time="0.319"/>
  <testcase classname="com.erudex.test.login.LoginTestRA" name="testLogin" time="0.307"/>
  <testcase classname="com.erudex.test.login.LoginTestRA" name="testLogin" time="0.309"/>
  <testcase classname="com.erudex.test.login.LoginTestRA" name="testLogin" time="0.308"/>
  <testcase classname="com.erudex.test.login.LoginTestRA" name="testLogin" time="0.315"/>
  <testcase classname="com.erudex.test.login.LoginTestRA" name="testLogin" time="0.307"/>
  <testcase classname="com.erudex.test.login.LoginTestRA" name="testLogin" time="0.349"/>
  <testcase classname="com.erudex.test.login.LoginTestRA" name="testLogin" time="0.302"/>
  <testcase classname="com.erudex.test.login.LoginTestRA" name="testLogin" time="0.31"/>
  <testcase classname="com.erudex.test.login.LoginTestRA" name="testLogin" time="0.306"/>
  <testcase classname="com.erudex.test.login.LoginTestRA" name="testLogin" time="0.311"/>
  <testcase classname="com.erudex.test.login.LoginTestRA" name="testLogin" time="0.318"/>
  <testcase classname="com.erudex.test.login.LoginTestRA" name="testLogin" time="0.352"/>
  <testcase classname="com.erudex.test.login.LoginTestRA" name="testLogin" time="0.316"/>
  <testcase classname="com.erudex.test.login.LoginTestRA" name="testLogin" time="0.314"/>
  <testcase classname="com.erudex.test.login.LoginTestRA" name="testLogin" time="0.324"/>
  <testcase classname="com.erudex.test.login.LoginTestRA" name="testLogin" time="0.316"/>
  <testcase classname="com.erudex.test.login.LoginTestRA" name="testLogin" time="0.317"/>
  <testcase classname="com.erudex.test.login.LoginTestRA" name="testLogin" time="0.326"/>
  <testcase classname="com.erudex.test.login.LoginTestRA" name="testLogin" time="0.319"/>
  <testcase classname="com.erudex.test.login.LoginTestRA" name="testLogin" time="0.317"/>
  <testcase classname="com.erudex.test.login.LoginTestRA" name="testLogin" time="0.317"/>
  <testcase classname="com.erudex.test.login.LoginTestRA" name="testLogin" time="0.313"/>
  <testcase classname="com.erudex.test.login.LoginTestRA" name="testLogin" time="0.312"/>
  <testcase classname="com.erudex.test.login.LoginTestRA" name="testLogin" time="0.313"/>
  <testcase classname="com.erudex.test.login.LoginTestRA" name="testLogin" time="0.314"/>
  <testcase classname="com.erudex.test.login.LoginTestRA" name="testLogin" time="0.312"/>
  <testcase classname="com.erudex.test.login.LoginTestRA" name="testLogin" time="0.316"/>
  <testcase classname="com.erudex.test.login.LoginTestRA" name="testLogin" time="0.319"/>
  <testcase classname="com.erudex.test.login.LoginTestRA" name="testLogin" time="0.318"/>
  <testcase classname="com.erudex.test.login.LoginTestRA" name="testLogin" time="0.31"/>
  <testcase classname="com.erudex.test.login.LoginTestRA" name="testLogin" time="0.314"/>
  <testcase classname="com.erudex.test.login.LoginTestRA" name="testLogin" time="0.325"/>
  <testcase classname="com.erudex.test.login.LoginTestRA" name="testLogin" time="0.312"/>
  <testcase classname="com.erudex.test.login.LoginTestRA" name="testLogin" time="0.316"/>
  <testcase classname="com.erudex.test.login.LoginTestRA" name="testLogin" time="0.312"/>
  <testcase classname="com.erudex.test.login.LoginTestRA" name="testLogin" time="0.322"/>
  <testcase classname="com.erudex.test.login.LoginTestRA" name="testLogin" time="0.319"/>
  <testcase classname="com.erudex.test.login.LoginTestRA" name="testLogin" time="0.314"/>
  <testcase classname="com.erudex.test.login.LoginTestRA" name="testLogin" time="0.326"/>
  <testcase classname="com.erudex.test.login.LoginTestRA" name="testLogin" time="0.318"/>
  <testcase classname="com.erudex.test.login.LoginTestRA" name="testLogin" time="0.314"/>
  <testcase classname="com.erudex.test.login.LoginTestRA" name="testLogin" time="0.313"/>
  <testcase classname="com.erudex.test.login.LoginTestRA" name="testLogin" time="0.302"/>
  <testcase classname="com.erudex.test.login.LoginTestRA" name="testLogin" time="0.313"/>
  <testcase classname="com.erudex.test.login.LoginTestRA" name="testLogin" time="0.318"/>
  <testcase classname="com.erudex.test.login.LoginTestRA" name="testLogin" time="0.327"/>
  <testcase classname="com.erudex.test.login.LoginTestRA" name="testLogin" time="0.307"/>
  <testcase classname="com.erudex.test.login.LoginTestRA" name="testLogin" time="0.317"/>
  <testcase classname="com.erudex.test.login.LoginTestRA" name="testLogin" time="0.3"/>
  <testcase classname="com.erudex.test.login.LoginTestRA" name="testLogin" time="0.311"/>
  <testcase classname="com.erudex.test.login.LoginTestRA" name="testLogin" time="0.319"/>
  <testcase classname="com.erudex.test.login.LoginTestRA" name="testLogin" time="0.318"/>
  <testcase classname="com.erudex.test.login.LoginTestRA" name="testLogin" time="0.31"/>
  <testcase classname="com.erudex.test.login.LoginTestRA" name="testLogin" time="0.314"/>
  <testcase classname="com.erudex.test.login.LoginTestRA" name="testLogin" time="0.316"/>
  <testcase classname="com.erudex.test.login.LoginTestRA" name="testLogin" time="0.319"/>
  <testcase classname="com.erudex.test.login.LoginTestRA" name="testLogin" time="0.326"/>
  <testcase classname="com.erudex.test.login.LoginTestRA" name="testLogin" time="0.311"/>
  <testcase classname="com.erudex.test.login.LoginTestRA" name="testLogin" time="0.317"/>
  <testcase classname="com.erudex.test.login.LoginTestRA" name="testLogin" time="0.31"/>
  <testcase classname="com.erudex.test.login.LoginTestRA" name="testLogin" time="0.309"/>
  <testcase classname="com.erudex.test.login.LoginTestRA" name="testLogin" time="0.318"/>
  <testcase classname="com.erudex.test.login.LoginTestRA" name="testLogin" time="0.317"/>
  <testcase classname="com.erudex.test.login.LoginTestRA" name="testLogin" time="0.315"/>
  <testcase classname="com.erudex.test.login.LoginTestRA" name="testLogin" time="0.311"/>
  <testcase classname="com.erudex.test.login.LoginTestRA" name="testLogin" time="0.315"/>
  <testcase classname="com.erudex.test.login.LoginTestRA" name="testLogin" time="0.317"/>
  <testcase classname="com.erudex.test.login.LoginTestRA" name="testLogin" time="0.314"/>
  <testcase classname="com.erudex.test.login.LoginTestRA" name="testLogin" time="0.303"/>
  <testcase classname="com.erudex.test.login.LoginTestRA" name="testLogin" time="0.311"/>
  <testcase classname="com.erudex.test.login.LoginTestRA" name="testLogin" time="0.314"/>
  <testcase classname="com.erudex.test.login.LoginTestRA" name="testLogin" time="0.306"/>
  <testcase classname="com.erudex.test.login.LoginTestRA" name="testLogin" time="0.31"/>
  <testcase classname="com.erudex.test.login.LoginTestRA" name="testLogin" time="0.316"/>
  <testcase classname="com.erudex.test.login.LoginTestRA" name="testLogin" time="0.314"/>
  <testcase classname="com.erudex.test.login.LoginTestRA" name="testLogin" time="0.319"/>
  <testcase classname="com.erudex.test.login.LoginTestRA" name="testLogin" time="0.318"/>
  <testcase classname="com.erudex.test.login.LoginTestRA" name="testLogin" time="0.308"/>
  <testcase classname="com.erudex.test.login.LoginTestRA" name="testLogin" time="0.31"/>
  <testcase classname="com.erudex.test.login.LoginTestRA" name="testLogin" time="0.323"/>
  <testcase classname="com.erudex.test.login.LoginTestRA" name="testLogin" time="0.307"/>
  <testcase classname="com.erudex.test.login.LoginTestRA" name="testLogin" time="0.32"/>
  <testcase classname="com.erudex.test.login.LoginTestRA" name="testLogin" time="0.317"/>
  <testcase classname="com.erudex.test.login.LoginTestRA" name="testLogin" time="0.312"/>
  <testcase classname="com.erudex.test.login.LoginTestRA" name="testLogin" time="0.311"/>
  <testcase classname="com.erudex.test.login.LoginTestRA" name="testLogin" time="0.312"/>
  <testcase classname="com.erudex.test.login.LoginTestRA" name="testLogin" time="0.318"/>
  <testcase classname="com.erudex.test.login.LoginTestRA" name="testLogin" time="0.315"/>
  <testcase classname="com.erudex.test.login.LoginTestRA" name="testLogin" time="0.324"/>
  <testcase classname="com.erudex.test.login.LoginTestRA" name="testLogin" time="0.305"/>
  <testcase classname="com.erudex.test.login.LoginTestRA" name="testLogin" time="0.317"/>
  <testcase classname="com.erudex.test.login.LoginTestRA" name="testLogin" time="0.321"/>
  <testcase classname="com.erudex.test.login.LoginTestRA" name="testLogin" time="0.31"/>
  <testcase classname="com.erudex.test.login.LoginTestRA" name="testLogin" time="0.319"/>
  <testcase classname="com.erudex.test.login.LoginTestRA" name="testLogin" time="0.316"/>
  <testcase classname="com.erudex.test.login.LoginTestRA" name="testLogin" time="0.314"/>
  <testcase classname="com.erudex.test.login.LoginTestRA" name="testLogin" time="0.324"/>
  <testcase classname="com.erudex.test.login.LoginTestRA" name="testLogin" time="0.318"/>
  <testcase classname="com.erudex.test.login.LoginTestRA" name="testLogin" time="0.313"/>
  <testcase classname="com.erudex.test.login.LoginTestRA" name="testLogin" time="0.316"/>
  <testcase classname="com.erudex.test.login.LoginTestRA" name="testLogin" time="0.312"/>
  <testcase classname="com.erudex.test.login.LoginTestRA" name="testLogin" time="0.321"/>
  <testcase classname="com.erudex.test.login.LoginTestRA" name="testLogin" time="0.31"/>
  <testcase classname="com.erudex.test.login.LoginTestRA" name="testLogin" time="0.311"/>
  <testcase classname="com.erudex.test.login.LoginTestRA" name="testLogin" time="0.314"/>
  <testcase classname="com.erudex.test.login.LoginTestRA" name="testLogin" time="0.302"/>
  <testcase classname="com.erudex.test.login.LoginTestRA" name="testLogin" time="0.317"/>
  <testcase classname="com.erudex.test.login.LoginTestRA" name="testLogin" time="0.305"/>
  <testcase classname="com.erudex.test.login.LoginTestRA" name="testLogin" time="0.7"/>
  <testcase classname="com.erudex.test.login.LoginTestRA" name="testLogin" time="0.312"/>
  <testcase classname="com.erudex.test.login.LoginTestRA" name="testLogin" time="0.313"/>
  <testcase classname="com.erudex.test.login.LoginTestRA" name="testLogin" time="0.705"/>
  <testcase classname="com.erudex.test.login.LoginTestRA" name="testLogin" time="0.304"/>
  <testcase classname="com.erudex.test.login.LoginTestRA" name="testLogin" time="0.318"/>
  <testcase classname="com.erudex.test.login.LoginTestRA" name="testLogin" time="0.311"/>
  <testcase classname="com.erudex.test.login.LoginTestRA" name="testLogin" time="0.315"/>
  <testcase classname="com.erudex.test.login.LoginTestRA" name="testLogin" time="0.315"/>
  <testcase classname="com.erudex.test.login.LoginTestRA" name="testLogin" time="0.312"/>
  <testcase classname="com.erudex.test.login.LoginTestRA" name="testLogin" time="0.308"/>
  <testcase classname="com.erudex.test.login.LoginTestRA" name="testLogin" time="0.319"/>
  <testcase classname="com.erudex.test.login.LoginTestRA" name="testLogin" time="0.326"/>
  <testcase classname="com.erudex.test.login.LoginTestRA" name="testLogin" time="0.313"/>
  <testcase classname="com.erudex.test.login.LoginTestRA" name="testLogin" time="0.311"/>
  <testcase classname="com.erudex.test.login.LoginTestRA" name="testLogin" time="0.317"/>
  <testcase classname="com.erudex.test.login.LoginTestRA" name="testLogin" time="0.312"/>
  <testcase classname="com.erudex.test.login.LoginTestRA" name="testLogin" time="0.312"/>
  <testcase classname="com.erudex.test.login.LoginTestRA" name="testLogin" time="0.317"/>
  <testcase classname="com.erudex.test.login.LoginTestRA" name="testLogin" time="0.306"/>
  <testcase classname="com.erudex.test.login.LoginTestRA" name="testLogin" time="0.311"/>
  <testcase classname="com.erudex.test.login.LoginTestRA" name="testLogin" time="0.305"/>
  <testcase classname="com.erudex.test.login.LoginTestRA" name="testLogin" time="0.326"/>
  <testcase classname="com.erudex.test.login.LoginTestRA" name="testLogin" time="0.307"/>
  <testcase classname="com.erudex.test.login.LoginTestRA" name="testLogin" time="0.309"/>
  <testcase classname="com.erudex.test.login.LoginTestRA" name="testLogin" time="0.307"/>
  <testcase classname="com.erudex.test.login.LoginTestRA" name="testLogin" time="0.314"/>
  <testcase classname="com.erudex.test.login.LoginTestRA" name="testLogin" time="0.306"/>
  <testcase classname="com.erudex.test.login.LoginTestRA" name="testLogin" time="0.333"/>
  <testcase classname="com.erudex.test.login.LoginTestRA" name="testLogin" time="0.31"/>
  <testcase classname="com.erudex.test.login.LoginTestRA" name="testLogin" time="0.31"/>
  <testcase classname="com.erudex.test.login.LoginTestRA" name="testLogin" time="0.315"/>
  <testcase classname="com.erudex.test.login.LoginTestRA" name="testLogin" time="0.304"/>
  <testcase classname="com.erudex.test.login.LoginTestRA" name="testLogin" time="0.324"/>
  <testcase classname="com.erudex.test.login.LoginTestRA" name="testLogin" time="0.321"/>
  <testcase classname="com.erudex.test.login.LoginTestRA" name="testLogin" time="0.322"/>
  <testcase classname="com.erudex.test.login.LoginTestRA" name="testLogin" time="0.324"/>
  <testcase classname="com.erudex.test.login.LoginTestRA" name="testLogin" time="0.696"/>
  <testcase classname="com.erudex.test.login.LoginTestRA" name="testLogin" time="0.311"/>
  <testcase classname="com.erudex.test.login.LoginTestRA" name="testLogin" time="0.311"/>
  <testcase classname="com.erudex.test.login.LoginTestRA" name="testLogin" time="0.318"/>
  <testcase classname="com.erudex.test.login.LoginTestRA" name="testLogin" time="0.321"/>
  <testcase classname="com.erudex.test.login.LoginTestRA" name="testLogin" time="0.317"/>
  <testcase classname="com.erudex.test.login.LoginTestRA" name="testLogin" time="0.323"/>
  <testcase classname="com.erudex.test.login.LoginTestRA" name="testLogin" time="0.307"/>
  <testcase classname="com.erudex.test.login.LoginTestRA" name="testLogin" time="0.308"/>
  <testcase classname="com.erudex.test.login.LoginTestRA" name="testLogin" time="0.311"/>
  <testcase classname="com.erudex.test.login.LoginTestRA" name="testLogin" time="0.316"/>
  <testcase classname="com.erudex.test.login.LoginTestRA" name="testLogin" time="0.319"/>
  <testcase classname="com.erudex.test.login.LoginTestRA" name="testLogin" time="0.316"/>
  <testcase classname="com.erudex.test.login.LoginTestRA" name="testLogin" time="0.31"/>
  <testcase classname="com.erudex.test.login.LoginTestRA" name="testLogin" time="0.312"/>
  <testcase classname="com.erudex.test.login.LoginTestRA" name="testLogin" time="0.316"/>
  <testcase classname="com.erudex.test.login.LoginTestRA" name="testLogin" time="0.325"/>
  <testcase classname="com.erudex.test.login.LoginTestRA" name="testLogin" time="0.311"/>
  <testcase classname="com.erudex.test.login.LoginTestRA" name="testLogin" time="0.318"/>
  <testcase classname="com.erudex.test.login.LoginTestRA" name="testLogin" time="0.319"/>
  <testcase classname="com.erudex.test.login.LoginTestRA" name="testLogin" time="0.317"/>
  <testcase classname="com.erudex.test.login.LoginTestRA" name="testLogin" time="0.345"/>
  <testcase classname="com.erudex.test.login.LoginTestRA" name="testLogin" time="0.355"/>
  <testcase classname="com.erudex.test.login.LoginTestRA" name="testLogin" time="0.313"/>
  <testcase classname="com.erudex.test.login.LoginTestRA" name="testLogin" time="0.309"/>
  <testcase classname="com.erudex.test.login.LoginTestRA" name="testLogin" time="0.319"/>
  <testcase classname="com.erudex.test.login.LoginTestRA" name="testLogin" time="0.314"/>
  <testcase classname="com.erudex.test.login.LoginTestRA" name="testLogin" time="0.307"/>
  <testcase classname="com.erudex.test.login.LoginTestRA" name="testLogin" time="0.312"/>
  <testcase classname="com.erudex.test.login.LoginTestRA" name="testLogin" time="0.308"/>
  <testcase classname="com.erudex.test.login.LoginTestRA" name="testLogin" time="0.309"/>
  <testcase classname="com.erudex.test.login.LoginTestRA" name="testLogin" time="0.31"/>
  <testcase classname="com.erudex.test.login.LoginTestRA" name="testLogin" time="0.315"/>
  <testcase classname="com.erudex.test.login.LoginTestRA" name="testLogin" time="0.317"/>
  <testcase classname="com.erudex.test.login.LoginTestRA" name="testLogin" time="0.316"/>
  <testcase classname="com.erudex.test.login.LoginTestRA" name="testLogin" time="0.305"/>
  <testcase classname="com.erudex.test.login.LoginTestRA" name="testLogin" time="0.305"/>
  <testcase classname="com.erudex.test.login.LoginTestRA" name="testLogin" time="0.311"/>
  <testcase classname="com.erudex.test.login.LoginTestRA" name="testLogin" time="0.307"/>
  <testcase classname="com.erudex.test.login.LoginTestRA" name="testLogin" time="0.31"/>
  <testcase classname="com.erudex.test.login.LoginTestRA" name="testLogin" time="0.309"/>
  <testcase classname="com.erudex.test.login.LoginTestRA" name="testLogin" time="0.31"/>
  <testcase classname="com.erudex.test.login.LoginTestRA" name="testLogin" time="0.311"/>
  <testcase classname="com.erudex.test.login.LoginTestRA" name="testLogin" time="0.313"/>
  <testcase classname="com.erudex.test.login.LoginTestRA" name="testLogin" time="0.314"/>
  <testcase classname="com.erudex.test.login.LoginTestRA" name="testLogin" time="0.313"/>
  <testcase classname="com.erudex.test.login.LoginTestRA" name="testLogin" time="0.723"/>
  <testcase classname="com.erudex.test.login.LoginTestRA" name="testLogin" time="0.313"/>
  <testcase classname="com.erudex.test.login.LoginTestRA" name="testLogin" time="0.315"/>
  <testcase classname="com.erudex.test.login.LoginTestRA" name="testLogin" time="0.301"/>
  <testcase classname="com.erudex.test.login.LoginTestRA" name="testLogin" time="0.313"/>
  <testcase classname="com.erudex.test.login.LoginTestRA" name="testLogin" time="0.311"/>
  <testcase classname="com.erudex.test.login.LoginTestRA" name="testLogin" time="0.31"/>
  <testcase classname="com.erudex.test.login.LoginTestRA" name="testLogin" time="0.312"/>
  <testcase classname="com.erudex.test.login.LoginTestRA" name="testLogin" time="0.361"/>
  <testcase classname="com.erudex.test.login.LoginTestRA" name="testLogin" time="0.309"/>
  <testcase classname="com.erudex.test.login.LoginTestRA" name="testLogin" time="0.321"/>
  <testcase classname="com.erudex.test.login.LoginTestRA" name="testLogin" time="0.317"/>
  <testcase classname="com.erudex.test.login.LoginTestRA" name="testLogin" time="0.321"/>
  <testcase classname="com.erudex.test.login.LoginTestRA" name="testLogin" time="0.323"/>
  <testcase classname="com.erudex.test.login.LoginTestRA" name="testLogin" time="0.315"/>
  <testcase classname="com.erudex.test.login.LoginTestRA" name="testLogin" time="0.319"/>
  <testcase classname="com.erudex.test.login.LoginTestRA" name="testLogin" time="0.309"/>
  <testcase classname="com.erudex.test.login.LoginTestRA" name="testLogin" time="0.312"/>
  <testcase classname="com.erudex.test.login.LoginTestRA" name="testLogin" time="0.301"/>
  <testcase classname="com.erudex.test.login.LoginTestRA" name="testLogin" time="0.31"/>
  <testcase classname="com.erudex.test.login.LoginTestRA" name="testLogin" time="0.322"/>
  <testcase classname="com.erudex.test.login.LoginTestRA" name="testLogin" time="0.31"/>
  <testcase classname="com.erudex.test.login.LoginTestRA" name="testLogin" time="0.311"/>
  <testcase classname="com.erudex.test.login.LoginTestRA" name="testLogin" time="0.304"/>
  <testcase classname="com.erudex.test.login.LoginTestRA" name="testLogin" time="0.307"/>
  <testcase classname="com.erudex.test.login.LoginTestRA" name="testLogin" time="0.305"/>
  <testcase classname="com.erudex.test.login.LoginTestRA" name="testLogin" time="0.314"/>
  <testcase classname="com.erudex.test.login.LoginTestRA" name="testLogin" time="0.305"/>
  <testcase classname="com.erudex.test.login.LoginTestRA" name="testLogin" time="0.309"/>
  <testcase classname="com.erudex.test.login.LoginTestRA" name="testLogin" time="0.31"/>
  <testcase classname="com.erudex.test.login.LoginTestRA" name="testLogin" time="0.31"/>
  <testcase classname="com.erudex.test.login.LoginTestRA" name="testLogin" time="0.311"/>
  <testcase classname="com.erudex.test.login.LoginTestRA" name="testLogin" time="0.306"/>
  <testcase classname="com.erudex.test.login.LoginTestRA" name="testLogin" time="0.305"/>
  <testcase classname="com.erudex.test.login.LoginTestRA" name="testLogin" time="0.3"/>
  <testcase classname="com.erudex.test.login.LoginTestRA" name="testLogin" time="0.314"/>
  <testcase classname="com.erudex.test.login.LoginTestRA" name="testLogin" time="0.308"/>
  <testcase classname="com.erudex.test.login.LoginTestRA" name="testLogin" time="0.316"/>
  <testcase classname="com.erudex.test.login.LoginTestRA" name="testLogin" time="0.31"/>
  <testcase classname="com.erudex.test.login.LoginTestRA" name="testLogin" time="0.315"/>
  <testcase classname="com.erudex.test.login.LoginTestRA" name="testLogin" time="0.313"/>
  <testcase classname="com.erudex.test.login.LoginTestRA" name="testLogin" time="0.31"/>
  <testcase classname="com.erudex.test.login.LoginTestRA" name="testLogin" time="0.313"/>
  <testcase classname="com.erudex.test.login.LoginTestRA" name="testLogin" time="0.319"/>
  <testcase classname="com.erudex.test.login.LoginTestRA" name="testLogin" time="0.323"/>
  <testcase classname="com.erudex.test.login.LoginTestRA" name="testLogin" time="0.314"/>
  <testcase classname="com.erudex.test.login.LoginTestRA" name="testLogin" time="0.331"/>
  <testcase classname="com.erudex.test.login.LoginTestRA" name="testLogin" time="0.32"/>
  <testcase classname="com.erudex.test.login.LoginTestRA" name="testLogin" time="0.308"/>
  <testcase classname="com.erudex.test.login.LoginTestRA" name="testLogin" time="0.31"/>
  <testcase classname="com.erudex.test.login.LoginTestRA" name="testLogin" time="0.324"/>
  <testcase classname="com.erudex.test.login.LoginTestRA" name="testLogin" time="0.308"/>
  <testcase classname="com.erudex.test.login.LoginTestRA" name="testLogin" time="0.309"/>
  <testcase classname="com.erudex.test.login.LoginTestRA" name="testLogin" time="0.308"/>
  <testcase classname="com.erudex.test.login.LoginTestRA" name="testLogin" time="0.317"/>
  <testcase classname="com.erudex.test.login.LoginTestRA" name="testLogin" time="0.315"/>
  <testcase classname="com.erudex.test.login.LoginTestRA" name="testLogin" time="0.313"/>
  <testcase classname="com.erudex.test.login.LoginTestRA" name="testLogin" time="0.312"/>
  <testcase classname="com.erudex.test.login.LoginTestRA" name="testLogin" time="0.308"/>
  <testcase classname="com.erudex.test.login.LoginTestRA" name="testLogin" time="0.314"/>
  <testcase classname="com.erudex.test.login.LoginTestRA" name="testLogin" time="0.315"/>
  <testcase classname="com.erudex.test.login.LoginTestRA" name="testLogin" time="0.326"/>
  <testcase classname="com.erudex.test.login.LoginTestRA" name="testLogin" time="0.321"/>
  <testcase classname="com.erudex.test.login.LoginTestRA" name="testLogin" time="0.312"/>
  <testcase classname="com.erudex.test.login.LoginTestRA" name="testLogin" time="0.301"/>
  <testcase classname="com.erudex.test.login.LoginTestRA" name="testLogin" time="0.313"/>
  <testcase classname="com.erudex.test.login.LoginTestRA" name="testLogin" time="0.326"/>
  <testcase classname="com.erudex.test.login.LoginTestRA" name="testLogin" time="0.32"/>
  <testcase classname="com.erudex.test.login.LoginTestRA" name="testLogin" time="0.316"/>
  <testcase classname="com.erudex.test.login.LoginTestRA" name="testLogin" time="0.325"/>
  <testcase classname="com.erudex.test.login.LoginTestRA" name="testLogin" time="0.326"/>
  <testcase classname="com.erudex.test.login.LoginTestRA" name="testLogin" time="0.314"/>
  <testcase classname="com.erudex.test.login.LoginTestRA" name="testLogin" time="0.318"/>
  <testcase classname="com.erudex.test.login.LoginTestRA" name="testLogin" time="0.307"/>
  <testcase classname="com.erudex.test.login.LoginTestRA" name="testLogin" time="0.324"/>
  <testcase classname="com.erudex.test.login.LoginTestRA" name="testLogin" time="0.452"/>
  <testcase classname="com.erudex.test.login.LoginTestRA" name="testLogin" time="0.328"/>
  <testcase classname="com.erudex.test.login.LoginTestRA" name="testLogin" time="0.319"/>
  <testcase classname="com.erudex.test.login.LoginTestRA" name="testLogin" time="0.331"/>
  <testcase classname="com.erudex.test.login.LoginTestRA" name="testLogin" time="0.37"/>
  <testcase classname="com.erudex.test.login.LoginTestRA" name="testLogin" time="0.314"/>
  <testcase classname="com.erudex.test.login.LoginTestRA" name="testLogin" time="0.315"/>
  <testcase classname="com.erudex.test.login.LoginTestRA" name="testLogin" time="0.334"/>
  <testcase classname="com.erudex.test.login.LoginTestRA" name="testLogin" time="0.322"/>
  <testcase classname="com.erudex.test.login.LoginTestRA" name="testLogin" time="0.308"/>
  <testcase classname="com.erudex.test.login.LoginTestRA" name="testLogin" time="0.319"/>
  <testcase classname="com.erudex.test.login.LoginTestRA" name="testLogin" time="0.311"/>
  <testcase classname="com.erudex.test.login.LoginTestRA" name="testLogin" time="0.311"/>
  <testcase classname="com.erudex.test.login.LoginTestRA" name="testLogin" time="0.305"/>
  <testcase classname="com.erudex.test.login.LoginTestRA" name="testLogin" time="0.318"/>
  <testcase classname="com.erudex.test.login.LoginTestRA" name="testLogin" time="0.31"/>
  <testcase classname="com.erudex.test.login.LoginTestRA" name="testLogin" time="0.316"/>
  <testcase classname="com.erudex.test.login.LoginTestRA" name="testLogin" time="0.31"/>
  <testcase classname="com.erudex.test.login.LoginTestRA" name="testLogin" time="0.331"/>
  <testcase classname="com.erudex.test.login.LoginTestRA" name="testLogin" time="0.346"/>
  <testcase classname="com.erudex.test.login.LoginTestRA" name="testLogin" time="0.314"/>
  <testcase classname="com.erudex.test.login.LoginTestRA" name="testLogin" time="0.407"/>
  <testcase classname="com.erudex.test.login.LoginTestRA" name="testLogin" time="0.311"/>
  <testcase classname="com.erudex.test.login.LoginTestRA" name="testLogin" time="0.31"/>
  <testcase classname="com.erudex.test.login.LoginTestRA" name="testLogin" time="0.309"/>
  <testcase classname="com.erudex.test.login.LoginTestRA" name="testLogin" time="0.305"/>
  <testcase classname="com.erudex.test.login.LoginTestRA" name="testLogin" time="0.302"/>
  <testcase classname="com.erudex.test.login.LoginTestRA" name="testLogin" time="0.3"/>
  <testcase classname="com.erudex.test.login.LoginTestRA" name="testLogin" time="0.308"/>
  <testcase classname="com.erudex.test.login.LoginTestRA" name="testLogin" time="0.317"/>
  <testcase classname="com.erudex.test.login.LoginTestRA" name="testLogin" time="0.325"/>
  <testcase classname="com.erudex.test.login.LoginTestRA" name="testLogin" time="0.31"/>
  <testcase classname="com.erudex.test.login.LoginTestRA" name="testLogin" time="0.312"/>
  <testcase classname="com.erudex.test.login.LoginTestRA" name="testLogin" time="0.308"/>
  <testcase classname="com.erudex.test.login.LoginTestRA" name="testLogin" time="0.315"/>
  <testcase classname="com.erudex.test.login.LoginTestRA" name="testLogin" time="0.332"/>
  <testcase classname="com.erudex.test.login.LoginTestRA" name="testLogin" time="0.322"/>
  <testcase classname="com.erudex.test.login.LoginTestRA" name="testLogin" time="0.328"/>
  <testcase classname="com.erudex.test.login.LoginTestRA" name="testLogin" time="0.323"/>
  <testcase classname="com.erudex.test.login.LoginTestRA" name="testLogin" time="0.307"/>
  <testcase classname="com.erudex.test.login.LoginTestRA" name="testLogin" time="0.322"/>
[...]
  <testcase classname="com.erudex.test.login.LoginTestRA" name="testLoginWithSession" time="0.298"/>
  <testcase classname="com.erudex.test.login.LoginTestRA" name="testLoginWithSession" time="0.308"/>
  <testcase classname="com.erudex.test.login.LoginTestRA" name="testLoginWithSession" time="0.303"/>
  <testcase classname="com.erudex.test.login.LoginTestRA" name="testLoginWithSession" time="0.307"/>
  <testcase classname="com.erudex.test.login.LoginTestRA" name="testLoginWithSession" time="0.304"/>
  <testcase classname="com.erudex.test.login.LoginTestRA" name="testLoginWithSession" time="0.305"/>
  <testcase classname="com.erudex.test.login.LoginTestRA" name="testLoginWithSession" time="0.319"/>
  <testcase classname="com.erudex.test.login.LoginTestRA" name="testLoginWithSession" time="0.295"/>
  <testcase classname="com.erudex.test.login.LoginTestRA" name="testLoginWithSession" time="0.302"/>
  <testcase classname="com.erudex.test.login.LoginTestRA" name="testLoginWithSession" time="0.31"/>
  <testcase classname="com.erudex.test.login.LoginTestRA" name="testLoginWithSession" time="0.309"/>
  <testcase classname="com.erudex.test.login.LoginTestRA" name="testLoginWithSession" time="0.316"/>
  <testcase classname="com.erudex.test.login.LoginTestRA" name="testLoginWithSession" time="0.307"/>
  <testcase classname="com.erudex.test.login.LoginTestRA" name="testLoginWithSession" time="0.302"/>
  <testcase classname="com.erudex.test.login.LoginTestRA" name="testLoginWithSession" time="0.309"/>
  <testcase classname="com.erudex.test.login.LoginTestRA" name="testLoginWithSession" time="0.315"/>
  <testcase classname="com.erudex.test.login.LoginTestRA" name="testLoginWithSession" time="0.325"/>
  <testcase classname="com.erudex.test.login.LoginTestRA" name="testLoginWithSession" time="0.366"/>
  <testcase classname="com.erudex.test.login.LoginTestRA" name="testLoginWithSession" time="0.367"/>
  <testcase classname="com.erudex.test.login.LoginTestRA" name="testLoginWithSession" time="0.304"/>
  <testcase classname="com.erudex.test.login.LoginTestRA" name="testLoginWithSession" time="0.365"/>
  <testcase classname="com.erudex.test.login.LoginTestRA" name="testLoginWithSession" time="0.304"/>
  <testcase classname="com.erudex.test.login.LoginTestRA" name="testLoginWithSession" time="0.315"/>
  <testcase classname="com.erudex.test.login.LoginTestRA" name="testLoginWithSession" time="0.303"/>
  <testcase classname="com.erudex.test.login.LoginTestRA" name="testLoginWithSession" time="0.296"/>
  <testcase classname="com.erudex.test.login.LoginTestRA" name="testLoginWithSession" time="0.298"/>
  <testcase classname="com.erudex.test.login.LoginTestRA" name="testLoginWithSession" time="0.302"/>
  <testcase classname="com.erudex.test.login.LoginTestRA" name="testLoginWithSession" time="0.301"/>
  <testcase classname="com.erudex.test.login.LoginTestRA" name="testLoginWithSession" time="0.313"/>
  <testcase classname="com.erudex.test.login.LoginTestRA" name="testLoginWithSession" time="0.313"/>
  <testcase classname="com.erudex.test.login.LoginTestRA" name="testLoginWithSession" time="0.307"/>
  <testcase classname="com.erudex.test.login.LoginTestRA" name="testLoginWithSession" time="0.315"/>
  <testcase classname="com.erudex.test.login.LoginTestRA" name="testLoginWithSession" time="0.307"/>
  <testcase classname="com.erudex.test.login.LoginTestRA" name="testLoginWithSession" time="0.3"/>
  <testcase classname="com.erudex.test.login.LoginTestRA" name="testLoginWithSession" time="0.297"/>
  <testcase classname="com.erudex.test.login.LoginTestRA" name="testLoginWithSession" time="0.302"/>
  <testcase classname="com.erudex.test.login.LoginTestRA" name="testLoginWithSession" time="0.3"/>
  <testcase classname="com.erudex.test.login.LoginTestRA" name="testLoginWithSession" time="0.3"/>
  <testcase classname="com.erudex.test.login.LoginTestRA" name="testLoginWithSession" time="0.309"/>
  <testcase classname="com.erudex.test.login.LoginTestRA" name="testLoginWithSession" time="0.308"/>
  <testcase classname="com.erudex.test.login.LoginTestRA" name="testLoginWithSession" time="0.303"/>
  <testcase classname="com.erudex.test.login.LoginTestRA" name="testLoginWithSession" time="0.31"/>
  <testcase classname="com.erudex.test.login.LoginTestRA" name="testLoginWithSession" time="0.299"/>
  <testcase classname="com.erudex.test.login.LoginTestRA" name="testLoginWithSession" time="0.308"/>
  <testcase classname="com.erudex.test.login.LoginTestRA" name="testLoginWithSession" time="0.31"/>
  <testcase classname="com.erudex.test.login.LoginTestRA" name="testLoginWithSession" time="0.307"/>
  <testcase classname="com.erudex.test.login.LoginTestRA" name="testLoginWithSession" time="0.307"/>
  <testcase classname="com.erudex.test.login.LoginTestRA" name="testLoginWithSession" time="0.309"/>
  <testcase classname="com.erudex.test.login.LoginTestRA" name="testLoginWithSession" time="0.303"/>
  <testcase classname="com.erudex.test.login.LoginTestRA" name="testLoginWithSession" time="0.302"/>
  <testcase classname="com.erudex.test.login.LoginTestRA" name="testLoginWithSession" time="0.3"/>
  <testcase classname="com.erudex.test.login.LoginTestRA" name="testLoginWithSession" time="0.307"/>
  <testcase classname="com.erudex.test.login.LoginTestRA" name="testLoginWithSession" time="0.303"/>
  <testcase classname="com.erudex.test.login.LoginTestRA" name="testLoginWithSession" time="0.304"/>
  <testcase classname="com.erudex.test.login.LoginTestRA" name="testLoginWithSession" time="0.305"/>
  <testcase classname="com.erudex.test.login.LoginTestRA" name="testLoginWithSession" time="0.297"/>
  <testcase classname="com.erudex.test.login.LoginTestRA" name="testLoginWithSession" time="0.306"/>
  <testcase classname="com.erudex.test.login.LoginTestRA" name="testLoginWithSession" time="0.311"/>
  <testcase classname="com.erudex.test.login.LoginTestRA" name="testLoginWithSession" time="0.307"/>
  <testcase classname="com.erudex.test.login.LoginTestRA" name="testLoginWithSession" time="0.301"/>
  <testcase classname="com.erudex.test.login.LoginTestRA" name="testLoginWithSession" time="0.296"/>
  <testcase classname="com.erudex.test.login.LoginTestRA" name="testLoginWithSession" time="0.307"/>
  <testcase classname="com.erudex.test.login.LoginTestRA" name="testLoginWithSession" time="0.307"/>
  <testcase classname="com.erudex.test.login.LoginTestRA" name="testLoginWithSession" time="0.307"/>
  <testcase classname="com.erudex.test.login.LoginTestRA" name="testLoginWithSession" time="0.301"/>
  <testcase classname="com.erudex.test.login.LoginTestRA" name="testLoginWithSession" time="0.304"/>
  <testcase classname="com.erudex.test.login.LoginTestRA" name="testLoginWithSession" time="0.324"/>
  <testcase classname="com.erudex.test.login.LoginTestRA" name="testLoginWithSession" time="0.298"/>
  <testcase classname="com.erudex.test.login.LoginTestRA" name="testLoginWithSession" time="0.318"/>
  <testcase classname="com.erudex.test.login.LoginTestRA" name="testLoginWithSession" time="0.306"/>
  <testcase classname="com.erudex.test.login.LoginTestRA" name="testLoginWithSession" time="0.308"/>
  <testcase classname="com.erudex.test.login.LoginTestRA" name="testLoginWithSession" time="0.303"/>
  <testcase classname="com.erudex.test.login.LoginTestRA" name="testLoginWithSession" time="0.316"/>
  <testcase classname="com.erudex.test.login.LoginTestRA" name="testLoginWithSession" time="0.296"/>
  <testcase classname="com.erudex.test.login.LoginTestRA" name="testLoginWithSession" time="0.313"/>
  <testcase classname="com.erudex.test.login.LoginTestRA" name="testLoginWithSession" time="0.299"/>
  <testcase classname="com.erudex.test.login.LoginTestRA" name="testLoginWithSession" time="0.307"/>
  <testcase classname="com.erudex.test.login.LoginTestRA" name="testLoginWithSession" time="0.307"/>
  <testcase classname="com.erudex.test.login.LoginTestRA" name="testLoginWithSession" time="0.303"/>
  <testcase classname="com.erudex.test.login.LoginTestRA" name="testLoginWithSession" time="0.309"/>
  <testcase classname="com.erudex.test.login.LoginTestRA" name="testLoginWithSession" time="0.303"/>
  <testcase classname="com.erudex.test.login.LoginTestRA" name="testLoginWithSession" time="0.304"/>
  <testcase classname="com.erudex.test.login.LoginTestRA" name="testLoginWithSession" time="0.31"/>
  <testcase classname="com.erudex.test.login.LoginTestRA" name="testLoginWithSession" time="0.305"/>
  <testcase classname="com.erudex.test.login.LoginTestRA" name="testLoginWithSession" time="0.295"/>
  <testcase classname="com.erudex.test.login.LoginTestRA" name="testLoginWithSession" time="0.304"/>
  <testcase classname="com.erudex.test.login.LoginTestRA" name="testLoginWithSession" time="0.317"/>
  <testcase classname="com.erudex.test.login.LoginTestRA" name="testLoginWithSession" time="0.313"/>
  <testcase classname="com.erudex.test.login.LoginTestRA" name="testLoginWithSession" time="0.312"/>
  <testcase classname="com.erudex.test.login.LoginTestRA" name="testLoginWithSession" time="0.309"/>
  <testcase classname="com.erudex.test.login.LoginTestRA" name="testLoginWithSession" time="0.319"/>
  <testcase classname="com.erudex.test.login.LoginTestRA" name="testLoginWithSession" time="0.304"/>
  <testcase classname="com.erudex.test.login.LoginTestRA" name="testLoginWithSession" time="0.323"/>
  <testcase classname="com.erudex.test.login.LoginTestRA" name="testLoginWithSession" time="0.297"/>
  <testcase classname="com.erudex.test.login.LoginTestRA" name="testLoginWithSession" time="0.31"/>
  <testcase classname="com.erudex.test.login.LoginTestRA" name="testLoginWithSession" time="0.3"/>
  <testcase classname="com.erudex.test.login.LoginTestRA" name="testLoginWithSession" time="0.307"/>
  <testcase classname="com.erudex.test.login.LoginTestRA" name="testLoginWithSession" time="0.305"/>
  <testcase classname="com.erudex.test.login.LoginTestRA" name="testLoginWithSession" time="0.302"/>
  <testcase classname="com.erudex.test.login.LoginTestRA" name="testLoginWithSession" time="0.301"/>
  <testcase classname="com.erudex.test.login.LoginTestRA" name="testLoginWithSession" time="0.302"/>
  <testcase classname="com.erudex.test.login.LoginTestRA" name="testLoginWithSession" time="0.301"/>
  <testcase classname="com.erudex.test.login.LoginTestRA" name="testLoginWithSession" time="0.301"/>
  <testcase classname="com.erudex.test.login.LoginTestRA" name="testLoginWithSession" time="0.299"/>
  <testcase classname="com.erudex.test.login.LoginTestRA" name="testLoginWithSession" time="0.296"/>
  <testcase classname="com.erudex.test.login.LoginTestRA" name="testLoginWithSession" time="0.305"/>
  <testcase classname="com.erudex.test.login.LoginTestRA" name="testLoginWithSession" time="0.3"/>
  <testcase classname="com.erudex.test.login.LoginTestRA" name="testLoginWithSession" time="0.303"/>
  <testcase classname="com.erudex.test.login.LoginTestRA" name="testLoginWithSession" time="0.294"/>
  <testcase classname="com.erudex.test.login.LoginTestRA" name="testLoginWithSession" time="0.324"/>
  <testcase classname="com.erudex.test.login.LoginTestRA" name="testLoginWithSession" time="0.305"/>
  <testcase classname="com.erudex.test.login.LoginTestRA" name="testLoginWithSession" time="0.299"/>
  <testcase classname="com.erudex.test.login.LoginTestRA" name="testLoginWithSession" time="0.298"/>
  <testcase classname="com.erudex.test.login.LoginTestRA" name="testLoginWithSession" time="0.301"/>
  <testcase classname="com.erudex.test.login.LoginTestRA" name="testLoginWithSession" time="0.309"/>
  <testcase classname="com.erudex.test.login.LoginTestRA" name="testLoginWithSession" time="0.31"/>
  <testcase classname="com.erudex.test.login.LoginTestRA" name="testLoginWithSession" time="0.301"/>
  <testcase classname="com.erudex.test.login.LoginTestRA" name="testLoginWithSession" time="0.301"/>
  <testcase classname="com.erudex.test.login.LoginTestRA" name="testLoginWithSession" time="0.301"/>
  <testcase classname="com.erudex.test.login.LoginTestRA" name="testLoginWithSession" time="0.302"/>
  <testcase classname="com.erudex.test.login.LoginTestRA" name="testLoginWithSession" time="0.308"/>
  <testcase classname="com.erudex.test.login.LoginTestRA" name="testLoginWithSession" time="0.313"/>
  <testcase classname="com.erudex.test.login.LoginTestRA" name="testLoginWithSession" time="0.312"/>
  <testcase classname="com.erudex.test.login.LoginTestRA" name="testLoginWithSession" time="0.306"/>
  <testcase classname="com.erudex.test.login.LoginTestRA" name="testLoginWithSession" time="0.294"/>
  <testcase classname="com.erudex.test.login.LoginTestRA" name="testLoginWithSession" time="0.301"/>
  <testcase classname="com.erudex.test.login.LoginTestRA" name="testLoginWithSession" time="0.296"/>
  <testcase classname="com.erudex.test.login.LoginTestRA" name="testLoginWithSession" time="0.301"/>
  <testcase classname="com.erudex.test.login.LoginTestRA" name="testLoginWithSession" time="0.3"/>
  <testcase classname="com.erudex.test.login.LoginTestRA" name="testLoginWithSession" time="0.304"/>
  <testcase classname="com.erudex.test.login.LoginTestRA" name="testLoginWithSession" time="0.31"/>
  <testcase classname="com.erudex.test.login.LoginTestRA" name="testLoginWithSession" time="0.299"/>
  <testcase classname="com.erudex.test.login.LoginTestRA" name="testLoginWithSession" time="0.306"/>
  <testcase classname="com.erudex.test.login.LoginTestRA" name="testLoginWithSession" time="0.308"/>
  <testcase classname="com.erudex.test.login.LoginTestRA" name="testLoginWithSession" time="0.299"/>
  <testcase classname="com.erudex.test.login.LoginTestRA" name="testLoginWithSession" time="0.303"/>
  <testcase classname="com.erudex.test.login.LoginTestRA" name="testLoginWithSession" time="0.3"/>
  <testcase classname="com.erudex.test.login.LoginTestRA" name="testLoginWithSession" time="0.299"/>
  <testcase classname="com.erudex.test.login.LoginTestRA" name="testLoginWithSession" time="0.3"/>
  <testcase classname="com.erudex.test.login.LoginTestRA" name="testLoginWithSession" time="0.304"/>
  <testcase classname="com.erudex.test.login.LoginTestRA" name="testLoginWithSession" time="0.31"/>
  <testcase classname="com.erudex.test.login.LoginTestRA" name="testLoginWithSession" time="0.313"/>
  <testcase classname="com.erudex.test.login.LoginTestRA" name="testLoginWithSession" time="0.301"/>
  <testcase classname="com.erudex.test.login.LoginTestRA" name="testLoginWithSession" time="0.301"/>
  <testcase classname="com.erudex.test.login.LoginTestRA" name="testLoginWithSession" time="0.3"/>
  <testcase classname="com.erudex.test.login.LoginTestRA" name="testLoginWithSession" time="0.304"/>
  <testcase classname="com.erudex.test.login.LoginTestRA" name="testLoginWithSession" time="0.298"/>
  <testcase classname="com.erudex.test.login.LoginTestRA" name="testLoginWithSession" time="0.303"/>
  <testcase classname="com.erudex.test.login.LoginTestRA" name="testLoginWithSession" time="0.301"/>
  <testcase classname="com.erudex.test.login.LoginTestRA" name="testLoginWithSession" time="0.298"/>
  <testcase classname="com.erudex.test.login.LoginTestRA" name="testLoginWithSession" time="0.3"/>
  <testcase classname="com.erudex.test.login.LoginTestRA" name="testLoginWithSession" time="0.3"/>
  <testcase classname="com.erudex.test.login.LoginTestRA" name="testLoginWithSession" time="0.294"/>
  <testcase classname="com.erudex.test.login.LoginTestRA" name="testLoginWithSession" time="0.301"/>
  <testcase classname="com.erudex.test.login.LoginTestRA" name="testLoginWithSession" time="0.305"/>
  <testcase classname="com.erudex.test.login.LoginTestRA" name="testLoginWithSession" time="0.309"/>
  <testcase classname="com.erudex.test.login.LoginTestRA" name="testLoginWithSession" time="0.295"/>
  <testcase classname="com.erudex.test.login.LoginTestRA" name="testLoginWithSession" time="0.305"/>
  <testcase classname="com.erudex.test.login.LoginTestRA" name="testLoginWithSession" time="0.314"/>
  <testcase classname="com.erudex.test.login.LoginTestRA" name="testLoginWithSession" time="0.312"/>
  <testcase classname="com.erudex.test.login.LoginTestRA" name="testLoginWithSession" time="0.301"/>
  <testcase classname="com.erudex.test.login.LoginTestRA" name="testLoginWithSession" time="0.306"/>
  <testcase classname="com.erudex.test.login.LoginTestRA" name="testLoginWithSession" time="0.299"/>
  <testcase classname="com.erudex.test.login.LoginTestRA" name="testLoginWithSession" time="0.316"/>
  <testcase classname="com.erudex.test.login.LoginTestRA" name="testLoginWithSession" time="0.311"/>
  <testcase classname="com.erudex.test.login.LoginTestRA" name="testLoginWithSession" time="0.308"/>
  <testcase classname="com.erudex.test.login.LoginTestRA" name="testLoginWithSession" time="0.305"/>
  <testcase classname="com.erudex.test.login.LoginTestRA" name="testLoginWithSession" time="0.298"/>
  <testcase classname="com.erudex.test.login.LoginTestRA" name="testLoginWithSession" time="0.309"/>
  <testcase classname="com.erudex.test.login.LoginTestRA" name="testLoginWithSession" time="0.3"/>
  <testcase classname="com.erudex.test.login.LoginTestRA" name="testLoginWithSession" time="0.312"/>
  <testcase classname="com.erudex.test.login.LoginTestRA" name="testLoginWithSession" time="0.308"/>
  <testcase classname="com.erudex.test.login.LoginTestRA" name="testLoginWithSession" time="0.316"/>
  <testcase classname="com.erudex.test.login.LoginTestRA" name="testLoginWithSession" time="0.297"/>
  <testcase classname="com.erudex.test.login.LoginTestRA" name="testLoginWithSession" time="0.311"/>
  <testcase classname="com.erudex.test.login.LoginTestRA" name="testLoginWithSession" time="0.315"/>
  <testcase classname="com.erudex.test.login.LoginTestRA" name="testLoginWithSession" time="0.302"/>
  <testcase classname="com.erudex.test.login.LoginTestRA" name="testLoginWithSession" time="0.297"/>
  <testcase classname="com.erudex.test.login.LoginTestRA" name="testLoginWithSession" time="0.3"/>
  <testcase classname="com.erudex.test.login.LoginTestRA" name="testLoginWithSession" time="0.304"/>
  <testcase classname="com.erudex.test.login.LoginTestRA" name="testLoginWithSession" time="0.31"/>
  <testcase classname="com.erudex.test.login.LoginTestRA" name="testLoginWithSession" time="0.311"/>
  <testcase classname="com.erudex.test.login.LoginTestRA" name="testLoginWithSession" time="0.306"/>
  <testcase classname="com.erudex.test.login.LoginTestRA" name="testLoginWithSession" time="0.309"/>
  <testcase classname="com.erudex.test.login.LoginTestRA" name="testLoginWithSession" time="0.298"/>
  <testcase classname="com.erudex.test.login.LoginTestRA" name="testLoginWithSession" time="0.309"/>
  <testcase classname="com.erudex.test.login.LoginTestRA" name="testLoginWithSession" time="0.299"/>
  <testcase classname="com.erudex.test.login.LoginTestRA" name="testLoginWithSession" time="0.298"/>
  <testcase classname="com.erudex.test.login.LoginTestRA" name="testLoginWithSession" time="0.295"/>
  <testcase classname="com.erudex.test.login.LoginTestRA" name="testLoginWithSession" time="0.295"/>
  <testcase classname="com.erudex.test.login.LoginTestRA" name="testLoginWithSession" time="0.309"/>
  <testcase classname="com.erudex.test.login.LoginTestRA" name="testLoginWithSession" time="0.305"/>
  <testcase classname="com.erudex.test.login.LoginTestRA" name="testLoginWithSession" time="0.32"/>
  <testcase classname="com.erudex.test.login.LoginTestRA" name="testLoginWithSession" time="0.304"/>
  <testcase classname="com.erudex.test.login.LoginTestRA" name="testLogoutWithSession" time="0.0">
    <ignored/>
  </testcase> <!-- testLogoutWithSession -->
</testsuite> <!-- Erudex Login API  Tests -->
