{"uuid":"da549ad1-ea9b-4164-9c10-315742a64173","historyId":"ce963b4d71105a95616b9d67f95a769c","fullName":"com.erudex.test.login.LoginTestApache.testLogin","labels":[{"name":"package","value":"com.erudex.test.login.LoginTestApache"},{"name":"testClass","value":"com.erudex.test.login.LoginTestApache"},{"name":"testMethod","value":"testLogin"},{"name":"parentSuite","value":"Erudex Apache HTTP Login API Test Suite"},{"name":"suite","value":"Erudex Apache HTTP Login API  Tests"},{"name":"subSuite","value":"com.erudex.test.login.LoginTestApache"},{"name":"host","value":"Kanumuris-MacBook-Pro.local"},{"name":"thread","value":"54052@Kanumuris-MacBook-Pro.local.main(1)"},{"name":"framework","value":"testng"},{"name":"language","value":"java"},{"name":"feature","value":"Performing different API Tests using Rest-Assured"},{"name":"story","value":"Login related Assertions using Hamcrest in rest assured"},{"name":"epic","value":"Apache HTTP Client POC - Erudex Tests"},{"name":"severity","value":"normal"}],"links":[],"name":"testLogin","status":"failed","statusDetails":{"known":false,"muted":false,"flaky":false,"message":"java.lang.AssertionError","trace":"java.lang.AssertionError\n\tat org.junit.Assert.fail(Assert.java:92)\n\tat org.junit.Assert.assertTrue(Assert.java:43)\n\tat org.junit.Assert.assertTrue(Assert.java:54)\n\tat com.erudex.test.login.LoginTestApache.testLogin(LoginTestApache.java:93)\n\tat jdk.internal.reflect.GeneratedMethodAccessor176.invoke(Unknown Source)\n\tat java.base/jdk.internal.reflect.DelegatingMethodAccessorImpl.invoke(DelegatingMethodAccessorImpl.java:43)\n\tat java.base/java.lang.reflect.Method.invoke(Method.java:568)\n\tat org.testng.internal.invokers.MethodInvocationHelper.invokeMethod(MethodInvocationHelper.java:139)\n\tat org.testng.internal.invokers.TestInvoker.invokeMethod(TestInvoker.java:664)\n\tat org.testng.internal.invokers.TestInvoker.invokeTestMethod(TestInvoker.java:227)\n\tat org.testng.internal.invokers.MethodRunner.runInSequence(MethodRunner.java:50)\n\tat org.testng.internal.invokers.TestInvoker$MethodInvocationAgent.invoke(TestInvoker.java:957)\n\tat org.testng.internal.invokers.TestInvoker.invokeTestMethods(TestInvoker.java:200)\n\tat org.testng.internal.invokers.TestMethodWorker.invokeTestMethods(TestMethodWorker.java:148)\n\tat org.testng.internal.invokers.TestMethodWorker.run(TestMethodWorker.java:128)\n\tat java.base/java.util.ArrayList.forEach(ArrayList.java:1511)\n\tat org.testng.TestRunner.privateRun(TestRunner.java:848)\n\tat org.testng.TestRunner.run(TestRunner.java:621)\n\tat org.testng.SuiteRunner.runTest(SuiteRunner.java:443)\n\tat org.testng.SuiteRunner.runSequentially(SuiteRunner.java:437)\n\tat org.testng.SuiteRunner.privateRun(SuiteRunner.java:397)\n\tat org.testng.SuiteRunner.run(SuiteRunner.java:336)\n\tat org.testng.SuiteRunnerWorker.runSuite(SuiteRunnerWorker.java:52)\n\tat org.testng.SuiteRunnerWorker.run(SuiteRunnerWorker.java:95)\n\tat org.testng.TestNG.runSuitesSequentially(TestNG.java:1280)\n\tat org.testng.TestNG.runSuitesSequentially(TestNG.java:1275)\n\tat org.testng.TestNG.runSuitesLocally(TestNG.java:1200)\n\tat org.testng.TestNG.runSuites(TestNG.java:1114)\n\tat org.testng.TestNG.run(TestNG.java:1082)\n\tat org.apache.maven.surefire.testng.TestNGExecutor.run(TestNGExecutor.java:308)\n\tat org.apache.maven.surefire.testng.TestNGXmlTestSuite.execute(TestNGXmlTestSuite.java:71)\n\tat org.apache.maven.surefire.testng.TestNGProvider.invoke(TestNGProvider.java:113)\n\tat org.apache.maven.surefire.booter.ForkedBooter.runSuitesInProcess(ForkedBooter.java:385)\n\tat org.apache.maven.surefire.booter.ForkedBooter.execute(ForkedBooter.java:162)\n\tat org.apache.maven.surefire.booter.ForkedBooter.run(ForkedBooter.java:507)\n\tat org.apache.maven.surefire.booter.ForkedBooter.main(ForkedBooter.java:495)\n"},"stage":"finished","description":"Login Test","steps":[],"attachments":[],"parameters":[{"name":"arg1","value":""},{"name":"arg0","value":""}],"start":1688554378950,"stop":1688554379500}