<?xml version="1.0" encoding="UTF-8"?>
<testng-results ignored="0" total="1" passed="1" failed="0" skipped="0">
  <reporter-output>
  </reporter-output>
  <suite started-at="2023-06-22T00:35:11 EDT" name="Default suite" finished-at="2023-06-22T00:35:11 EDT" duration-ms="81">
    <groups>
    </groups>
    <test started-at="2023-06-22T00:35:11 EDT" name="Default test" finished-at="2023-06-22T00:35:11 EDT" duration-ms="81">
      <class name="Something">
        <test-method signature="demo()[pri:0, instance:Something@31fa1761]" started-at="2023-06-22T00:35:11 EDT" name="demo" finished-at="2023-06-22T00:35:11 EDT" duration-ms="10" status="PASS">
          <reporter-output>
          </reporter-output>
        </test-method> <!-- demo -->
      </class> <!-- Something -->
    </test> <!-- Default test -->
  </suite> <!-- Default suite -->
</testng-results>
