<?xml version="1.0" encoding="UTF-8"?>
<!-- Generated by org.testng.reporters.JUnitXMLReporter -->
<testsuite ignored="0" hostname="Kanumuris-MacBook-Pro.local" failures="1001" tests="3007" name="Erudex Apache HTTP Login API  Tests" time="1649.993" errors="0" timestamp="2023-07-05T07:13:40 EDT">
  <testcase classname="com.erudex.test.login.LoginTestApache" name="testNavToLoginPage" time="0.946"/>
  <testcase classname="com.erudex.test.login.LoginTestApache" name="testLogin" time="0.771"/>
  <testcase classname="com.erudex.test.login.LoginTestApache" name="testLogin" time="0.561">
    <failure type="java.lang.AssertionError">
      <![CDATA[java.lang.AssertionError
at org.junit.Assert.fail(Assert.java:92)
at org.junit.Assert.assertTrue(Assert.java:43)
at org.junit.Assert.assertTrue(Assert.java:54)
at com.erudex.test.login.LoginTestApache.testLogin(LoginTestApache.java:93)
at java.base/java.util.ArrayList.forEach(ArrayList.java:1511)
... Removed 32 stack frames]]>
    </failure>
  </testcase> <!-- testLogin -->
  <testcase classname="com.erudex.test.login.LoginTestApache" name="testLogin" time="0.584">
    <failure type="java.lang.AssertionError">
      <![CDATA[java.lang.AssertionError
at org.junit.Assert.fail(Assert.java:92)
at org.junit.Assert.assertTrue(Assert.java:43)
at org.junit.Assert.assertTrue(Assert.java:54)
at com.erudex.test.login.LoginTestApache.testLogin(LoginTestApache.java:93)
at java.base/java.util.ArrayList.forEach(ArrayList.java:1511)
... Removed 32 stack frames]]>
    </failure>
  </testcase> <!-- testLogin -->
  <testcase classname="com.erudex.test.login.LoginTestApache" name="testLogin" time="0.936">
    <failure type="java.lang.AssertionError">
      <![CDATA[java.lang.AssertionError
at org.junit.Assert.fail(Assert.java:92)
at org.junit.Assert.assertTrue(Assert.java:43)
at org.junit.Assert.assertTrue(Assert.java:54)
at com.erudex.test.login.LoginTestApache.testLogin(LoginTestApache.java:93)
at java.base/java.util.ArrayList.forEach(ArrayList.java:1511)
... Removed 32 stack frames]]>
    </failure>
  </testcase> <!-- testLogin -->
  <testcase classname="com.erudex.test.login.LoginTestApache" name="testLogin" time="0.981">
    <failure type="java.lang.AssertionError">
      <![CDATA[java.lang.AssertionError
at org.junit.Assert.fail(Assert.java:92)
at org.junit.Assert.assertTrue(Assert.java:43)
at org.junit.Assert.assertTrue(Assert.java:54)
at com.erudex.test.login.LoginTestApache.testLogin(LoginTestApache.java:93)
at java.base/java.util.ArrayList.forEach(ArrayList.java:1511)
... Removed 32 stack frames]]>
    </failure>
  </testcase> <!-- testLogin -->
  <testcase classname="com.erudex.test.login.LoginTestApache" name="testLogin" time="0.535">
    <failure type="java.lang.AssertionError">
      <![CDATA[java.lang.AssertionError
at org.junit.Assert.fail(Assert.java:92)
at org.junit.Assert.assertTrue(Assert.java:43)
at org.junit.Assert.assertTrue(Assert.java:54)
at com.erudex.test.login.LoginTestApache.testLogin(LoginTestApache.java:93)
at java.base/java.util.ArrayList.forEach(ArrayList.java:1511)
... Removed 32 stack frames]]>
    </failure>
  </testcase> <!-- testLogin -->
  <testcase classname="com.erudex.test.login.LoginTestApache" name="testLogin" time="0.493">
    <failure type="java.lang.AssertionError">
      <![CDATA[java.lang.AssertionError
at org.junit.Assert.fail(Assert.java:92)
at org.junit.Assert.assertTrue(Assert.java:43)
at org.junit.Assert.assertTrue(Assert.java:54)
at com.erudex.test.login.LoginTestApache.testLogin(LoginTestApache.java:93)
at java.base/java.util.ArrayList.forEach(ArrayList.java:1511)
... Removed 32 stack frames]]>
    </failure>
  </testcase> <!-- testLogin -->
  <testcase classname="com.erudex.test.login.LoginTestApache" name="testLogin" time="0.543">
    <failure type="java.lang.AssertionError">
      <![CDATA[java.lang.AssertionError
at org.junit.Assert.fail(Assert.java:92)
at org.junit.Assert.assertTrue(Assert.java:43)
at org.junit.Assert.assertTrue(Assert.java:54)
at com.erudex.test.login.LoginTestApache.testLogin(LoginTestApache.java:93)
at java.base/java.util.ArrayList.forEach(ArrayList.java:1511)
... Removed 32 stack frames]]>
    </failure>
  </testcase> <!-- testLogin -->
  <testcase classname="com.erudex.test.login.LoginTestApache" name="testLogin" time="0.553">
    <failure type="java.lang.AssertionError">
      <![CDATA[java.lang.AssertionError
at org.junit.Assert.fail(Assert.java:92)
at org.junit.Assert.assertTrue(Assert.java:43)
at org.junit.Assert.assertTrue(Assert.java:54)
at com.erudex.test.login.LoginTestApache.testLogin(LoginTestApache.java:93)
at java.base/java.util.ArrayList.forEach(ArrayList.java:1511)
... Removed 32 stack frames]]>
    </failure>
  </testcase> <!-- testLogin -->
  <testcase classname="com.erudex.test.login.LoginTestApache" name="testLogin" time="0.55">
    <failure type="java.lang.AssertionError">
      <![CDATA[java.lang.AssertionError
at org.junit.Assert.fail(Assert.java:92)
at org.junit.Assert.assertTrue(Assert.java:43)
at org.junit.Assert.assertTrue(Assert.java:54)
at com.erudex.test.login.LoginTestApache.testLogin(LoginTestApache.java:93)
at java.base/java.util.ArrayList.forEach(ArrayList.java:1511)
... Removed 32 stack frames]]>
    </failure>
  </testcase> <!-- testLogin -->
  <testcase classname="com.erudex.test.login.LoginTestApache" name="testLogin" time="0.537">
    <failure type="java.lang.AssertionError">
      <![CDATA[java.lang.AssertionError
at org.junit.Assert.fail(Assert.java:92)
at org.junit.Assert.assertTrue(Assert.java:43)
at org.junit.Assert.assertTrue(Assert.java:54)
at com.erudex.test.login.LoginTestApache.testLogin(LoginTestApache.java:93)
at java.base/java.util.ArrayList.forEach(ArrayList.java:1511)
... Removed 32 stack frames]]>
    </failure>
  </testcase> <!-- testLogin -->
  <testcase classname="com.erudex.test.login.LoginTestApache" name="testLogin" time="0.495">
    <failure type="java.lang.AssertionError">
      <![CDATA[java.lang.AssertionError
at org.junit.Assert.fail(Assert.java:92)
at org.junit.Assert.assertTrue(Assert.java:43)
at org.junit.Assert.assertTrue(Assert.java:54)
at com.erudex.test.login.LoginTestApache.testLogin(LoginTestApache.java:93)
at java.base/java.util.ArrayList.forEach(ArrayList.java:1511)
... Removed 32 stack frames]]>
    </failure>
  </testcase> <!-- testLogin -->
  <testcase classname="com.erudex.test.login.LoginTestApache" name="testLogin" time="0.542">
    <failure type="java.lang.AssertionError">
      <![CDATA[java.lang.AssertionError
at org.junit.Assert.fail(Assert.java:92)
at org.junit.Assert.assertTrue(Assert.java:43)
at org.junit.Assert.assertTrue(Assert.java:54)
at com.erudex.test.login.LoginTestApache.testLogin(LoginTestApache.java:93)
at java.base/java.util.ArrayList.forEach(ArrayList.java:1511)
... Removed 32 stack frames]]>
    </failure>
  </testcase> <!-- testLogin -->
  <testcase classname="com.erudex.test.login.LoginTestApache" name="testLogin" time="0.534">
    <failure type="java.lang.AssertionError">
      <![CDATA[java.lang.AssertionError
at org.junit.Assert.fail(Assert.java:92)
at org.junit.Assert.assertTrue(Assert.java:43)
at org.junit.Assert.assertTrue(Assert.java:54)
at com.erudex.test.login.LoginTestApache.testLogin(LoginTestApache.java:93)
at java.base/java.util.ArrayList.forEach(ArrayList.java:1511)
... Removed 32 stack frames]]>
    </failure>
  </testcase> <!-- testLogin -->
  <testcase classname="com.erudex.test.login.LoginTestApache" name="testLogin" time="0.567">
    <failure type="java.lang.AssertionError">
      <![CDATA[java.lang.AssertionError
at org.junit.Assert.fail(Assert.java:92)
at org.junit.Assert.assertTrue(Assert.java:43)
at org.junit.Assert.assertTrue(Assert.java:54)
at com.erudex.test.login.LoginTestApache.testLogin(LoginTestApache.java:93)
at java.base/java.util.ArrayList.forEach(ArrayList.java:1511)
... Removed 32 stack frames]]>
    </failure>
  </testcase> <!-- testLogin -->
  <testcase classname="com.erudex.test.login.LoginTestApache" name="testLogin" time="0.527">
    <failure type="java.lang.AssertionError">
      <![CDATA[java.lang.AssertionError
at org.junit.Assert.fail(Assert.java:92)
at org.junit.Assert.assertTrue(Assert.java:43)
at org.junit.Assert.assertTrue(Assert.java:54)
at com.erudex.test.login.LoginTestApache.testLogin(LoginTestApache.java:93)
at java.base/java.util.ArrayList.forEach(ArrayList.java:1511)
... Removed 32 stack frames]]>
    </failure>
  </testcase> <!-- testLogin -->
  <testcase classname="com.erudex.test.login.LoginTestApache" name="testLogin" time="0.541">
    <failure type="java.lang.AssertionError">
      <![CDATA[java.lang.AssertionError
at org.junit.Assert.fail(Assert.java:92)
at org.junit.Assert.assertTrue(Assert.java:43)
at org.junit.Assert.assertTrue(Assert.java:54)
at com.erudex.test.login.LoginTestApache.testLogin(LoginTestApache.java:93)
at java.base/java.util.ArrayList.forEach(ArrayList.java:1511)
... Removed 31 stack frames]]>
    </failure>
  </testcase> <!-- testLogin -->
  <testcase classname="com.erudex.test.login.LoginTestApache" name="testLogin" time="0.506">
    <failure type="java.lang.AssertionError">
      <![CDATA[java.lang.AssertionError
at org.junit.Assert.fail(Assert.java:92)
at org.junit.Assert.assertTrue(Assert.java:43)
at org.junit.Assert.assertTrue(Assert.java:54)
at com.erudex.test.login.LoginTestApache.testLogin(LoginTestApache.java:93)
at java.base/java.util.ArrayList.forEach(ArrayList.java:1511)
... Removed 31 stack frames]]>
    </failure>
  </testcase> <!-- testLogin -->
  <testcase classname="com.erudex.test.login.LoginTestApache" name="testLogin" time="0.547">
    <failure type="java.lang.AssertionError">
      <![CDATA[java.lang.AssertionError
at org.junit.Assert.fail(Assert.java:92)
at org.junit.Assert.assertTrue(Assert.java:43)
at org.junit.Assert.assertTrue(Assert.java:54)
at com.erudex.test.login.LoginTestApache.testLogin(LoginTestApache.java:93)
at java.base/java.util.ArrayList.forEach(ArrayList.java:1511)
... Removed 31 stack frames]]>
    </failure>
  </testcase> <!-- testLogin -->
  <testcase classname="com.erudex.test.login.LoginTestApache" name="testLogin" time="0.496">
    <failure type="java.lang.AssertionError">
      <![CDATA[java.lang.AssertionError
at org.junit.Assert.fail(Assert.java:92)
at org.junit.Assert.assertTrue(Assert.java:43)
at org.junit.Assert.assertTrue(Assert.java:54)
at com.erudex.test.login.LoginTestApache.testLogin(LoginTestApache.java:93)
at java.base/java.util.ArrayList.forEach(ArrayList.java:1511)
... Removed 31 stack frames]]>
    </failure>
  </testcase> <!-- testLogin -->
  <testcase classname="com.erudex.test.login.LoginTestApache" name="testLogin" time="0.543">
    <failure type="java.lang.AssertionError">
      <![CDATA[java.lang.AssertionError
at org.junit.Assert.fail(Assert.java:92)
at org.junit.Assert.assertTrue(Assert.java:43)
at org.junit.Assert.assertTrue(Assert.java:54)
at com.erudex.test.login.LoginTestApache.testLogin(LoginTestApache.java:93)
at java.base/java.util.ArrayList.forEach(ArrayList.java:1511)
... Removed 31 stack frames]]>
    </failure>
  </testcase> <!-- testLogin -->
  <testcase classname="com.erudex.test.login.LoginTestApache" name="testLogin" time="0.535">
    <failure type="java.lang.AssertionError">
      <![CDATA[java.lang.AssertionError
at org.junit.Assert.fail(Assert.java:92)
at org.junit.Assert.assertTrue(Assert.java:43)
at org.junit.Assert.assertTrue(Assert.java:54)
at com.erudex.test.login.LoginTestApache.testLogin(LoginTestApache.java:93)
at java.base/java.util.ArrayList.forEach(ArrayList.java:1511)
... Removed 31 stack frames]]>
    </failure>
  </testcase> <!-- testLogin -->
  <testcase classname="com.erudex.test.login.LoginTestApache" name="testLogin" time="0.969">
    <failure type="java.lang.AssertionError">
      <![CDATA[java.lang.AssertionError
at org.junit.Assert.fail(Assert.java:92)
at org.junit.Assert.assertTrue(Assert.java:43)
at org.junit.Assert.assertTrue(Assert.java:54)
at com.erudex.test.login.LoginTestApache.testLogin(LoginTestApache.java:93)
at java.base/java.util.ArrayList.forEach(ArrayList.java:1511)
... Removed 31 stack frames]]>
    </failure>
  </testcase> <!-- testLogin -->
  <testcase classname="com.erudex.test.login.LoginTestApache" name="testLogin" time="0.407">
    <failure type="java.lang.AssertionError">
      <![CDATA[java.lang.AssertionError
at org.junit.Assert.fail(Assert.java:92)
at org.junit.Assert.assertTrue(Assert.java:43)
at org.junit.Assert.assertTrue(Assert.java:54)
at com.erudex.test.login.LoginTestApache.testLogin(LoginTestApache.java:93)
at java.base/java.util.ArrayList.forEach(ArrayList.java:1511)
... Removed 31 stack frames]]>
    </failure>
  </testcase> <!-- testLogin -->
  <testcase classname="com.erudex.test.login.LoginTestApache" name="testLogin" time="0.407">
    <failure type="java.lang.AssertionError">
      <![CDATA[java.lang.AssertionError
at org.junit.Assert.fail(Assert.java:92)
at org.junit.Assert.assertTrue(Assert.java:43)
at org.junit.Assert.assertTrue(Assert.java:54)
at com.erudex.test.login.LoginTestApache.testLogin(LoginTestApache.java:93)
at java.base/java.util.ArrayList.forEach(ArrayList.java:1511)
... Removed 31 stack frames]]>
    </failure>
  </testcase> <!-- testLogin -->
  <testcase classname="com.erudex.test.login.LoginTestApache" name="testLogin" time="0.541">
    <failure type="java.lang.AssertionError">
      <![CDATA[java.lang.AssertionError
at org.junit.Assert.fail(Assert.java:92)
at org.junit.Assert.assertTrue(Assert.java:43)
at org.junit.Assert.assertTrue(Assert.java:54)
at com.erudex.test.login.LoginTestApache.testLogin(LoginTestApache.java:93)
at java.base/java.util.ArrayList.forEach(ArrayList.java:1511)
... Removed 31 stack frames]]>
    </failure>
  </testcase> <!-- testLogin -->
  <testcase classname="com.erudex.test.login.LoginTestApache" name="testLogin" time="0.662">
    <failure type="java.lang.AssertionError">
      <![CDATA[java.lang.AssertionError
at org.junit.Assert.fail(Assert.java:92)
at org.junit.Assert.assertTrue(Assert.java:43)
at org.junit.Assert.assertTrue(Assert.java:54)
at com.erudex.test.login.LoginTestApache.testLogin(LoginTestApache.java:93)
at java.base/java.util.ArrayList.forEach(ArrayList.java:1511)
... Removed 31 stack frames]]>
    </failure>
  </testcase> <!-- testLogin -->
  <testcase classname="com.erudex.test.login.LoginTestApache" name="testLogin" time="0.525">
    <failure type="java.lang.AssertionError">
      <![CDATA[java.lang.AssertionError
at org.junit.Assert.fail(Assert.java:92)
at org.junit.Assert.assertTrue(Assert.java:43)
at org.junit.Assert.assertTrue(Assert.java:54)
at com.erudex.test.login.LoginTestApache.testLogin(LoginTestApache.java:93)
at java.base/java.util.ArrayList.forEach(ArrayList.java:1511)
... Removed 31 stack frames]]>
    </failure>
  </testcase> <!-- testLogin -->
  <testcase classname="com.erudex.test.login.LoginTestApache" name="testLogin" time="0.54">
    <failure type="java.lang.AssertionError">
      <![CDATA[java.lang.AssertionError
at org.junit.Assert.fail(Assert.java:92)
at org.junit.Assert.assertTrue(Assert.java:43)
at org.junit.Assert.assertTrue(Assert.java:54)
at com.erudex.test.login.LoginTestApache.testLogin(LoginTestApache.java:93)
at java.base/java.util.ArrayList.forEach(ArrayList.java:1511)
... Removed 31 stack frames]]>
    </failure>
  </testcase> <!-- testLogin -->
  <testcase classname="com.erudex.test.login.LoginTestApache" name="testLogin" time="0.534">
    <failure type="java.lang.AssertionError">
      <![CDATA[java.lang.AssertionError
at org.junit.Assert.fail(Assert.java:92)
at org.junit.Assert.assertTrue(Assert.java:43)
at org.junit.Assert.assertTrue(Assert.java:54)
at com.erudex.test.login.LoginTestApache.testLogin(LoginTestApache.java:93)
at java.base/java.util.ArrayList.forEach(ArrayList.java:1511)
... Removed 31 stack frames]]>
    </failure>
  </testcase> <!-- testLogin -->
  <testcase classname="com.erudex.test.login.LoginTestApache" name="testLogin" time="0.363">
    <failure type="java.lang.AssertionError">
      <![CDATA[java.lang.AssertionError
at org.junit.Assert.fail(Assert.java:92)
at org.junit.Assert.assertTrue(Assert.java:43)
at org.junit.Assert.assertTrue(Assert.java:54)
at com.erudex.test.login.LoginTestApache.testLogin(LoginTestApache.java:93)
at java.base/java.util.ArrayList.forEach(ArrayList.java:1511)
... Removed 31 stack frames]]>
    </failure>
  </testcase> <!-- testLogin -->
  <testcase classname="com.erudex.test.login.LoginTestApache" name="testLogin" time="0.485">
    <failure type="java.lang.AssertionError">
      <![CDATA[java.lang.AssertionError
at org.junit.Assert.fail(Assert.java:92)
at org.junit.Assert.assertTrue(Assert.java:43)
at org.junit.Assert.assertTrue(Assert.java:54)
at com.erudex.test.login.LoginTestApache.testLogin(LoginTestApache.java:93)
at java.base/java.util.ArrayList.forEach(ArrayList.java:1511)
... Removed 31 stack frames]]>
    </failure>
  </testcase> <!-- testLogin -->
  <testcase classname="com.erudex.test.login.LoginTestApache" name="testLogin" time="0.52">
    <failure type="java.lang.AssertionError">
      <![CDATA[java.lang.AssertionError
at org.junit.Assert.fail(Assert.java:92)
at org.junit.Assert.assertTrue(Assert.java:43)
at org.junit.Assert.assertTrue(Assert.java:54)
at com.erudex.test.login.LoginTestApache.testLogin(LoginTestApache.java:93)
at java.base/java.util.ArrayList.forEach(ArrayList.java:1511)
... Removed 31 stack frames]]>
    </failure>
  </testcase> <!-- testLogin -->
  <testcase classname="com.erudex.test.login.LoginTestApache" name="testLogin" time="1.063">
    <failure type="java.lang.AssertionError">
      <![CDATA[java.lang.AssertionError
at org.junit.Assert.fail(Assert.java:92)
at org.junit.Assert.assertTrue(Assert.java:43)
at org.junit.Assert.assertTrue(Assert.java:54)
at com.erudex.test.login.LoginTestApache.testLogin(LoginTestApache.java:93)
at java.base/java.util.ArrayList.forEach(ArrayList.java:1511)
... Removed 31 stack frames]]>
    </failure>
  </testcase> <!-- testLogin -->
  <testcase classname="com.erudex.test.login.LoginTestApache" name="testLogin" time="0.539">
    <failure type="java.lang.AssertionError">
      <![CDATA[java.lang.AssertionError
at org.junit.Assert.fail(Assert.java:92)
at org.junit.Assert.assertTrue(Assert.java:43)
at org.junit.Assert.assertTrue(Assert.java:54)
at com.erudex.test.login.LoginTestApache.testLogin(LoginTestApache.java:93)
at java.base/java.util.ArrayList.forEach(ArrayList.java:1511)
... Removed 31 stack frames]]>
    </failure>
  </testcase> <!-- testLogin -->
  <testcase classname="com.erudex.test.login.LoginTestApache" name="testLogin" time="0.497">
    <failure type="java.lang.AssertionError">
      <![CDATA[java.lang.AssertionError
at org.junit.Assert.fail(Assert.java:92)
at org.junit.Assert.assertTrue(Assert.java:43)
at org.junit.Assert.assertTrue(Assert.java:54)
at com.erudex.test.login.LoginTestApache.testLogin(LoginTestApache.java:93)
at java.base/java.util.ArrayList.forEach(ArrayList.java:1511)
... Removed 31 stack frames]]>
    </failure>
  </testcase> <!-- testLogin -->
  <testcase classname="com.erudex.test.login.LoginTestApache" name="testLogin" time="0.487">
    <failure type="java.lang.AssertionError">
      <![CDATA[java.lang.AssertionError
at org.junit.Assert.fail(Assert.java:92)
at org.junit.Assert.assertTrue(Assert.java:43)
at org.junit.Assert.assertTrue(Assert.java:54)
at com.erudex.test.login.LoginTestApache.testLogin(LoginTestApache.java:93)
at java.base/java.util.ArrayList.forEach(ArrayList.java:1511)
... Removed 31 stack frames]]>
    </failure>
  </testcase> <!-- testLogin -->
  <testcase classname="com.erudex.test.login.LoginTestApache" name="testLogin" time="0.532">
    <failure type="java.lang.AssertionError">
      <![CDATA[java.lang.AssertionError
at org.junit.Assert.fail(Assert.java:92)
at org.junit.Assert.assertTrue(Assert.java:43)
at org.junit.Assert.assertTrue(Assert.java:54)
at com.erudex.test.login.LoginTestApache.testLogin(LoginTestApache.java:93)
at java.base/java.util.ArrayList.forEach(ArrayList.java:1511)
... Removed 31 stack frames]]>
    </failure>
  </testcase> <!-- testLogin -->
  <testcase classname="com.erudex.test.login.LoginTestApache" name="testLogin" time="0.551">
    <failure type="java.lang.AssertionError">
      <![CDATA[java.lang.AssertionError
at org.junit.Assert.fail(Assert.java:92)
at org.junit.Assert.assertTrue(Assert.java:43)
at org.junit.Assert.assertTrue(Assert.java:54)
at com.erudex.test.login.LoginTestApache.testLogin(LoginTestApache.java:93)
at java.base/java.util.ArrayList.forEach(ArrayList.java:1511)
... Removed 31 stack frames]]>
    </failure>
  </testcase> <!-- testLogin -->
  <testcase classname="com.erudex.test.login.LoginTestApache" name="testLogin" time="0.49">
    <failure type="java.lang.AssertionError">
      <![CDATA[java.lang.AssertionError
at org.junit.Assert.fail(Assert.java:92)
at org.junit.Assert.assertTrue(Assert.java:43)
at org.junit.Assert.assertTrue(Assert.java:54)
at com.erudex.test.login.LoginTestApache.testLogin(LoginTestApache.java:93)
at java.base/java.util.ArrayList.forEach(ArrayList.java:1511)
... Removed 31 stack frames]]>
    </failure>
  </testcase> <!-- testLogin -->
  <testcase classname="com.erudex.test.login.LoginTestApache" name="testLogin" time="0.596">
    <failure type="java.lang.AssertionError">
      <![CDATA[java.lang.AssertionError
at org.junit.Assert.fail(Assert.java:92)
at org.junit.Assert.assertTrue(Assert.java:43)
at org.junit.Assert.assertTrue(Assert.java:54)
at com.erudex.test.login.LoginTestApache.testLogin(LoginTestApache.java:93)
at java.base/java.util.ArrayList.forEach(ArrayList.java:1511)
... Removed 31 stack frames]]>
    </failure>
  </testcase> <!-- testLogin -->
  <testcase classname="com.erudex.test.login.LoginTestApache" name="testLogin" time="0.547">
    <failure type="java.lang.AssertionError">
      <![CDATA[java.lang.AssertionError
at org.junit.Assert.fail(Assert.java:92)
at org.junit.Assert.assertTrue(Assert.java:43)
at org.junit.Assert.assertTrue(Assert.java:54)
at com.erudex.test.login.LoginTestApache.testLogin(LoginTestApache.java:93)
at java.base/java.util.ArrayList.forEach(ArrayList.java:1511)
... Removed 31 stack frames]]>
    </failure>
  </testcase> <!-- testLogin -->
  <testcase classname="com.erudex.test.login.LoginTestApache" name="testLogin" time="0.543">
    <failure type="java.lang.AssertionError">
      <![CDATA[java.lang.AssertionError
at org.junit.Assert.fail(Assert.java:92)
at org.junit.Assert.assertTrue(Assert.java:43)
at org.junit.Assert.assertTrue(Assert.java:54)
at com.erudex.test.login.LoginTestApache.testLogin(LoginTestApache.java:93)
at java.base/java.util.ArrayList.forEach(ArrayList.java:1511)
... Removed 31 stack frames]]>
    </failure>
  </testcase> <!-- testLogin -->
  <testcase classname="com.erudex.test.login.LoginTestApache" name="testLogin" time="0.486">
    <failure type="java.lang.AssertionError">
      <![CDATA[java.lang.AssertionError
at org.junit.Assert.fail(Assert.java:92)
at org.junit.Assert.assertTrue(Assert.java:43)
at org.junit.Assert.assertTrue(Assert.java:54)
at com.erudex.test.login.LoginTestApache.testLogin(LoginTestApache.java:93)
at java.base/java.util.ArrayList.forEach(ArrayList.java:1511)
... Removed 31 stack frames]]>
    </failure>
  </testcase> <!-- testLogin -->
  <testcase classname="com.erudex.test.login.LoginTestApache" name="testLogin" time="0.557">
    <failure type="java.lang.AssertionError">
      <![CDATA[java.lang.AssertionError
at org.junit.Assert.fail(Assert.java:92)
at org.junit.Assert.assertTrue(Assert.java:43)
at org.junit.Assert.assertTrue(Assert.java:54)
at com.erudex.test.login.LoginTestApache.testLogin(LoginTestApache.java:93)
at java.base/java.util.ArrayList.forEach(ArrayList.java:1511)
... Removed 31 stack frames]]>
    </failure>
  </testcase> <!-- testLogin -->
  <testcase classname="com.erudex.test.login.LoginTestApache" name="testLogin" time="0.545">
    <failure type="java.lang.AssertionError">
      <![CDATA[java.lang.AssertionError
at org.junit.Assert.fail(Assert.java:92)
at org.junit.Assert.assertTrue(Assert.java:43)
at org.junit.Assert.assertTrue(Assert.java:54)
at com.erudex.test.login.LoginTestApache.testLogin(LoginTestApache.java:93)
at java.base/java.util.ArrayList.forEach(ArrayList.java:1511)
... Removed 31 stack frames]]>
    </failure>
  </testcase> <!-- testLogin -->
  <testcase classname="com.erudex.test.login.LoginTestApache" name="testLogin" time="0.491">
    <failure type="java.lang.AssertionError">
      <![CDATA[java.lang.AssertionError
at org.junit.Assert.fail(Assert.java:92)
at org.junit.Assert.assertTrue(Assert.java:43)
at org.junit.Assert.assertTrue(Assert.java:54)
at com.erudex.test.login.LoginTestApache.testLogin(LoginTestApache.java:93)
at java.base/java.util.ArrayList.forEach(ArrayList.java:1511)
... Removed 31 stack frames]]>
    </failure>
  </testcase> <!-- testLogin -->
  <testcase classname="com.erudex.test.login.LoginTestApache" name="testLogin" time="0.538">
    <failure type="java.lang.AssertionError">
      <![CDATA[java.lang.AssertionError
at org.junit.Assert.fail(Assert.java:92)
at org.junit.Assert.assertTrue(Assert.java:43)
at org.junit.Assert.assertTrue(Assert.java:54)
at com.erudex.test.login.LoginTestApache.testLogin(LoginTestApache.java:93)
at java.base/java.util.ArrayList.forEach(ArrayList.java:1511)
... Removed 31 stack frames]]>
    </failure>
  </testcase> <!-- testLogin -->
  <testcase classname="com.erudex.test.login.LoginTestApache" name="testLogin" time="0.555">
    <failure type="java.lang.AssertionError">
      <![CDATA[java.lang.AssertionError
at org.junit.Assert.fail(Assert.java:92)
at org.junit.Assert.assertTrue(Assert.java:43)
at org.junit.Assert.assertTrue(Assert.java:54)
at com.erudex.test.login.LoginTestApache.testLogin(LoginTestApache.java:93)
at java.base/java.util.ArrayList.forEach(ArrayList.java:1511)
... Removed 31 stack frames]]>
    </failure>
  </testcase> <!-- testLogin -->
  <testcase classname="com.erudex.test.login.LoginTestApache" name="testLogin" time="0.873">
    <failure type="java.lang.AssertionError">
      <![CDATA[java.lang.AssertionError
at org.junit.Assert.fail(Assert.java:92)
at org.junit.Assert.assertTrue(Assert.java:43)
at org.junit.Assert.assertTrue(Assert.java:54)
at com.erudex.test.login.LoginTestApache.testLogin(LoginTestApache.java:93)
at java.base/java.util.ArrayList.forEach(ArrayList.java:1511)
... Removed 31 stack frames]]>
    </failure>
  </testcase> <!-- testLogin -->
  <testcase classname="com.erudex.test.login.LoginTestApache" name="testLogin" time="0.535">
    <failure type="java.lang.AssertionError">
      <![CDATA[java.lang.AssertionError
at org.junit.Assert.fail(Assert.java:92)
at org.junit.Assert.assertTrue(Assert.java:43)
at org.junit.Assert.assertTrue(Assert.java:54)
at com.erudex.test.login.LoginTestApache.testLogin(LoginTestApache.java:93)
at java.base/java.util.ArrayList.forEach(ArrayList.java:1511)
... Removed 31 stack frames]]>
    </failure>
  </testcase> <!-- testLogin -->
  <testcase classname="com.erudex.test.login.LoginTestApache" name="testLogin" time="0.499">
    <failure type="java.lang.AssertionError">
      <![CDATA[java.lang.AssertionError
at org.junit.Assert.fail(Assert.java:92)
at org.junit.Assert.assertTrue(Assert.java:43)
at org.junit.Assert.assertTrue(Assert.java:54)
at com.erudex.test.login.LoginTestApache.testLogin(LoginTestApache.java:93)
at java.base/java.util.ArrayList.forEach(ArrayList.java:1511)
... Removed 31 stack frames]]>
    </failure>
  </testcase> <!-- testLogin -->
  <testcase classname="com.erudex.test.login.LoginTestApache" name="testLogin" time="0.537">
    <failure type="java.lang.AssertionError">
      <![CDATA[java.lang.AssertionError
at org.junit.Assert.fail(Assert.java:92)
at org.junit.Assert.assertTrue(Assert.java:43)
at org.junit.Assert.assertTrue(Assert.java:54)
at com.erudex.test.login.LoginTestApache.testLogin(LoginTestApache.java:93)
at java.base/java.util.ArrayList.forEach(ArrayList.java:1511)
... Removed 31 stack frames]]>
    </failure>
  </testcase> <!-- testLogin -->
  <testcase classname="com.erudex.test.login.LoginTestApache" name="testLogin" time="0.525">
    <failure type="java.lang.AssertionError">
      <![CDATA[java.lang.AssertionError
at org.junit.Assert.fail(Assert.java:92)
at org.junit.Assert.assertTrue(Assert.java:43)
at org.junit.Assert.assertTrue(Assert.java:54)
at com.erudex.test.login.LoginTestApache.testLogin(LoginTestApache.java:93)
at java.base/java.util.ArrayList.forEach(ArrayList.java:1511)
... Removed 31 stack frames]]>
    </failure>
  </testcase> <!-- testLogin -->
  <testcase classname="com.erudex.test.login.LoginTestApache" name="testLogin" time="0.544">
    <failure type="java.lang.AssertionError">
      <![CDATA[java.lang.AssertionError
at org.junit.Assert.fail(Assert.java:92)
at org.junit.Assert.assertTrue(Assert.java:43)
at org.junit.Assert.assertTrue(Assert.java:54)
at com.erudex.test.login.LoginTestApache.testLogin(LoginTestApache.java:93)
at java.base/java.util.ArrayList.forEach(ArrayList.java:1511)
... Removed 31 stack frames]]>
    </failure>
  </testcase> <!-- testLogin -->
  <testcase classname="com.erudex.test.login.LoginTestApache" name="testLogin" time="0.542">
    <failure type="java.lang.AssertionError">
      <![CDATA[java.lang.AssertionError
at org.junit.Assert.fail(Assert.java:92)
at org.junit.Assert.assertTrue(Assert.java:43)
at org.junit.Assert.assertTrue(Assert.java:54)
at com.erudex.test.login.LoginTestApache.testLogin(LoginTestApache.java:93)
at java.base/java.util.ArrayList.forEach(ArrayList.java:1511)
... Removed 31 stack frames]]>
    </failure>
  </testcase> <!-- testLogin -->
  <testcase classname="com.erudex.test.login.LoginTestApache" name="testLogin" time="0.56">
    <failure type="java.lang.AssertionError">
      <![CDATA[java.lang.AssertionError
at org.junit.Assert.fail(Assert.java:92)
at org.junit.Assert.assertTrue(Assert.java:43)
at org.junit.Assert.assertTrue(Assert.java:54)
at com.erudex.test.login.LoginTestApache.testLogin(LoginTestApache.java:93)
at java.base/java.util.ArrayList.forEach(ArrayList.java:1511)
... Removed 31 stack frames]]>
    </failure>
  </testcase> <!-- testLogin -->
  <testcase classname="com.erudex.test.login.LoginTestApache" name="testLogin" time="0.879">
    <failure type="java.lang.AssertionError">
      <![CDATA[java.lang.AssertionError
at org.junit.Assert.fail(Assert.java:92)
at org.junit.Assert.assertTrue(Assert.java:43)
at org.junit.Assert.assertTrue(Assert.java:54)
at com.erudex.test.login.LoginTestApache.testLogin(LoginTestApache.java:93)
at java.base/java.util.ArrayList.forEach(ArrayList.java:1511)
... Removed 31 stack frames]]>
    </failure>
  </testcase> <!-- testLogin -->
  <testcase classname="com.erudex.test.login.LoginTestApache" name="testLogin" time="0.967">
    <failure type="java.lang.AssertionError">
      <![CDATA[java.lang.AssertionError
at org.junit.Assert.fail(Assert.java:92)
at org.junit.Assert.assertTrue(Assert.java:43)
at org.junit.Assert.assertTrue(Assert.java:54)
at com.erudex.test.login.LoginTestApache.testLogin(LoginTestApache.java:93)
at java.base/java.util.ArrayList.forEach(ArrayList.java:1511)
... Removed 31 stack frames]]>
    </failure>
  </testcase> <!-- testLogin -->
  <testcase classname="com.erudex.test.login.LoginTestApache" name="testLogin" time="0.919">
    <failure type="java.lang.AssertionError">
      <![CDATA[java.lang.AssertionError
at org.junit.Assert.fail(Assert.java:92)
at org.junit.Assert.assertTrue(Assert.java:43)
at org.junit.Assert.assertTrue(Assert.java:54)
at com.erudex.test.login.LoginTestApache.testLogin(LoginTestApache.java:93)
at java.base/java.util.ArrayList.forEach(ArrayList.java:1511)
... Removed 31 stack frames]]>
    </failure>
  </testcase> <!-- testLogin -->
  <testcase classname="com.erudex.test.login.LoginTestApache" name="testLogin" time="0.521">
    <failure type="java.lang.AssertionError">
      <![CDATA[java.lang.AssertionError
at org.junit.Assert.fail(Assert.java:92)
at org.junit.Assert.assertTrue(Assert.java:43)
at org.junit.Assert.assertTrue(Assert.java:54)
at com.erudex.test.login.LoginTestApache.testLogin(LoginTestApache.java:93)
at java.base/java.util.ArrayList.forEach(ArrayList.java:1511)
... Removed 31 stack frames]]>
    </failure>
  </testcase> <!-- testLogin -->
  <testcase classname="com.erudex.test.login.LoginTestApache" name="testLogin" time="0.332">
    <failure type="java.lang.AssertionError">
      <![CDATA[java.lang.AssertionError
at org.junit.Assert.fail(Assert.java:92)
at org.junit.Assert.assertTrue(Assert.java:43)
at org.junit.Assert.assertTrue(Assert.java:54)
at com.erudex.test.login.LoginTestApache.testLogin(LoginTestApache.java:93)
at java.base/java.util.ArrayList.forEach(ArrayList.java:1511)
... Removed 31 stack frames]]>
    </failure>
  </testcase> <!-- testLogin -->
  <testcase classname="com.erudex.test.login.LoginTestApache" name="testLogin" time="0.673">
    <failure type="java.lang.AssertionError">
      <![CDATA[java.lang.AssertionError
at org.junit.Assert.fail(Assert.java:92)
at org.junit.Assert.assertTrue(Assert.java:43)
at org.junit.Assert.assertTrue(Assert.java:54)
at com.erudex.test.login.LoginTestApache.testLogin(LoginTestApache.java:93)
at java.base/java.util.ArrayList.forEach(ArrayList.java:1511)
... Removed 31 stack frames]]>
    </failure>
  </testcase> <!-- testLogin -->
  <testcase classname="com.erudex.test.login.LoginTestApache" name="testLogin" time="0.328">
    <failure type="java.lang.AssertionError">
      <![CDATA[java.lang.AssertionError
at org.junit.Assert.fail(Assert.java:92)
at org.junit.Assert.assertTrue(Assert.java:43)
at org.junit.Assert.assertTrue(Assert.java:54)
at com.erudex.test.login.LoginTestApache.testLogin(LoginTestApache.java:93)
at java.base/java.util.ArrayList.forEach(ArrayList.java:1511)
... Removed 31 stack frames]]>
    </failure>
  </testcase> <!-- testLogin -->
  <testcase classname="com.erudex.test.login.LoginTestApache" name="testLogin" time="0.921">
    <failure type="java.lang.AssertionError">
      <![CDATA[java.lang.AssertionError
at org.junit.Assert.fail(Assert.java:92)
at org.junit.Assert.assertTrue(Assert.java:43)
at org.junit.Assert.assertTrue(Assert.java:54)
at com.erudex.test.login.LoginTestApache.testLogin(LoginTestApache.java:93)
at java.base/java.util.ArrayList.forEach(ArrayList.java:1511)
... Removed 31 stack frames]]>
    </failure>
  </testcase> <!-- testLogin -->
  <testcase classname="com.erudex.test.login.LoginTestApache" name="testLogin" time="0.513">
    <failure type="java.lang.AssertionError">
      <![CDATA[java.lang.AssertionError
at org.junit.Assert.fail(Assert.java:92)
at org.junit.Assert.assertTrue(Assert.java:43)
at org.junit.Assert.assertTrue(Assert.java:54)
at com.erudex.test.login.LoginTestApache.testLogin(LoginTestApache.java:93)
at java.base/java.util.ArrayList.forEach(ArrayList.java:1511)
... Removed 31 stack frames]]>
    </failure>
  </testcase> <!-- testLogin -->
  <testcase classname="com.erudex.test.login.LoginTestApache" name="testLogin" time="0.544">
    <failure type="java.lang.AssertionError">
      <![CDATA[java.lang.AssertionError
at org.junit.Assert.fail(Assert.java:92)
at org.junit.Assert.assertTrue(Assert.java:43)
at org.junit.Assert.assertTrue(Assert.java:54)
at com.erudex.test.login.LoginTestApache.testLogin(LoginTestApache.java:93)
at java.base/java.util.ArrayList.forEach(ArrayList.java:1511)
... Removed 31 stack frames]]>
    </failure>
  </testcase> <!-- testLogin -->
  <testcase classname="com.erudex.test.login.LoginTestApache" name="testLogin" time="0.611">
    <failure type="java.lang.AssertionError">
      <![CDATA[java.lang.AssertionError
at org.junit.Assert.fail(Assert.java:92)
at org.junit.Assert.assertTrue(Assert.java:43)
at org.junit.Assert.assertTrue(Assert.java:54)
at com.erudex.test.login.LoginTestApache.testLogin(LoginTestApache.java:93)
at java.base/java.util.ArrayList.forEach(ArrayList.java:1511)
... Removed 31 stack frames]]>
    </failure>
  </testcase> <!-- testLogin -->
  <testcase classname="com.erudex.test.login.LoginTestApache" name="testLogin" time="0.539">
    <failure type="java.lang.AssertionError">
      <![CDATA[java.lang.AssertionError
at org.junit.Assert.fail(Assert.java:92)
at org.junit.Assert.assertTrue(Assert.java:43)
at org.junit.Assert.assertTrue(Assert.java:54)
at com.erudex.test.login.LoginTestApache.testLogin(LoginTestApache.java:93)
at java.base/java.util.ArrayList.forEach(ArrayList.java:1511)
... Removed 31 stack frames]]>
    </failure>
  </testcase> <!-- testLogin -->
  <testcase classname="com.erudex.test.login.LoginTestApache" name="testLogin" time="0.536">
    <failure type="java.lang.AssertionError">
      <![CDATA[java.lang.AssertionError
at org.junit.Assert.fail(Assert.java:92)
at org.junit.Assert.assertTrue(Assert.java:43)
at org.junit.Assert.assertTrue(Assert.java:54)
at com.erudex.test.login.LoginTestApache.testLogin(LoginTestApache.java:93)
at java.base/java.util.ArrayList.forEach(ArrayList.java:1511)
... Removed 31 stack frames]]>
    </failure>
  </testcase> <!-- testLogin -->
  <testcase classname="com.erudex.test.login.LoginTestApache" name="testLogin" time="0.953">
    <failure type="java.lang.AssertionError">
      <![CDATA[java.lang.AssertionError
at org.junit.Assert.fail(Assert.java:92)
at org.junit.Assert.assertTrue(Assert.java:43)
at org.junit.Assert.assertTrue(Assert.java:54)
at com.erudex.test.login.LoginTestApache.testLogin(LoginTestApache.java:93)
at java.base/java.util.ArrayList.forEach(ArrayList.java:1511)
... Removed 31 stack frames]]>
    </failure>
  </testcase> <!-- testLogin -->
  <testcase classname="com.erudex.test.login.LoginTestApache" name="testLogin" time="0.502">
    <failure type="java.lang.AssertionError">
      <![CDATA[java.lang.AssertionError
at org.junit.Assert.fail(Assert.java:92)
at org.junit.Assert.assertTrue(Assert.java:43)
at org.junit.Assert.assertTrue(Assert.java:54)
at com.erudex.test.login.LoginTestApache.testLogin(LoginTestApache.java:93)
at java.base/java.util.ArrayList.forEach(ArrayList.java:1511)
... Removed 31 stack frames]]>
    </failure>
  </testcase> <!-- testLogin -->
  <testcase classname="com.erudex.test.login.LoginTestApache" name="testLogin" time="0.533">
    <failure type="java.lang.AssertionError">
      <![CDATA[java.lang.AssertionError
at org.junit.Assert.fail(Assert.java:92)
at org.junit.Assert.assertTrue(Assert.java:43)
at org.junit.Assert.assertTrue(Assert.java:54)
at com.erudex.test.login.LoginTestApache.testLogin(LoginTestApache.java:93)
at java.base/java.util.ArrayList.forEach(ArrayList.java:1511)
... Removed 31 stack frames]]>
    </failure>
  </testcase> <!-- testLogin -->
  <testcase classname="com.erudex.test.login.LoginTestApache" name="testLogin" time="0.585">
    <failure type="java.lang.AssertionError">
      <![CDATA[java.lang.AssertionError
at org.junit.Assert.fail(Assert.java:92)
at org.junit.Assert.assertTrue(Assert.java:43)
at org.junit.Assert.assertTrue(Assert.java:54)
at com.erudex.test.login.LoginTestApache.testLogin(LoginTestApache.java:93)
at java.base/java.util.ArrayList.forEach(ArrayList.java:1511)
... Removed 31 stack frames]]>
    </failure>
  </testcase> <!-- testLogin -->
  <testcase classname="com.erudex.test.login.LoginTestApache" name="testLogin" time="0.611">
    <failure type="java.lang.AssertionError">
      <![CDATA[java.lang.AssertionError
at org.junit.Assert.fail(Assert.java:92)
at org.junit.Assert.assertTrue(Assert.java:43)
at org.junit.Assert.assertTrue(Assert.java:54)
at com.erudex.test.login.LoginTestApache.testLogin(LoginTestApache.java:93)
at java.base/java.util.ArrayList.forEach(ArrayList.java:1511)
... Removed 31 stack frames]]>
    </failure>
  </testcase> <!-- testLogin -->
  <testcase classname="com.erudex.test.login.LoginTestApache" name="testLogin" time="1.015">
    <failure type="java.lang.AssertionError">
      <![CDATA[java.lang.AssertionError
at org.junit.Assert.fail(Assert.java:92)
at org.junit.Assert.assertTrue(Assert.java:43)
at org.junit.Assert.assertTrue(Assert.java:54)
at com.erudex.test.login.LoginTestApache.testLogin(LoginTestApache.java:93)
at java.base/java.util.ArrayList.forEach(ArrayList.java:1511)
... Removed 31 stack frames]]>
    </failure>
  </testcase> <!-- testLogin -->
  <testcase classname="com.erudex.test.login.LoginTestApache" name="testLogin" time="0.921">
    <failure type="java.lang.AssertionError">
      <![CDATA[java.lang.AssertionError
at org.junit.Assert.fail(Assert.java:92)
at org.junit.Assert.assertTrue(Assert.java:43)
at org.junit.Assert.assertTrue(Assert.java:54)
at com.erudex.test.login.LoginTestApache.testLogin(LoginTestApache.java:93)
at java.base/java.util.ArrayList.forEach(ArrayList.java:1511)
... Removed 31 stack frames]]>
    </failure>
  </testcase> <!-- testLogin -->
  <testcase classname="com.erudex.test.login.LoginTestApache" name="testLogin" time="0.552">
    <failure type="java.lang.AssertionError">
      <![CDATA[java.lang.AssertionError
at org.junit.Assert.fail(Assert.java:92)
at org.junit.Assert.assertTrue(Assert.java:43)
at org.junit.Assert.assertTrue(Assert.java:54)
at com.erudex.test.login.LoginTestApache.testLogin(LoginTestApache.java:93)
at java.base/java.util.ArrayList.forEach(ArrayList.java:1511)
... Removed 31 stack frames]]>
    </failure>
  </testcase> <!-- testLogin -->
  <testcase classname="com.erudex.test.login.LoginTestApache" name="testLogin" time="0.542">
    <failure type="java.lang.AssertionError">
      <![CDATA[java.lang.AssertionError
at org.junit.Assert.fail(Assert.java:92)
at org.junit.Assert.assertTrue(Assert.java:43)
at org.junit.Assert.assertTrue(Assert.java:54)
at com.erudex.test.login.LoginTestApache.testLogin(LoginTestApache.java:93)
at java.base/java.util.ArrayList.forEach(ArrayList.java:1511)
... Removed 31 stack frames]]>
    </failure>
  </testcase> <!-- testLogin -->
  <testcase classname="com.erudex.test.login.LoginTestApache" name="testLogin" time="0.551">
    <failure type="java.lang.AssertionError">
      <![CDATA[java.lang.AssertionError
at org.junit.Assert.fail(Assert.java:92)
at org.junit.Assert.assertTrue(Assert.java:43)
at org.junit.Assert.assertTrue(Assert.java:54)
at com.erudex.test.login.LoginTestApache.testLogin(LoginTestApache.java:93)
at java.base/java.util.ArrayList.forEach(ArrayList.java:1511)
... Removed 31 stack frames]]>
    </failure>
  </testcase> <!-- testLogin -->
  <testcase classname="com.erudex.test.login.LoginTestApache" name="testLogin" time="0.529">
    <failure type="java.lang.AssertionError">
      <![CDATA[java.lang.AssertionError
at org.junit.Assert.fail(Assert.java:92)
at org.junit.Assert.assertTrue(Assert.java:43)
at org.junit.Assert.assertTrue(Assert.java:54)
at com.erudex.test.login.LoginTestApache.testLogin(LoginTestApache.java:93)
at java.base/java.util.ArrayList.forEach(ArrayList.java:1511)
... Removed 31 stack frames]]>
    </failure>
  </testcase> <!-- testLogin -->
  <testcase classname="com.erudex.test.login.LoginTestApache" name="testLogin" time="0.524">
    <failure type="java.lang.AssertionError">
      <![CDATA[java.lang.AssertionError
at org.junit.Assert.fail(Assert.java:92)
at org.junit.Assert.assertTrue(Assert.java:43)
at org.junit.Assert.assertTrue(Assert.java:54)
at com.erudex.test.login.LoginTestApache.testLogin(LoginTestApache.java:93)
at java.base/java.util.ArrayList.forEach(ArrayList.java:1511)
... Removed 31 stack frames]]>
    </failure>
  </testcase> <!-- testLogin -->
  <testcase classname="com.erudex.test.login.LoginTestApache" name="testLogin" time="0.375">
    <failure type="java.lang.AssertionError">
      <![CDATA[java.lang.AssertionError
at org.junit.Assert.fail(Assert.java:92)
at org.junit.Assert.assertTrue(Assert.java:43)
at org.junit.Assert.assertTrue(Assert.java:54)
at com.erudex.test.login.LoginTestApache.testLogin(LoginTestApache.java:93)
at java.base/java.util.ArrayList.forEach(ArrayList.java:1511)
... Removed 31 stack frames]]>
    </failure>
  </testcase> <!-- testLogin -->
  <testcase classname="com.erudex.test.login.LoginTestApache" name="testLogin" time="0.484">
    <failure type="java.lang.AssertionError">
      <![CDATA[java.lang.AssertionError
at org.junit.Assert.fail(Assert.java:92)
at org.junit.Assert.assertTrue(Assert.java:43)
at org.junit.Assert.assertTrue(Assert.java:54)
at com.erudex.test.login.LoginTestApache.testLogin(LoginTestApache.java:93)
at java.base/java.util.ArrayList.forEach(ArrayList.java:1511)
... Removed 31 stack frames]]>
    </failure>
  </testcase> <!-- testLogin -->
  <testcase classname="com.erudex.test.login.LoginTestApache" name="testLogin" time="0.594">
    <failure type="java.lang.AssertionError">
      <![CDATA[java.lang.AssertionError
at org.junit.Assert.fail(Assert.java:92)
at org.junit.Assert.assertTrue(Assert.java:43)
at org.junit.Assert.assertTrue(Assert.java:54)
at com.erudex.test.login.LoginTestApache.testLogin(LoginTestApache.java:93)
at java.base/java.util.ArrayList.forEach(ArrayList.java:1511)
... Removed 31 stack frames]]>
    </failure>
  </testcase> <!-- testLogin -->
  <testcase classname="com.erudex.test.login.LoginTestApache" name="testLogin" time="0.496">
    <failure type="java.lang.AssertionError">
      <![CDATA[java.lang.AssertionError
at org.junit.Assert.fail(Assert.java:92)
at org.junit.Assert.assertTrue(Assert.java:43)
at org.junit.Assert.assertTrue(Assert.java:54)
at com.erudex.test.login.LoginTestApache.testLogin(LoginTestApache.java:93)
at java.base/java.util.ArrayList.forEach(ArrayList.java:1511)
... Removed 31 stack frames]]>
    </failure>
  </testcase> <!-- testLogin -->
  <testcase classname="com.erudex.test.login.LoginTestApache" name="testLogin" time="0.48">
    <failure type="java.lang.AssertionError">
      <![CDATA[java.lang.AssertionError
at org.junit.Assert.fail(Assert.java:92)
at org.junit.Assert.assertTrue(Assert.java:43)
at org.junit.Assert.assertTrue(Assert.java:54)
at com.erudex.test.login.LoginTestApache.testLogin(LoginTestApache.java:93)
at java.base/java.util.ArrayList.forEach(ArrayList.java:1511)
... Removed 31 stack frames]]>
    </failure>
  </testcase> <!-- testLogin -->
  <testcase classname="com.erudex.test.login.LoginTestApache" name="testLogin" time="0.546">
    <failure type="java.lang.AssertionError">
      <![CDATA[java.lang.AssertionError
at org.junit.Assert.fail(Assert.java:92)
at org.junit.Assert.assertTrue(Assert.java:43)
at org.junit.Assert.assertTrue(Assert.java:54)
at com.erudex.test.login.LoginTestApache.testLogin(LoginTestApache.java:93)
at java.base/java.util.ArrayList.forEach(ArrayList.java:1511)
... Removed 31 stack frames]]>
    </failure>
  </testcase> <!-- testLogin -->
  <testcase classname="com.erudex.test.login.LoginTestApache" name="testLogin" time="0.611">
    <failure type="java.lang.AssertionError">
      <![CDATA[java.lang.AssertionError
at org.junit.Assert.fail(Assert.java:92)
at org.junit.Assert.assertTrue(Assert.java:43)
at org.junit.Assert.assertTrue(Assert.java:54)
at com.erudex.test.login.LoginTestApache.testLogin(LoginTestApache.java:93)
at java.base/java.util.ArrayList.forEach(ArrayList.java:1511)
... Removed 31 stack frames]]>
    </failure>
  </testcase> <!-- testLogin -->
  <testcase classname="com.erudex.test.login.LoginTestApache" name="testLogin" time="0.613">
    <failure type="java.lang.AssertionError">
      <![CDATA[java.lang.AssertionError
at org.junit.Assert.fail(Assert.java:92)
at org.junit.Assert.assertTrue(Assert.java:43)
at org.junit.Assert.assertTrue(Assert.java:54)
at com.erudex.test.login.LoginTestApache.testLogin(LoginTestApache.java:93)
at java.base/java.util.ArrayList.forEach(ArrayList.java:1511)
... Removed 31 stack frames]]>
    </failure>
  </testcase> <!-- testLogin -->
  <testcase classname="com.erudex.test.login.LoginTestApache" name="testLogin" time="0.609">
    <failure type="java.lang.AssertionError">
      <![CDATA[java.lang.AssertionError
at org.junit.Assert.fail(Assert.java:92)
at org.junit.Assert.assertTrue(Assert.java:43)
at org.junit.Assert.assertTrue(Assert.java:54)
at com.erudex.test.login.LoginTestApache.testLogin(LoginTestApache.java:93)
at java.base/java.util.ArrayList.forEach(ArrayList.java:1511)
... Removed 31 stack frames]]>
    </failure>
  </testcase> <!-- testLogin -->
  <testcase classname="com.erudex.test.login.LoginTestApache" name="testLogin" time="0.927">
    <failure type="java.lang.AssertionError">
      <![CDATA[java.lang.AssertionError
at org.junit.Assert.fail(Assert.java:92)
at org.junit.Assert.assertTrue(Assert.java:43)
at org.junit.Assert.assertTrue(Assert.java:54)
at com.erudex.test.login.LoginTestApache.testLogin(LoginTestApache.java:93)
at java.base/java.util.ArrayList.forEach(ArrayList.java:1511)
... Removed 31 stack frames]]>
    </failure>
  </testcase> <!-- testLogin -->
  <testcase classname="com.erudex.test.login.LoginTestApache" name="testLogin" time="0.609">
    <failure type="java.lang.AssertionError">
      <![CDATA[java.lang.AssertionError
at org.junit.Assert.fail(Assert.java:92)
at org.junit.Assert.assertTrue(Assert.java:43)
at org.junit.Assert.assertTrue(Assert.java:54)
at com.erudex.test.login.LoginTestApache.testLogin(LoginTestApache.java:93)
at java.base/java.util.ArrayList.forEach(ArrayList.java:1511)
... Removed 31 stack frames]]>
    </failure>
  </testcase> <!-- testLogin -->
  <testcase classname="com.erudex.test.login.LoginTestApache" name="testLogin" time="0.933">
    <failure type="java.lang.AssertionError">
      <![CDATA[java.lang.AssertionError
at org.junit.Assert.fail(Assert.java:92)
at org.junit.Assert.assertTrue(Assert.java:43)
at org.junit.Assert.assertTrue(Assert.java:54)
at com.erudex.test.login.LoginTestApache.testLogin(LoginTestApache.java:93)
at java.base/java.util.ArrayList.forEach(ArrayList.java:1511)
... Removed 31 stack frames]]>
    </failure>
  </testcase> <!-- testLogin -->
  <testcase classname="com.erudex.test.login.LoginTestApache" name="testLogin" time="0.491">
    <failure type="java.lang.AssertionError">
      <![CDATA[java.lang.AssertionError
at org.junit.Assert.fail(Assert.java:92)
at org.junit.Assert.assertTrue(Assert.java:43)
at org.junit.Assert.assertTrue(Assert.java:54)
at com.erudex.test.login.LoginTestApache.testLogin(LoginTestApache.java:93)
at java.base/java.util.ArrayList.forEach(ArrayList.java:1511)
... Removed 31 stack frames]]>
    </failure>
  </testcase> <!-- testLogin -->
  <testcase classname="com.erudex.test.login.LoginTestApache" name="testLogin" time="0.524">
    <failure type="java.lang.AssertionError">
      <![CDATA[java.lang.AssertionError
at org.junit.Assert.fail(Assert.java:92)
at org.junit.Assert.assertTrue(Assert.java:43)
at org.junit.Assert.assertTrue(Assert.java:54)
at com.erudex.test.login.LoginTestApache.testLogin(LoginTestApache.java:93)
at java.base/java.util.ArrayList.forEach(ArrayList.java:1511)
... Removed 31 stack frames]]>
    </failure>
  </testcase> <!-- testLogin -->
  <testcase classname="com.erudex.test.login.LoginTestApache" name="testLogin" time="0.487">
    <failure type="java.lang.AssertionError">
      <![CDATA[java.lang.AssertionError
at org.junit.Assert.fail(Assert.java:92)
at org.junit.Assert.assertTrue(Assert.java:43)
at org.junit.Assert.assertTrue(Assert.java:54)
at com.erudex.test.login.LoginTestApache.testLogin(LoginTestApache.java:93)
at java.base/java.util.ArrayList.forEach(ArrayList.java:1511)
... Removed 31 stack frames]]>
    </failure>
  </testcase> <!-- testLogin -->
  <testcase classname="com.erudex.test.login.LoginTestApache" name="testLogin" time="0.913">
    <failure type="java.lang.AssertionError">
      <![CDATA[java.lang.AssertionError
at org.junit.Assert.fail(Assert.java:92)
at org.junit.Assert.assertTrue(Assert.java:43)
at org.junit.Assert.assertTrue(Assert.java:54)
at com.erudex.test.login.LoginTestApache.testLogin(LoginTestApache.java:93)
at java.base/java.util.ArrayList.forEach(ArrayList.java:1511)
... Removed 31 stack frames]]>
    </failure>
  </testcase> <!-- testLogin -->
  <testcase classname="com.erudex.test.login.LoginTestApache" name="testLogin" time="0.551">
    <failure type="java.lang.AssertionError">
      <![CDATA[java.lang.AssertionError
at org.junit.Assert.fail(Assert.java:92)
at org.junit.Assert.assertTrue(Assert.java:43)
at org.junit.Assert.assertTrue(Assert.java:54)
at com.erudex.test.login.LoginTestApache.testLogin(LoginTestApache.java:93)
at java.base/java.util.ArrayList.forEach(ArrayList.java:1511)
... Removed 31 stack frames]]>
    </failure>
  </testcase> <!-- testLogin -->
  <testcase classname="com.erudex.test.login.LoginTestApache" name="testLogin" time="0.546">
    <failure type="java.lang.AssertionError">
      <![CDATA[java.lang.AssertionError
at org.junit.Assert.fail(Assert.java:92)
at org.junit.Assert.assertTrue(Assert.java:43)
at org.junit.Assert.assertTrue(Assert.java:54)
at com.erudex.test.login.LoginTestApache.testLogin(LoginTestApache.java:93)
at java.base/java.util.ArrayList.forEach(ArrayList.java:1511)
... Removed 31 stack frames]]>
    </failure>
  </testcase> <!-- testLogin -->
  <testcase classname="com.erudex.test.login.LoginTestApache" name="testLogin" time="0.502">
    <failure type="java.lang.AssertionError">
      <![CDATA[java.lang.AssertionError
at org.junit.Assert.fail(Assert.java:92)
at org.junit.Assert.assertTrue(Assert.java:43)
at org.junit.Assert.assertTrue(Assert.java:54)
at com.erudex.test.login.LoginTestApache.testLogin(LoginTestApache.java:93)
at java.base/java.util.ArrayList.forEach(ArrayList.java:1511)
... Removed 31 stack frames]]>
    </failure>
  </testcase> <!-- testLogin -->
  <testcase classname="com.erudex.test.login.LoginTestApache" name="testLogin" time="0.537">
    <failure type="java.lang.AssertionError">
      <![CDATA[java.lang.AssertionError
at org.junit.Assert.fail(Assert.java:92)
at org.junit.Assert.assertTrue(Assert.java:43)
at org.junit.Assert.assertTrue(Assert.java:54)
at com.erudex.test.login.LoginTestApache.testLogin(LoginTestApache.java:93)
at java.base/java.util.ArrayList.forEach(ArrayList.java:1511)
... Removed 31 stack frames]]>
    </failure>
  </testcase> <!-- testLogin -->
  <testcase classname="com.erudex.test.login.LoginTestApache" name="testLogin" time="0.524">
    <failure type="java.lang.AssertionError">
      <![CDATA[java.lang.AssertionError
at org.junit.Assert.fail(Assert.java:92)
at org.junit.Assert.assertTrue(Assert.java:43)
at org.junit.Assert.assertTrue(Assert.java:54)
at com.erudex.test.login.LoginTestApache.testLogin(LoginTestApache.java:93)
at java.base/java.util.ArrayList.forEach(ArrayList.java:1511)
... Removed 31 stack frames]]>
    </failure>
  </testcase> <!-- testLogin -->
  <testcase classname="com.erudex.test.login.LoginTestApache" name="testLogin" time="0.49">
    <failure type="java.lang.AssertionError">
      <![CDATA[java.lang.AssertionError
at org.junit.Assert.fail(Assert.java:92)
at org.junit.Assert.assertTrue(Assert.java:43)
at org.junit.Assert.assertTrue(Assert.java:54)
at com.erudex.test.login.LoginTestApache.testLogin(LoginTestApache.java:93)
at java.base/java.util.ArrayList.forEach(ArrayList.java:1511)
... Removed 31 stack frames]]>
    </failure>
  </testcase> <!-- testLogin -->
  <testcase classname="com.erudex.test.login.LoginTestApache" name="testLogin" time="0.543">
    <failure type="java.lang.AssertionError">
      <![CDATA[java.lang.AssertionError
at org.junit.Assert.fail(Assert.java:92)
at org.junit.Assert.assertTrue(Assert.java:43)
at org.junit.Assert.assertTrue(Assert.java:54)
at com.erudex.test.login.LoginTestApache.testLogin(LoginTestApache.java:93)
at java.base/java.util.ArrayList.forEach(ArrayList.java:1511)
... Removed 31 stack frames]]>
    </failure>
  </testcase> <!-- testLogin -->
  <testcase classname="com.erudex.test.login.LoginTestApache" name="testLogin" time="0.552">
    <failure type="java.lang.AssertionError">
      <![CDATA[java.lang.AssertionError
at org.junit.Assert.fail(Assert.java:92)
at org.junit.Assert.assertTrue(Assert.java:43)
at org.junit.Assert.assertTrue(Assert.java:54)
at com.erudex.test.login.LoginTestApache.testLogin(LoginTestApache.java:93)
at java.base/java.util.ArrayList.forEach(ArrayList.java:1511)
... Removed 31 stack frames]]>
    </failure>
  </testcase> <!-- testLogin -->
  <testcase classname="com.erudex.test.login.LoginTestApache" name="testLogin" time="0.327">
    <failure type="java.lang.AssertionError">
      <![CDATA[java.lang.AssertionError
at org.junit.Assert.fail(Assert.java:92)
at org.junit.Assert.assertTrue(Assert.java:43)
at org.junit.Assert.assertTrue(Assert.java:54)
at com.erudex.test.login.LoginTestApache.testLogin(LoginTestApache.java:93)
at java.base/java.util.ArrayList.forEach(ArrayList.java:1511)
... Removed 31 stack frames]]>
    </failure>
  </testcase> <!-- testLogin -->
  <testcase classname="com.erudex.test.login.LoginTestApache" name="testLogin" time="0.5">
    <failure type="java.lang.AssertionError">
      <![CDATA[java.lang.AssertionError
at org.junit.Assert.fail(Assert.java:92)
at org.junit.Assert.assertTrue(Assert.java:43)
at org.junit.Assert.assertTrue(Assert.java:54)
at com.erudex.test.login.LoginTestApache.testLogin(LoginTestApache.java:93)
at java.base/java.util.ArrayList.forEach(ArrayList.java:1511)
... Removed 31 stack frames]]>
    </failure>
  </testcase> <!-- testLogin -->
  <testcase classname="com.erudex.test.login.LoginTestApache" name="testLogin" time="0.894">
    <failure type="java.lang.AssertionError">
      <![CDATA[java.lang.AssertionError
at org.junit.Assert.fail(Assert.java:92)
at org.junit.Assert.assertTrue(Assert.java:43)
at org.junit.Assert.assertTrue(Assert.java:54)
at com.erudex.test.login.LoginTestApache.testLogin(LoginTestApache.java:93)
at java.base/java.util.ArrayList.forEach(ArrayList.java:1511)
... Removed 31 stack frames]]>
    </failure>
  </testcase> <!-- testLogin -->
  <testcase classname="com.erudex.test.login.LoginTestApache" name="testLogin" time="0.54">
    <failure type="java.lang.AssertionError">
      <![CDATA[java.lang.AssertionError
at org.junit.Assert.fail(Assert.java:92)
at org.junit.Assert.assertTrue(Assert.java:43)
at org.junit.Assert.assertTrue(Assert.java:54)
at com.erudex.test.login.LoginTestApache.testLogin(LoginTestApache.java:93)
at java.base/java.util.ArrayList.forEach(ArrayList.java:1511)
... Removed 31 stack frames]]>
    </failure>
  </testcase> <!-- testLogin -->
  <testcase classname="com.erudex.test.login.LoginTestApache" name="testLogin" time="0.686">
    <failure type="java.lang.AssertionError">
      <![CDATA[java.lang.AssertionError
at org.junit.Assert.fail(Assert.java:92)
at org.junit.Assert.assertTrue(Assert.java:43)
at org.junit.Assert.assertTrue(Assert.java:54)
at com.erudex.test.login.LoginTestApache.testLogin(LoginTestApache.java:93)
at java.base/java.util.ArrayList.forEach(ArrayList.java:1511)
... Removed 31 stack frames]]>
    </failure>
  </testcase> <!-- testLogin -->
  <testcase classname="com.erudex.test.login.LoginTestApache" name="testLogin" time="0.519">
    <failure type="java.lang.AssertionError">
      <![CDATA[java.lang.AssertionError
at org.junit.Assert.fail(Assert.java:92)
at org.junit.Assert.assertTrue(Assert.java:43)
at org.junit.Assert.assertTrue(Assert.java:54)
at com.erudex.test.login.LoginTestApache.testLogin(LoginTestApache.java:93)
at java.base/java.util.ArrayList.forEach(ArrayList.java:1511)
... Removed 31 stack frames]]>
    </failure>
  </testcase> <!-- testLogin -->
  <testcase classname="com.erudex.test.login.LoginTestApache" name="testLogin" time="0.555">
    <failure type="java.lang.AssertionError">
      <![CDATA[java.lang.AssertionError
at org.junit.Assert.fail(Assert.java:92)
at org.junit.Assert.assertTrue(Assert.java:43)
at org.junit.Assert.assertTrue(Assert.java:54)
at com.erudex.test.login.LoginTestApache.testLogin(LoginTestApache.java:93)
at java.base/java.util.ArrayList.forEach(ArrayList.java:1511)
... Removed 31 stack frames]]>
    </failure>
  </testcase> <!-- testLogin -->
  <testcase classname="com.erudex.test.login.LoginTestApache" name="testLogin" time="0.534">
    <failure type="java.lang.AssertionError">
      <![CDATA[java.lang.AssertionError
at org.junit.Assert.fail(Assert.java:92)
at org.junit.Assert.assertTrue(Assert.java:43)
at org.junit.Assert.assertTrue(Assert.java:54)
at com.erudex.test.login.LoginTestApache.testLogin(LoginTestApache.java:93)
at java.base/java.util.ArrayList.forEach(ArrayList.java:1511)
... Removed 31 stack frames]]>
    </failure>
  </testcase> <!-- testLogin -->
  <testcase classname="com.erudex.test.login.LoginTestApache" name="testLogin" time="0.493">
    <failure type="java.lang.AssertionError">
      <![CDATA[java.lang.AssertionError
at org.junit.Assert.fail(Assert.java:92)
at org.junit.Assert.assertTrue(Assert.java:43)
at org.junit.Assert.assertTrue(Assert.java:54)
at com.erudex.test.login.LoginTestApache.testLogin(LoginTestApache.java:93)
at java.base/java.util.ArrayList.forEach(ArrayList.java:1511)
... Removed 31 stack frames]]>
    </failure>
  </testcase> <!-- testLogin -->
  <testcase classname="com.erudex.test.login.LoginTestApache" name="testLogin" time="0.511">
    <failure type="java.lang.AssertionError">
      <![CDATA[java.lang.AssertionError
at org.junit.Assert.fail(Assert.java:92)
at org.junit.Assert.assertTrue(Assert.java:43)
at org.junit.Assert.assertTrue(Assert.java:54)
at com.erudex.test.login.LoginTestApache.testLogin(LoginTestApache.java:93)
at java.base/java.util.ArrayList.forEach(ArrayList.java:1511)
... Removed 31 stack frames]]>
    </failure>
  </testcase> <!-- testLogin -->
  <testcase classname="com.erudex.test.login.LoginTestApache" name="testLogin" time="0.558">
    <failure type="java.lang.AssertionError">
      <![CDATA[java.lang.AssertionError
at org.junit.Assert.fail(Assert.java:92)
at org.junit.Assert.assertTrue(Assert.java:43)
at org.junit.Assert.assertTrue(Assert.java:54)
at com.erudex.test.login.LoginTestApache.testLogin(LoginTestApache.java:93)
at java.base/java.util.ArrayList.forEach(ArrayList.java:1511)
... Removed 31 stack frames]]>
    </failure>
  </testcase> <!-- testLogin -->
  <testcase classname="com.erudex.test.login.LoginTestApache" name="testLogin" time="0.877">
    <failure type="java.lang.AssertionError">
      <![CDATA[java.lang.AssertionError
at org.junit.Assert.fail(Assert.java:92)
at org.junit.Assert.assertTrue(Assert.java:43)
at org.junit.Assert.assertTrue(Assert.java:54)
at com.erudex.test.login.LoginTestApache.testLogin(LoginTestApache.java:93)
at java.base/java.util.ArrayList.forEach(ArrayList.java:1511)
... Removed 31 stack frames]]>
    </failure>
  </testcase> <!-- testLogin -->
  <testcase classname="com.erudex.test.login.LoginTestApache" name="testLogin" time="0.363">
    <failure type="java.lang.AssertionError">
      <![CDATA[java.lang.AssertionError
at org.junit.Assert.fail(Assert.java:92)
at org.junit.Assert.assertTrue(Assert.java:43)
at org.junit.Assert.assertTrue(Assert.java:54)
at com.erudex.test.login.LoginTestApache.testLogin(LoginTestApache.java:93)
at java.base/java.util.ArrayList.forEach(ArrayList.java:1511)
... Removed 31 stack frames]]>
    </failure>
  </testcase> <!-- testLogin -->
  <testcase classname="com.erudex.test.login.LoginTestApache" name="testLogin" time="1.161">
    <failure type="java.lang.AssertionError">
      <![CDATA[java.lang.AssertionError
at org.junit.Assert.fail(Assert.java:92)
at org.junit.Assert.assertTrue(Assert.java:43)
at org.junit.Assert.assertTrue(Assert.java:54)
at com.erudex.test.login.LoginTestApache.testLogin(LoginTestApache.java:93)
at java.base/java.util.ArrayList.forEach(ArrayList.java:1511)
... Removed 31 stack frames]]>
    </failure>
  </testcase> <!-- testLogin -->
  <testcase classname="com.erudex.test.login.LoginTestApache" name="testLogin" time="0.537">
    <failure type="java.lang.AssertionError">
      <![CDATA[java.lang.AssertionError
at org.junit.Assert.fail(Assert.java:92)
at org.junit.Assert.assertTrue(Assert.java:43)
at org.junit.Assert.assertTrue(Assert.java:54)
at com.erudex.test.login.LoginTestApache.testLogin(LoginTestApache.java:93)
at java.base/java.util.ArrayList.forEach(ArrayList.java:1511)
... Removed 31 stack frames]]>
    </failure>
  </testcase> <!-- testLogin -->
  <testcase classname="com.erudex.test.login.LoginTestApache" name="testLogin" time="0.549">
    <failure type="java.lang.AssertionError">
      <![CDATA[java.lang.AssertionError
at org.junit.Assert.fail(Assert.java:92)
at org.junit.Assert.assertTrue(Assert.java:43)
at org.junit.Assert.assertTrue(Assert.java:54)
at com.erudex.test.login.LoginTestApache.testLogin(LoginTestApache.java:93)
at java.base/java.util.ArrayList.forEach(ArrayList.java:1511)
... Removed 31 stack frames]]>
    </failure>
  </testcase> <!-- testLogin -->
  <testcase classname="com.erudex.test.login.LoginTestApache" name="testLogin" time="0.541">
    <failure type="java.lang.AssertionError">
      <![CDATA[java.lang.AssertionError
at org.junit.Assert.fail(Assert.java:92)
at org.junit.Assert.assertTrue(Assert.java:43)
at org.junit.Assert.assertTrue(Assert.java:54)
at com.erudex.test.login.LoginTestApache.testLogin(LoginTestApache.java:93)
at java.base/java.util.ArrayList.forEach(ArrayList.java:1511)
... Removed 31 stack frames]]>
    </failure>
  </testcase> <!-- testLogin -->
  <testcase classname="com.erudex.test.login.LoginTestApache" name="testLogin" time="0.546">
    <failure type="java.lang.AssertionError">
      <![CDATA[java.lang.AssertionError
at org.junit.Assert.fail(Assert.java:92)
at org.junit.Assert.assertTrue(Assert.java:43)
at org.junit.Assert.assertTrue(Assert.java:54)
at com.erudex.test.login.LoginTestApache.testLogin(LoginTestApache.java:93)
at java.base/java.util.ArrayList.forEach(ArrayList.java:1511)
... Removed 31 stack frames]]>
    </failure>
  </testcase> <!-- testLogin -->
  <testcase classname="com.erudex.test.login.LoginTestApache" name="testLogin" time="0.548">
    <failure type="java.lang.AssertionError">
      <![CDATA[java.lang.AssertionError
at org.junit.Assert.fail(Assert.java:92)
at org.junit.Assert.assertTrue(Assert.java:43)
at org.junit.Assert.assertTrue(Assert.java:54)
at com.erudex.test.login.LoginTestApache.testLogin(LoginTestApache.java:93)
at java.base/java.util.ArrayList.forEach(ArrayList.java:1511)
... Removed 31 stack frames]]>
    </failure>
  </testcase> <!-- testLogin -->
  <testcase classname="com.erudex.test.login.LoginTestApache" name="testLogin" time="0.497">
    <failure type="java.lang.AssertionError">
      <![CDATA[java.lang.AssertionError
at org.junit.Assert.fail(Assert.java:92)
at org.junit.Assert.assertTrue(Assert.java:43)
at org.junit.Assert.assertTrue(Assert.java:54)
at com.erudex.test.login.LoginTestApache.testLogin(LoginTestApache.java:93)
at java.base/java.util.ArrayList.forEach(ArrayList.java:1511)
... Removed 31 stack frames]]>
    </failure>
  </testcase> <!-- testLogin -->
  <testcase classname="com.erudex.test.login.LoginTestApache" name="testLogin" time="0.726">
    <failure type="java.lang.AssertionError">
      <![CDATA[java.lang.AssertionError
at org.junit.Assert.fail(Assert.java:92)
at org.junit.Assert.assertTrue(Assert.java:43)
at org.junit.Assert.assertTrue(Assert.java:54)
at com.erudex.test.login.LoginTestApache.testLogin(LoginTestApache.java:93)
at java.base/java.util.ArrayList.forEach(ArrayList.java:1511)
... Removed 31 stack frames]]>
    </failure>
  </testcase> <!-- testLogin -->
  <testcase classname="com.erudex.test.login.LoginTestApache" name="testLogin" time="0.55">
    <failure type="java.lang.AssertionError">
      <![CDATA[java.lang.AssertionError
at org.junit.Assert.fail(Assert.java:92)
at org.junit.Assert.assertTrue(Assert.java:43)
at org.junit.Assert.assertTrue(Assert.java:54)
at com.erudex.test.login.LoginTestApache.testLogin(LoginTestApache.java:93)
at java.base/java.util.ArrayList.forEach(ArrayList.java:1511)
... Removed 31 stack frames]]>
    </failure>
  </testcase> <!-- testLogin -->
  <testcase classname="com.erudex.test.login.LoginTestApache" name="testLogin" time="0.522">
    <failure type="java.lang.AssertionError">
      <![CDATA[java.lang.AssertionError
at org.junit.Assert.fail(Assert.java:92)
at org.junit.Assert.assertTrue(Assert.java:43)
at org.junit.Assert.assertTrue(Assert.java:54)
at com.erudex.test.login.LoginTestApache.testLogin(LoginTestApache.java:93)
at java.base/java.util.ArrayList.forEach(ArrayList.java:1511)
... Removed 31 stack frames]]>
    </failure>
  </testcase> <!-- testLogin -->
  <testcase classname="com.erudex.test.login.LoginTestApache" name="testLogin" time="0.666">
    <failure type="java.lang.AssertionError">
      <![CDATA[java.lang.AssertionError
at org.junit.Assert.fail(Assert.java:92)
at org.junit.Assert.assertTrue(Assert.java:43)
at org.junit.Assert.assertTrue(Assert.java:54)
at com.erudex.test.login.LoginTestApache.testLogin(LoginTestApache.java:93)
at java.base/java.util.ArrayList.forEach(ArrayList.java:1511)
... Removed 31 stack frames]]>
    </failure>
  </testcase> <!-- testLogin -->
  <testcase classname="com.erudex.test.login.LoginTestApache" name="testLogin" time="0.524">
    <failure type="java.lang.AssertionError">
      <![CDATA[java.lang.AssertionError
at org.junit.Assert.fail(Assert.java:92)
at org.junit.Assert.assertTrue(Assert.java:43)
at org.junit.Assert.assertTrue(Assert.java:54)
at com.erudex.test.login.LoginTestApache.testLogin(LoginTestApache.java:93)
at java.base/java.util.ArrayList.forEach(ArrayList.java:1511)
... Removed 31 stack frames]]>
    </failure>
  </testcase> <!-- testLogin -->
  <testcase classname="com.erudex.test.login.LoginTestApache" name="testLogin" time="0.526">
    <failure type="java.lang.AssertionError">
      <![CDATA[java.lang.AssertionError
at org.junit.Assert.fail(Assert.java:92)
at org.junit.Assert.assertTrue(Assert.java:43)
at org.junit.Assert.assertTrue(Assert.java:54)
at com.erudex.test.login.LoginTestApache.testLogin(LoginTestApache.java:93)
at java.base/java.util.ArrayList.forEach(ArrayList.java:1511)
... Removed 31 stack frames]]>
    </failure>
  </testcase> <!-- testLogin -->
  <testcase classname="com.erudex.test.login.LoginTestApache" name="testLogin" time="0.323">
    <failure type="java.lang.AssertionError">
      <![CDATA[java.lang.AssertionError
at org.junit.Assert.fail(Assert.java:92)
at org.junit.Assert.assertTrue(Assert.java:43)
at org.junit.Assert.assertTrue(Assert.java:54)
at com.erudex.test.login.LoginTestApache.testLogin(LoginTestApache.java:93)
at java.base/java.util.ArrayList.forEach(ArrayList.java:1511)
... Removed 31 stack frames]]>
    </failure>
  </testcase> <!-- testLogin -->
  <testcase classname="com.erudex.test.login.LoginTestApache" name="testLogin" time="0.923">
    <failure type="java.lang.AssertionError">
      <![CDATA[java.lang.AssertionError
at org.junit.Assert.fail(Assert.java:92)
at org.junit.Assert.assertTrue(Assert.java:43)
at org.junit.Assert.assertTrue(Assert.java:54)
at com.erudex.test.login.LoginTestApache.testLogin(LoginTestApache.java:93)
at java.base/java.util.ArrayList.forEach(ArrayList.java:1511)
... Removed 31 stack frames]]>
    </failure>
  </testcase> <!-- testLogin -->
  <testcase classname="com.erudex.test.login.LoginTestApache" name="testLogin" time="0.554">
    <failure type="java.lang.AssertionError">
      <![CDATA[java.lang.AssertionError
at org.junit.Assert.fail(Assert.java:92)
at org.junit.Assert.assertTrue(Assert.java:43)
at org.junit.Assert.assertTrue(Assert.java:54)
at com.erudex.test.login.LoginTestApache.testLogin(LoginTestApache.java:93)
at java.base/java.util.ArrayList.forEach(ArrayList.java:1511)
... Removed 31 stack frames]]>
    </failure>
  </testcase> <!-- testLogin -->
  <testcase classname="com.erudex.test.login.LoginTestApache" name="testLogin" time="0.544">
    <failure type="java.lang.AssertionError">
      <![CDATA[java.lang.AssertionError
at org.junit.Assert.fail(Assert.java:92)
at org.junit.Assert.assertTrue(Assert.java:43)
at org.junit.Assert.assertTrue(Assert.java:54)
at com.erudex.test.login.LoginTestApache.testLogin(LoginTestApache.java:93)
at java.base/java.util.ArrayList.forEach(ArrayList.java:1511)
... Removed 31 stack frames]]>
    </failure>
  </testcase> <!-- testLogin -->
  <testcase classname="com.erudex.test.login.LoginTestApache" name="testLogin" time="0.552">
    <failure type="java.lang.AssertionError">
      <![CDATA[java.lang.AssertionError
at org.junit.Assert.fail(Assert.java:92)
at org.junit.Assert.assertTrue(Assert.java:43)
at org.junit.Assert.assertTrue(Assert.java:54)
at com.erudex.test.login.LoginTestApache.testLogin(LoginTestApache.java:93)
at java.base/java.util.ArrayList.forEach(ArrayList.java:1511)
... Removed 31 stack frames]]>
    </failure>
  </testcase> <!-- testLogin -->
  <testcase classname="com.erudex.test.login.LoginTestApache" name="testLogin" time="0.552">
    <failure type="java.lang.AssertionError">
      <![CDATA[java.lang.AssertionError
at org.junit.Assert.fail(Assert.java:92)
at org.junit.Assert.assertTrue(Assert.java:43)
at org.junit.Assert.assertTrue(Assert.java:54)
at com.erudex.test.login.LoginTestApache.testLogin(LoginTestApache.java:93)
at java.base/java.util.ArrayList.forEach(ArrayList.java:1511)
... Removed 31 stack frames]]>
    </failure>
  </testcase> <!-- testLogin -->
  <testcase classname="com.erudex.test.login.LoginTestApache" name="testLogin" time="0.544">
    <failure type="java.lang.AssertionError">
      <![CDATA[java.lang.AssertionError
at org.junit.Assert.fail(Assert.java:92)
at org.junit.Assert.assertTrue(Assert.java:43)
at org.junit.Assert.assertTrue(Assert.java:54)
at com.erudex.test.login.LoginTestApache.testLogin(LoginTestApache.java:93)
at java.base/java.util.ArrayList.forEach(ArrayList.java:1511)
... Removed 31 stack frames]]>
    </failure>
  </testcase> <!-- testLogin -->
  <testcase classname="com.erudex.test.login.LoginTestApache" name="testLogin" time="0.505">
    <failure type="java.lang.AssertionError">
      <![CDATA[java.lang.AssertionError
at org.junit.Assert.fail(Assert.java:92)
at org.junit.Assert.assertTrue(Assert.java:43)
at org.junit.Assert.assertTrue(Assert.java:54)
at com.erudex.test.login.LoginTestApache.testLogin(LoginTestApache.java:93)
at java.base/java.util.ArrayList.forEach(ArrayList.java:1511)
... Removed 31 stack frames]]>
    </failure>
  </testcase> <!-- testLogin -->
  <testcase classname="com.erudex.test.login.LoginTestApache" name="testLogin" time="0.551">
    <failure type="java.lang.AssertionError">
      <![CDATA[java.lang.AssertionError
at org.junit.Assert.fail(Assert.java:92)
at org.junit.Assert.assertTrue(Assert.java:43)
at org.junit.Assert.assertTrue(Assert.java:54)
at com.erudex.test.login.LoginTestApache.testLogin(LoginTestApache.java:93)
at java.base/java.util.ArrayList.forEach(ArrayList.java:1511)
... Removed 31 stack frames]]>
    </failure>
  </testcase> <!-- testLogin -->
  <testcase classname="com.erudex.test.login.LoginTestApache" name="testLogin" time="0.33">
    <failure type="java.lang.AssertionError">
      <![CDATA[java.lang.AssertionError
at org.junit.Assert.fail(Assert.java:92)
at org.junit.Assert.assertTrue(Assert.java:43)
at org.junit.Assert.assertTrue(Assert.java:54)
at com.erudex.test.login.LoginTestApache.testLogin(LoginTestApache.java:93)
at java.base/java.util.ArrayList.forEach(ArrayList.java:1511)
... Removed 31 stack frames]]>
    </failure>
  </testcase> <!-- testLogin -->
  <testcase classname="com.erudex.test.login.LoginTestApache" name="testLogin" time="0.539">
    <failure type="java.lang.AssertionError">
      <![CDATA[java.lang.AssertionError
at org.junit.Assert.fail(Assert.java:92)
at org.junit.Assert.assertTrue(Assert.java:43)
at org.junit.Assert.assertTrue(Assert.java:54)
at com.erudex.test.login.LoginTestApache.testLogin(LoginTestApache.java:93)
at java.base/java.util.ArrayList.forEach(ArrayList.java:1511)
... Removed 31 stack frames]]>
    </failure>
  </testcase> <!-- testLogin -->
  <testcase classname="com.erudex.test.login.LoginTestApache" name="testLogin" time="0.637">
    <failure type="java.lang.AssertionError">
      <![CDATA[java.lang.AssertionError
at org.junit.Assert.fail(Assert.java:92)
at org.junit.Assert.assertTrue(Assert.java:43)
at org.junit.Assert.assertTrue(Assert.java:54)
at com.erudex.test.login.LoginTestApache.testLogin(LoginTestApache.java:93)
at java.base/java.util.ArrayList.forEach(ArrayList.java:1511)
... Removed 31 stack frames]]>
    </failure>
  </testcase> <!-- testLogin -->
  <testcase classname="com.erudex.test.login.LoginTestApache" name="testLogin" time="0.553">
    <failure type="java.lang.AssertionError">
      <![CDATA[java.lang.AssertionError
at org.junit.Assert.fail(Assert.java:92)
at org.junit.Assert.assertTrue(Assert.java:43)
at org.junit.Assert.assertTrue(Assert.java:54)
at com.erudex.test.login.LoginTestApache.testLogin(LoginTestApache.java:93)
at java.base/java.util.ArrayList.forEach(ArrayList.java:1511)
... Removed 31 stack frames]]>
    </failure>
  </testcase> <!-- testLogin -->
  <testcase classname="com.erudex.test.login.LoginTestApache" name="testLogin" time="0.331">
    <failure type="java.lang.AssertionError">
      <![CDATA[java.lang.AssertionError
at org.junit.Assert.fail(Assert.java:92)
at org.junit.Assert.assertTrue(Assert.java:43)
at org.junit.Assert.assertTrue(Assert.java:54)
at com.erudex.test.login.LoginTestApache.testLogin(LoginTestApache.java:93)
at java.base/java.util.ArrayList.forEach(ArrayList.java:1511)
... Removed 31 stack frames]]>
    </failure>
  </testcase> <!-- testLogin -->
  <testcase classname="com.erudex.test.login.LoginTestApache" name="testLogin" time="0.354">
    <failure type="java.lang.AssertionError">
      <![CDATA[java.lang.AssertionError
at org.junit.Assert.fail(Assert.java:92)
at org.junit.Assert.assertTrue(Assert.java:43)
at org.junit.Assert.assertTrue(Assert.java:54)
at com.erudex.test.login.LoginTestApache.testLogin(LoginTestApache.java:93)
at java.base/java.util.ArrayList.forEach(ArrayList.java:1511)
... Removed 31 stack frames]]>
    </failure>
  </testcase> <!-- testLogin -->
  <testcase classname="com.erudex.test.login.LoginTestApache" name="testLogin" time="0.532">
    <failure type="java.lang.AssertionError">
      <![CDATA[java.lang.AssertionError
at org.junit.Assert.fail(Assert.java:92)
at org.junit.Assert.assertTrue(Assert.java:43)
at org.junit.Assert.assertTrue(Assert.java:54)
at com.erudex.test.login.LoginTestApache.testLogin(LoginTestApache.java:93)
at java.base/java.util.ArrayList.forEach(ArrayList.java:1511)
... Removed 31 stack frames]]>
    </failure>
  </testcase> <!-- testLogin -->
  <testcase classname="com.erudex.test.login.LoginTestApache" name="testLogin" time="0.553">
    <failure type="java.lang.AssertionError">
      <![CDATA[java.lang.AssertionError
at org.junit.Assert.fail(Assert.java:92)
at org.junit.Assert.assertTrue(Assert.java:43)
at org.junit.Assert.assertTrue(Assert.java:54)
at com.erudex.test.login.LoginTestApache.testLogin(LoginTestApache.java:93)
at java.base/java.util.ArrayList.forEach(ArrayList.java:1511)
... Removed 31 stack frames]]>
    </failure>
  </testcase> <!-- testLogin -->
  <testcase classname="com.erudex.test.login.LoginTestApache" name="testLogin" time="0.533">
    <failure type="java.lang.AssertionError">
      <![CDATA[java.lang.AssertionError
at org.junit.Assert.fail(Assert.java:92)
at org.junit.Assert.assertTrue(Assert.java:43)
at org.junit.Assert.assertTrue(Assert.java:54)
at com.erudex.test.login.LoginTestApache.testLogin(LoginTestApache.java:93)
at java.base/java.util.ArrayList.forEach(ArrayList.java:1511)
... Removed 31 stack frames]]>
    </failure>
  </testcase> <!-- testLogin -->
  <testcase classname="com.erudex.test.login.LoginTestApache" name="testLogin" time="0.537">
    <failure type="java.lang.AssertionError">
      <![CDATA[java.lang.AssertionError
at org.junit.Assert.fail(Assert.java:92)
at org.junit.Assert.assertTrue(Assert.java:43)
at org.junit.Assert.assertTrue(Assert.java:54)
at com.erudex.test.login.LoginTestApache.testLogin(LoginTestApache.java:93)
[...]
  <testcase classname="com.erudex.test.login.LoginTestApache" name="testLogoutWithSession" time="1.056"/>
  <testcase classname="com.erudex.test.login.LoginTestApache" name="testLogoutWithSession" time="0.315"/>
  <testcase classname="com.erudex.test.login.LoginTestApache" name="testLogoutWithSession" time="0.523"/>
  <testcase classname="com.erudex.test.login.LoginTestApache" name="testLogoutWithSession" time="0.366"/>
  <testcase classname="com.erudex.test.login.LoginTestApache" name="testLogoutWithSession" time="0.32"/>
  <testcase classname="com.erudex.test.login.LoginTestApache" name="testLogoutWithSession" time="0.363"/>
  <testcase classname="com.erudex.test.login.LoginTestApache" name="testLogoutWithSession" time="0.652"/>
  <testcase classname="com.erudex.test.login.LoginTestApache" name="testLogoutWithSession" time="0.365"/>
  <testcase classname="com.erudex.test.login.LoginTestApache" name="testLogoutWithSession" time="0.67"/>
  <testcase classname="com.erudex.test.login.LoginTestApache" name="testLogoutWithSession" time="0.352"/>
  <testcase classname="com.erudex.test.login.LoginTestApache" name="testLogoutWithSession" time="0.326"/>
  <testcase classname="com.erudex.test.login.LoginTestApache" name="testLogoutWithSession" time="0.669"/>
  <testcase classname="com.erudex.test.login.LoginTestApache" name="testLogoutWithSession" time="0.679"/>
  <testcase classname="com.erudex.test.login.LoginTestApache" name="testLogoutWithSession" time="0.526"/>
  <testcase classname="com.erudex.test.login.LoginTestApache" name="testLogoutWithSession" time="0.684"/>
  <testcase classname="com.erudex.test.login.LoginTestApache" name="testLogoutWithSession" time="0.32"/>
  <testcase classname="com.erudex.test.login.LoginTestApache" name="testLogoutWithSession" time="0.747"/>
  <testcase classname="com.erudex.test.login.LoginTestApache" name="testLogoutWithSession" time="0.37"/>
  <testcase classname="com.erudex.test.login.LoginTestApache" name="testLogoutWithSession" time="0.319"/>
  <testcase classname="com.erudex.test.login.LoginTestApache" name="testLogoutWithSession" time="0.358"/>
  <testcase classname="com.erudex.test.login.LoginTestApache" name="testLogoutWithSession" time="0.372"/>
  <testcase classname="com.erudex.test.login.LoginTestApache" name="testLogoutWithSession" time="0.492"/>
  <testcase classname="com.erudex.test.login.LoginTestApache" name="testLogoutWithSession" time="0.817"/>
  <testcase classname="com.erudex.test.login.LoginTestApache" name="testLogoutWithSession" time="0.329"/>
  <testcase classname="com.erudex.test.login.LoginTestApache" name="testLogoutWithSession" time="0.363"/>
  <testcase classname="com.erudex.test.login.LoginTestApache" name="testLogoutWithSession" time="0.416"/>
  <testcase classname="com.erudex.test.login.LoginTestApache" name="testLogoutWithSession" time="0.537"/>
  <testcase classname="com.erudex.test.login.LoginTestApache" name="testLogoutWithSession" time="0.317"/>
  <testcase classname="com.erudex.test.login.LoginTestApache" name="testLogoutWithSession" time="0.657"/>
  <testcase classname="com.erudex.test.login.LoginTestApache" name="testLogoutWithSession" time="0.525"/>
  <testcase classname="com.erudex.test.login.LoginTestApache" name="testLogoutWithSession" time="0.515"/>
  <testcase classname="com.erudex.test.login.LoginTestApache" name="testLogoutWithSession" time="0.661"/>
  <testcase classname="com.erudex.test.login.LoginTestApache" name="testLogoutWithSession" time="0.364"/>
  <testcase classname="com.erudex.test.login.LoginTestApache" name="testLogoutWithSession" time="0.366"/>
  <testcase classname="com.erudex.test.login.LoginTestApache" name="testLogoutWithSession" time="0.756"/>
  <testcase classname="com.erudex.test.login.LoginTestApache" name="testLogoutWithSession" time="0.689"/>
  <testcase classname="com.erudex.test.login.LoginTestApache" name="testLogoutWithSession" time="0.319"/>
  <testcase classname="com.erudex.test.login.LoginTestApache" name="testLogoutWithSession" time="0.544"/>
  <testcase classname="com.erudex.test.login.LoginTestApache" name="testLogoutWithSession" time="0.525"/>
  <testcase classname="com.erudex.test.login.LoginTestApache" name="testLogoutWithSession" time="0.923"/>
  <testcase classname="com.erudex.test.login.LoginTestApache" name="testLogoutWithSession" time="0.352"/>
  <testcase classname="com.erudex.test.login.LoginTestApache" name="testLogoutWithSession" time="0.367"/>
  <testcase classname="com.erudex.test.login.LoginTestApache" name="testLogoutWithSession" time="0.369"/>
  <testcase classname="com.erudex.test.login.LoginTestApache" name="testLogoutWithSession" time="0.625"/>
  <testcase classname="com.erudex.test.login.LoginTestApache" name="testLogoutWithSession" time="0.624"/>
  <testcase classname="com.erudex.test.login.LoginTestApache" name="testLogoutWithSession" time="0.529"/>
  <testcase classname="com.erudex.test.login.LoginTestApache" name="testLogoutWithSession" time="0.54"/>
  <testcase classname="com.erudex.test.login.LoginTestApache" name="testLogoutWithSession" time="0.32"/>
  <testcase classname="com.erudex.test.login.LoginTestApache" name="testLogoutWithSession" time="0.615"/>
  <testcase classname="com.erudex.test.login.LoginTestApache" name="testLogoutWithSession" time="0.325"/>
  <testcase classname="com.erudex.test.login.LoginTestApache" name="testLogoutWithSession" time="0.489"/>
  <testcase classname="com.erudex.test.login.LoginTestApache" name="testLogoutWithSession" time="0.715"/>
  <testcase classname="com.erudex.test.login.LoginTestApache" name="testLogoutWithSession" time="0.715"/>
  <testcase classname="com.erudex.test.login.LoginTestApache" name="testLogoutWithSession" time="0.364"/>
  <testcase classname="com.erudex.test.login.LoginTestApache" name="testLogoutWithSession" time="0.45"/>
  <testcase classname="com.erudex.test.login.LoginTestApache" name="testLogoutWithSession" time="0.957"/>
  <testcase classname="com.erudex.test.login.LoginTestApache" name="testLogoutWithSession" time="0.458"/>
  <testcase classname="com.erudex.test.login.LoginTestApache" name="testLogoutWithSession" time="0.731"/>
  <testcase classname="com.erudex.test.login.LoginTestApache" name="testLogoutWithSession" time="0.363"/>
  <testcase classname="com.erudex.test.login.LoginTestApache" name="testLogoutWithSession" time="0.429"/>
  <testcase classname="com.erudex.test.login.LoginTestApache" name="testLogoutWithSession" time="0.53"/>
  <testcase classname="com.erudex.test.login.LoginTestApache" name="testLogoutWithSession" time="0.407"/>
  <testcase classname="com.erudex.test.login.LoginTestApache" name="testLogoutWithSession" time="0.32"/>
  <testcase classname="com.erudex.test.login.LoginTestApache" name="testLogoutWithSession" time="0.653"/>
  <testcase classname="com.erudex.test.login.LoginTestApache" name="testLogoutWithSession" time="0.496"/>
  <testcase classname="com.erudex.test.login.LoginTestApache" name="testLogoutWithSession" time="0.92"/>
  <testcase classname="com.erudex.test.login.LoginTestApache" name="testLogoutWithSession" time="0.773"/>
  <testcase classname="com.erudex.test.login.LoginTestApache" name="testLogoutWithSession" time="0.365"/>
  <testcase classname="com.erudex.test.login.LoginTestApache" name="testLogoutWithSession" time="0.443"/>
  <testcase classname="com.erudex.test.login.LoginTestApache" name="testLogoutWithSession" time="0.325"/>
  <testcase classname="com.erudex.test.login.LoginTestApache" name="testLogoutWithSession" time="0.776"/>
  <testcase classname="com.erudex.test.login.LoginTestApache" name="testLogoutWithSession" time="0.743"/>
  <testcase classname="com.erudex.test.login.LoginTestApache" name="testLogoutWithSession" time="0.534"/>
  <testcase classname="com.erudex.test.login.LoginTestApache" name="testLogoutWithSession" time="0.317"/>
  <testcase classname="com.erudex.test.login.LoginTestApache" name="testLogoutWithSession" time="0.325"/>
  <testcase classname="com.erudex.test.login.LoginTestApache" name="testLogoutWithSession" time="0.368"/>
  <testcase classname="com.erudex.test.login.LoginTestApache" name="testLogoutWithSession" time="0.666"/>
  <testcase classname="com.erudex.test.login.LoginTestApache" name="testLogoutWithSession" time="0.363"/>
  <testcase classname="com.erudex.test.login.LoginTestApache" name="testLogoutWithSession" time="0.32"/>
  <testcase classname="com.erudex.test.login.LoginTestApache" name="testLogoutWithSession" time="0.67"/>
  <testcase classname="com.erudex.test.login.LoginTestApache" name="testLogoutWithSession" time="0.326"/>
  <testcase classname="com.erudex.test.login.LoginTestApache" name="testLogoutWithSession" time="0.593"/>
  <testcase classname="com.erudex.test.login.LoginTestApache" name="testLogoutWithSession" time="0.372"/>
  <testcase classname="com.erudex.test.login.LoginTestApache" name="testLogoutWithSession" time="0.674"/>
  <testcase classname="com.erudex.test.login.LoginTestApache" name="testLogoutWithSession" time="0.317"/>
  <testcase classname="com.erudex.test.login.LoginTestApache" name="testLogoutWithSession" time="0.778"/>
  <testcase classname="com.erudex.test.login.LoginTestApache" name="testLogoutWithSession" time="1.107"/>
  <testcase classname="com.erudex.test.login.LoginTestApache" name="testLogoutWithSession" time="0.524"/>
  <testcase classname="com.erudex.test.login.LoginTestApache" name="testLogoutWithSession" time="0.372"/>
  <testcase classname="com.erudex.test.login.LoginTestApache" name="testLogoutWithSession" time="0.324"/>
  <testcase classname="com.erudex.test.login.LoginTestApache" name="testLogoutWithSession" time="0.32"/>
  <testcase classname="com.erudex.test.login.LoginTestApache" name="testLogoutWithSession" time="0.411"/>
  <testcase classname="com.erudex.test.login.LoginTestApache" name="testLogoutWithSession" time="0.408"/>
  <testcase classname="com.erudex.test.login.LoginTestApache" name="testLogoutWithSession" time="0.359"/>
  <testcase classname="com.erudex.test.login.LoginTestApache" name="testLogoutWithSession" time="0.651"/>
  <testcase classname="com.erudex.test.login.LoginTestApache" name="testLogoutWithSession" time="0.825"/>
  <testcase classname="com.erudex.test.login.LoginTestApache" name="testLogoutWithSession" time="0.323"/>
  <testcase classname="com.erudex.test.login.LoginTestApache" name="testLogoutWithSession" time="0.667"/>
  <testcase classname="com.erudex.test.login.LoginTestApache" name="testLogoutWithSession" time="0.531"/>
  <testcase classname="com.erudex.test.login.LoginTestApache" name="testLogoutWithSession" time="0.372"/>
  <testcase classname="com.erudex.test.login.LoginTestApache" name="testLogoutWithSession" time="0.363"/>
  <testcase classname="com.erudex.test.login.LoginTestApache" name="testLogoutWithSession" time="0.474"/>
  <testcase classname="com.erudex.test.login.LoginTestApache" name="testLogoutWithSession" time="1.25"/>
  <testcase classname="com.erudex.test.login.LoginTestApache" name="testLogoutWithSession" time="0.359"/>
  <testcase classname="com.erudex.test.login.LoginTestApache" name="testLogoutWithSession" time="0.665"/>
  <testcase classname="com.erudex.test.login.LoginTestApache" name="testLogoutWithSession" time="0.922"/>
  <testcase classname="com.erudex.test.login.LoginTestApache" name="testLogoutWithSession" time="0.369"/>
  <testcase classname="com.erudex.test.login.LoginTestApache" name="testLogoutWithSession" time="0.714"/>
  <testcase classname="com.erudex.test.login.LoginTestApache" name="testLogoutWithSession" time="0.361"/>
  <testcase classname="com.erudex.test.login.LoginTestApache" name="testLogoutWithSession" time="0.757"/>
  <testcase classname="com.erudex.test.login.LoginTestApache" name="testLogoutWithSession" time="0.714"/>
  <testcase classname="com.erudex.test.login.LoginTestApache" name="testLogoutWithSession" time="0.751"/>
  <testcase classname="com.erudex.test.login.LoginTestApache" name="testLogoutWithSession" time="0.435"/>
  <testcase classname="com.erudex.test.login.LoginTestApache" name="testLogoutWithSession" time="0.54"/>
  <testcase classname="com.erudex.test.login.LoginTestApache" name="testLogoutWithSession" time="0.675"/>
  <testcase classname="com.erudex.test.login.LoginTestApache" name="testLogoutWithSession" time="0.763"/>
  <testcase classname="com.erudex.test.login.LoginTestApache" name="testLogoutWithSession" time="0.362"/>
  <testcase classname="com.erudex.test.login.LoginTestApache" name="testLogoutWithSession" time="0.366"/>
  <testcase classname="com.erudex.test.login.LoginTestApache" name="testLogoutWithSession" time="0.426"/>
  <testcase classname="com.erudex.test.login.LoginTestApache" name="testLogoutWithSession" time="0.379"/>
  <testcase classname="com.erudex.test.login.LoginTestApache" name="testLogoutWithSession" time="0.319"/>
  <testcase classname="com.erudex.test.login.LoginTestApache" name="testLogoutWithSession" time="0.671"/>
  <testcase classname="com.erudex.test.login.LoginTestApache" name="testLogoutWithSession" time="0.747"/>
  <testcase classname="com.erudex.test.login.LoginTestApache" name="testLogoutWithSession" time="0.313"/>
  <testcase classname="com.erudex.test.login.LoginTestApache" name="testLogoutWithSession" time="0.732"/>
  <testcase classname="com.erudex.test.login.LoginTestApache" name="testLogoutWithSession" time="0.361"/>
  <testcase classname="com.erudex.test.login.LoginTestApache" name="testLogoutWithSession" time="0.53"/>
  <testcase classname="com.erudex.test.login.LoginTestApache" name="testLogoutWithSession" time="0.741"/>
  <testcase classname="com.erudex.test.login.LoginTestApache" name="testLogoutWithSession" time="0.322"/>
  <testcase classname="com.erudex.test.login.LoginTestApache" name="testLogoutWithSession" time="0.647"/>
  <testcase classname="com.erudex.test.login.LoginTestApache" name="testLogoutWithSession" time="0.532"/>
  <testcase classname="com.erudex.test.login.LoginTestApache" name="testLogoutWithSession" time="0.333"/>
  <testcase classname="com.erudex.test.login.LoginTestApache" name="testLogoutWithSession" time="0.655"/>
  <testcase classname="com.erudex.test.login.LoginTestApache" name="testLogoutWithSession" time="0.673"/>
  <testcase classname="com.erudex.test.login.LoginTestApache" name="testLogoutWithSession" time="0.838"/>
  <testcase classname="com.erudex.test.login.LoginTestApache" name="testLogoutWithSession" time="0.36"/>
  <testcase classname="com.erudex.test.login.LoginTestApache" name="testLogoutWithSession" time="0.318"/>
  <testcase classname="com.erudex.test.login.LoginTestApache" name="testLogoutWithSession" time="0.589"/>
  <testcase classname="com.erudex.test.login.LoginTestApache" name="testLogoutWithSession" time="0.319"/>
  <testcase classname="com.erudex.test.login.LoginTestApache" name="testLogoutWithSession" time="0.339"/>
  <testcase classname="com.erudex.test.login.LoginTestApache" name="testLogoutWithSession" time="0.367"/>
  <testcase classname="com.erudex.test.login.LoginTestApache" name="testLogoutWithSession" time="0.524"/>
  <testcase classname="com.erudex.test.login.LoginTestApache" name="testLogoutWithSession" time="0.728"/>
  <testcase classname="com.erudex.test.login.LoginTestApache" name="testLogoutWithSession" time="0.422"/>
  <testcase classname="com.erudex.test.login.LoginTestApache" name="testLogoutWithSession" time="0.392"/>
  <testcase classname="com.erudex.test.login.LoginTestApache" name="testLogoutWithSession" time="0.322"/>
  <testcase classname="com.erudex.test.login.LoginTestApache" name="testLogoutWithSession" time="0.884"/>
  <testcase classname="com.erudex.test.login.LoginTestApache" name="testLogoutWithSession" time="0.486"/>
  <testcase classname="com.erudex.test.login.LoginTestApache" name="testLogoutWithSession" time="0.326"/>
  <testcase classname="com.erudex.test.login.LoginTestApache" name="testLogoutWithSession" time="0.429"/>
  <testcase classname="com.erudex.test.login.LoginTestApache" name="testLogoutWithSession" time="0.316"/>
  <testcase classname="com.erudex.test.login.LoginTestApache" name="testLogoutWithSession" time="0.674"/>
  <testcase classname="com.erudex.test.login.LoginTestApache" name="testLogoutWithSession" time="0.539"/>
  <testcase classname="com.erudex.test.login.LoginTestApache" name="testLogoutWithSession" time="0.364"/>
  <testcase classname="com.erudex.test.login.LoginTestApache" name="testLogoutWithSession" time="0.316"/>
  <testcase classname="com.erudex.test.login.LoginTestApache" name="testLogoutWithSession" time="0.74"/>
  <testcase classname="com.erudex.test.login.LoginTestApache" name="testLogoutWithSession" time="0.696"/>
  <testcase classname="com.erudex.test.login.LoginTestApache" name="testLogoutWithSession" time="0.327"/>
  <testcase classname="com.erudex.test.login.LoginTestApache" name="testLogoutWithSession" time="0.325"/>
  <testcase classname="com.erudex.test.login.LoginTestApache" name="testLogoutWithSession" time="0.337"/>
  <testcase classname="com.erudex.test.login.LoginTestApache" name="testLogoutWithSession" time="0.481"/>
  <testcase classname="com.erudex.test.login.LoginTestApache" name="testLogoutWithSession" time="0.661"/>
  <testcase classname="com.erudex.test.login.LoginTestApache" name="testLogoutWithSession" time="0.542"/>
  <testcase classname="com.erudex.test.login.LoginTestApache" name="testLogoutWithSession" time="0.365"/>
  <testcase classname="com.erudex.test.login.LoginTestApache" name="testLogoutWithSession" time="0.553"/>
  <testcase classname="com.erudex.test.login.LoginTestApache" name="testLogoutWithSession" time="0.671"/>
  <testcase classname="com.erudex.test.login.LoginTestApache" name="testLogoutWithSession" time="0.758"/>
  <testcase classname="com.erudex.test.login.LoginTestApache" name="testLogoutWithSession" time="0.317"/>
  <testcase classname="com.erudex.test.login.LoginTestApache" name="testLogoutWithSession" time="0.553"/>
  <testcase classname="com.erudex.test.login.LoginTestApache" name="testLogoutWithSession" time="0.761"/>
  <testcase classname="com.erudex.test.login.LoginTestApache" name="testLogoutWithSession" time="0.366"/>
  <testcase classname="com.erudex.test.login.LoginTestApache" name="testLogoutWithSession" time="0.551"/>
  <testcase classname="com.erudex.test.login.LoginTestApache" name="testLogoutWithSession" time="0.547"/>
  <testcase classname="com.erudex.test.login.LoginTestApache" name="testLogoutWithSession" time="0.677"/>
  <testcase classname="com.erudex.test.login.LoginTestApache" name="testLogoutWithSession" time="0.531"/>
  <testcase classname="com.erudex.test.login.LoginTestApache" name="testLogoutWithSession" time="0.528"/>
  <testcase classname="com.erudex.test.login.LoginTestApache" name="testLogoutWithSession" time="0.368"/>
  <testcase classname="com.erudex.test.login.LoginTestApache" name="testLogoutWithSession" time="0.491"/>
  <testcase classname="com.erudex.test.login.LoginTestApache" name="testLogoutWithSession" time="0.694"/>
  <testcase classname="com.erudex.test.login.LoginTestApache" name="testLogoutWithSession" time="0.325"/>
  <testcase classname="com.erudex.test.login.LoginTestApache" name="testLogoutWithSession" time="0.328"/>
  <testcase classname="com.erudex.test.login.LoginTestApache" name="testLogoutWithSession" time="0.507"/>
  <testcase classname="com.erudex.test.login.LoginTestApache" name="testLogoutWithSession" time="0.407"/>
  <testcase classname="com.erudex.test.login.LoginTestApache" name="testLogoutWithSession" time="0.327"/>
  <testcase classname="com.erudex.test.login.LoginTestApache" name="testLogoutWithSession" time="0.533"/>
  <testcase classname="com.erudex.test.login.LoginTestApache" name="testLogoutWithSession" time="0.363"/>
  <testcase classname="com.erudex.test.login.LoginTestApache" name="testLogoutWithSession" time="0.53"/>
  <testcase classname="com.erudex.test.login.LoginTestApache" name="testLogoutWithSession" time="0.797"/>
</testsuite> <!-- Erudex Apache HTTP Login API  Tests -->
